2026-02-21 20:51:35,640 [INFO] ==================================================
2026-02-21 20:51:35,644 [INFO] ==================================================
2026-02-21 20:52:02,088 [INFO] [INIT] Cerco la finestra di Cookie Clicker su Steam...
2026-02-21 20:52:02,422 [INFO] [WINDOW] Finestra trovata: WindowRect(left=-9, top=-9, width=1938, height=1038)
2026-02-21 20:52:02,425 [INFO] [INIT] Finestra trovata: WindowRect(left=-9, top=-9, width=1938, height=1038)
2026-02-21 20:52:02,439 [WARNING] [SCREEN] 'golden_cookie_template.png' non trovato. Golden Cookie detection disabilitata finché non lo crei. Vedi docstring _load_golden_template() per le istruzioni.
2026-02-21 20:52:02,478 [INFO] [INIT] Prima lettura dello stato del gioco...
2026-02-21 20:52:03,344 [ERROR] [STATE] Errore durante update(): tesseract is not installed or it's not in your PATH. See README file for more information.
Traceback (most recent call last):
  File "C:\Users\Laptop\AppData\Local\Programs\Python\Python314\Lib\site-packages\pytesseract\pytesseract.py", line 275, in run_tesseract
    proc = subprocess.Popen(cmd_args, **subprocess_args())
  File "C:\Users\Laptop\AppData\Local\Programs\Python\Python314\Lib\subprocess.py", line 1038, in __init__
    self._execute_child(args, executable, preexec_fn, close_fds,
    ~~~~~~~~~~~~~~~~~~~^^^^^^^^^^^^^^^^^^^^^^^^^^^^^^^^^^^^^^^^^
                        pass_fds, cwd, env,
                        ^^^^^^^^^^^^^^^^^^^
    ...<5 lines>...
                        gid, gids, uid, umask,
                        ^^^^^^^^^^^^^^^^^^^^^^
                        start_new_session, process_group)
                        ^^^^^^^^^^^^^^^^^^^^^^^^^^^^^^^^^
  File "C:\Users\Laptop\AppData\Local\Programs\Python\Python314\Lib\subprocess.py", line 1552, in _execute_child
    hp, ht, pid, tid = _winapi.CreateProcess(executable, args,
                       ~~~~~~~~~~~~~~~~~~~~~^^^^^^^^^^^^^^^^^^
                             # no special security
                             ^^^^^^^^^^^^^^^^^^^^^
    ...<4 lines>...
                             cwd,
                             ^^^^
                             startupinfo)
                             ^^^^^^^^^^^^
FileNotFoundError: [WinError 2] Impossibile trovare il file specificato

During handling of the above exception, another exception occurred:

Traceback (most recent call last):
  File "C:\Users\Laptop\OneDrive\Desktop\bot cookie clicker\game_state.py", line 70, in update
    self._update_cookies()
    ~~~~~~~~~~~~~~~~~~~~^^
  File "C:\Users\Laptop\OneDrive\Desktop\bot cookie clicker\game_state.py", line 88, in _update_cookies
    val = self.screen_reader.read_cookie_count()
  File "C:\Users\Laptop\OneDrive\Desktop\bot cookie clicker\screen_reader.py", line 304, in read_cookie_count
    text = self._ocr(img)
  File "C:\Users\Laptop\OneDrive\Desktop\bot cookie clicker\screen_reader.py", line 237, in _ocr
    text = pytesseract.image_to_string(
        img,
        config=f"--psm 7 {config_str}".strip()
    )
  File "C:\Users\Laptop\AppData\Local\Programs\Python\Python314\Lib\site-packages\pytesseract\pytesseract.py", line 486, in image_to_string
    return {
           ~
    ...<2 lines>...
        Output.STRING: lambda: run_and_get_output(*args),
        ~~~~~~~~~~~~~~~~~~~~~~~~~~~~~~~~~~~~~~~~~~~~~~~~~
    }[output_type]()
    ~~~~~~~~~~~~~~^^
  File "C:\Users\Laptop\AppData\Local\Programs\Python\Python314\Lib\site-packages\pytesseract\pytesseract.py", line 489, in <lambda>
    Output.STRING: lambda: run_and_get_output(*args),
                           ~~~~~~~~~~~~~~~~~~^^^^^^^
  File "C:\Users\Laptop\AppData\Local\Programs\Python\Python314\Lib\site-packages\pytesseract\pytesseract.py", line 352, in run_and_get_output
    run_tesseract(**kwargs)
    ~~~~~~~~~~~~~^^^^^^^^^^
  File "C:\Users\Laptop\AppData\Local\Programs\Python\Python314\Lib\site-packages\pytesseract\pytesseract.py", line 280, in run_tesseract
    raise TesseractNotFoundError()
pytesseract.pytesseract.TesseractNotFoundError: tesseract is not installed or it's not in your PATH. See README file for more information.
2026-02-21 20:52:03,351 [INFO] [INIT] Stato iniziale: GameState(cookies=0, cps=0.0, buildings=0, upgrades=0)
2026-02-21 20:52:03,351 [INFO] [CLICKER] Avviato — 20 click/sec
2026-02-21 20:52:03,352 [INFO] [THREAD] 'CookieClicker' avviato.
2026-02-21 20:52:03,352 [INFO] [GOLDEN] Scanner avviato — ogni 0.5s
2026-02-21 20:52:03,352 [INFO] [THREAD] 'GoldenCookie' avviato.
2026-02-21 20:52:03,433 [INFO] [BUY] Loop acquisti avviato — ogni 2.0s
2026-02-21 20:52:03,433 [INFO] [THREAD] 'BuyLoop' avviato.
2026-02-21 20:52:03,483 [INFO] 
2026-02-21 20:52:03,493 [INFO] 
2026-02-21 20:52:03,516 [ERROR] [STATE] Errore durante update(): tesseract is not installed or it's not in your PATH. See README file for more information.
Traceback (most recent call last):
  File "C:\Users\Laptop\AppData\Local\Programs\Python\Python314\Lib\site-packages\pytesseract\pytesseract.py", line 275, in run_tesseract
    proc = subprocess.Popen(cmd_args, **subprocess_args())
  File "C:\Users\Laptop\AppData\Local\Programs\Python\Python314\Lib\subprocess.py", line 1038, in __init__
    self._execute_child(args, executable, preexec_fn, close_fds,
    ~~~~~~~~~~~~~~~~~~~^^^^^^^^^^^^^^^^^^^^^^^^^^^^^^^^^^^^^^^^^
                        pass_fds, cwd, env,
                        ^^^^^^^^^^^^^^^^^^^
    ...<5 lines>...
                        gid, gids, uid, umask,
                        ^^^^^^^^^^^^^^^^^^^^^^
                        start_new_session, process_group)
                        ^^^^^^^^^^^^^^^^^^^^^^^^^^^^^^^^^
  File "C:\Users\Laptop\AppData\Local\Programs\Python\Python314\Lib\subprocess.py", line 1552, in _execute_child
    hp, ht, pid, tid = _winapi.CreateProcess(executable, args,
                       ~~~~~~~~~~~~~~~~~~~~~^^^^^^^^^^^^^^^^^^
                             # no special security
                             ^^^^^^^^^^^^^^^^^^^^^
    ...<4 lines>...
                             cwd,
                             ^^^^
                             startupinfo)
                             ^^^^^^^^^^^^
FileNotFoundError: [WinError 2] Impossibile trovare il file specificato

During handling of the above exception, another exception occurred:

Traceback (most recent call last):
  File "C:\Users\Laptop\OneDrive\Desktop\bot cookie clicker\game_state.py", line 70, in update
    self._update_cookies()
    ~~~~~~~~~~~~~~~~~~~~^^
  File "C:\Users\Laptop\OneDrive\Desktop\bot cookie clicker\game_state.py", line 88, in _update_cookies
    val = self.screen_reader.read_cookie_count()
  File "C:\Users\Laptop\OneDrive\Desktop\bot cookie clicker\screen_reader.py", line 304, in read_cookie_count
    text = self._ocr(img)
  File "C:\Users\Laptop\OneDrive\Desktop\bot cookie clicker\screen_reader.py", line 237, in _ocr
    text = pytesseract.image_to_string(
        img,
        config=f"--psm 7 {config_str}".strip()
    )
  File "C:\Users\Laptop\AppData\Local\Programs\Python\Python314\Lib\site-packages\pytesseract\pytesseract.py", line 486, in image_to_string
    return {
           ~
    ...<2 lines>...
        Output.STRING: lambda: run_and_get_output(*args),
        ~~~~~~~~~~~~~~~~~~~~~~~~~~~~~~~~~~~~~~~~~~~~~~~~~
    }[output_type]()
    ~~~~~~~~~~~~~~^^
  File "C:\Users\Laptop\AppData\Local\Programs\Python\Python314\Lib\site-packages\pytesseract\pytesseract.py", line 489, in <lambda>
    Output.STRING: lambda: run_and_get_output(*args),
                           ~~~~~~~~~~~~~~~~~~^^^^^^^
  File "C:\Users\Laptop\AppData\Local\Programs\Python\Python314\Lib\site-packages\pytesseract\pytesseract.py", line 352, in run_and_get_output
    run_tesseract(**kwargs)
    ~~~~~~~~~~~~~^^^^^^^^^^
  File "C:\Users\Laptop\AppData\Local\Programs\Python\Python314\Lib\site-packages\pytesseract\pytesseract.py", line 280, in run_tesseract
    raise TesseractNotFoundError()
pytesseract.pytesseract.TesseractNotFoundError: tesseract is not installed or it's not in your PATH. See README file for more information.
2026-02-21 20:52:05,596 [ERROR] [STATE] Errore durante update(): tesseract is not installed or it's not in your PATH. See README file for more information.
Traceback (most recent call last):
  File "C:\Users\Laptop\AppData\Local\Programs\Python\Python314\Lib\site-packages\pytesseract\pytesseract.py", line 275, in run_tesseract
    proc = subprocess.Popen(cmd_args, **subprocess_args())
  File "C:\Users\Laptop\AppData\Local\Programs\Python\Python314\Lib\subprocess.py", line 1038, in __init__
    self._execute_child(args, executable, preexec_fn, close_fds,
    ~~~~~~~~~~~~~~~~~~~^^^^^^^^^^^^^^^^^^^^^^^^^^^^^^^^^^^^^^^^^
                        pass_fds, cwd, env,
                        ^^^^^^^^^^^^^^^^^^^
    ...<5 lines>...
                        gid, gids, uid, umask,
                        ^^^^^^^^^^^^^^^^^^^^^^
                        start_new_session, process_group)
                        ^^^^^^^^^^^^^^^^^^^^^^^^^^^^^^^^^
  File "C:\Users\Laptop\AppData\Local\Programs\Python\Python314\Lib\subprocess.py", line 1552, in _execute_child
    hp, ht, pid, tid = _winapi.CreateProcess(executable, args,
                       ~~~~~~~~~~~~~~~~~~~~~^^^^^^^^^^^^^^^^^^
                             # no special security
                             ^^^^^^^^^^^^^^^^^^^^^
    ...<4 lines>...
                             cwd,
                             ^^^^
                             startupinfo)
                             ^^^^^^^^^^^^
FileNotFoundError: [WinError 2] Impossibile trovare il file specificato

During handling of the above exception, another exception occurred:

Traceback (most recent call last):
  File "C:\Users\Laptop\OneDrive\Desktop\bot cookie clicker\game_state.py", line 70, in update
    self._update_cookies()
    ~~~~~~~~~~~~~~~~~~~~^^
  File "C:\Users\Laptop\OneDrive\Desktop\bot cookie clicker\game_state.py", line 88, in _update_cookies
    val = self.screen_reader.read_cookie_count()
  File "C:\Users\Laptop\OneDrive\Desktop\bot cookie clicker\screen_reader.py", line 304, in read_cookie_count
    text = self._ocr(img)
  File "C:\Users\Laptop\OneDrive\Desktop\bot cookie clicker\screen_reader.py", line 237, in _ocr
    text = pytesseract.image_to_string(
        img,
        config=f"--psm 7 {config_str}".strip()
    )
  File "C:\Users\Laptop\AppData\Local\Programs\Python\Python314\Lib\site-packages\pytesseract\pytesseract.py", line 486, in image_to_string
    return {
           ~
    ...<2 lines>...
        Output.STRING: lambda: run_and_get_output(*args),
        ~~~~~~~~~~~~~~~~~~~~~~~~~~~~~~~~~~~~~~~~~~~~~~~~~
    }[output_type]()
    ~~~~~~~~~~~~~~^^
  File "C:\Users\Laptop\AppData\Local\Programs\Python\Python314\Lib\site-packages\pytesseract\pytesseract.py", line 489, in <lambda>
    Output.STRING: lambda: run_and_get_output(*args),
                           ~~~~~~~~~~~~~~~~~~^^^^^^^
  File "C:\Users\Laptop\AppData\Local\Programs\Python\Python314\Lib\site-packages\pytesseract\pytesseract.py", line 352, in run_and_get_output
    run_tesseract(**kwargs)
    ~~~~~~~~~~~~~^^^^^^^^^^
  File "C:\Users\Laptop\AppData\Local\Programs\Python\Python314\Lib\site-packages\pytesseract\pytesseract.py", line 280, in run_tesseract
    raise TesseractNotFoundError()
pytesseract.pytesseract.TesseractNotFoundError: tesseract is not installed or it's not in your PATH. See README file for more information.
2026-02-21 20:52:07,885 [ERROR] [STATE] Errore durante update(): tesseract is not installed or it's not in your PATH. See README file for more information.
Traceback (most recent call last):
  File "C:\Users\Laptop\AppData\Local\Programs\Python\Python314\Lib\site-packages\pytesseract\pytesseract.py", line 275, in run_tesseract
    proc = subprocess.Popen(cmd_args, **subprocess_args())
  File "C:\Users\Laptop\AppData\Local\Programs\Python\Python314\Lib\subprocess.py", line 1038, in __init__
    self._execute_child(args, executable, preexec_fn, close_fds,
    ~~~~~~~~~~~~~~~~~~~^^^^^^^^^^^^^^^^^^^^^^^^^^^^^^^^^^^^^^^^^
                        pass_fds, cwd, env,
                        ^^^^^^^^^^^^^^^^^^^
    ...<5 lines>...
                        gid, gids, uid, umask,
                        ^^^^^^^^^^^^^^^^^^^^^^
                        start_new_session, process_group)
                        ^^^^^^^^^^^^^^^^^^^^^^^^^^^^^^^^^
  File "C:\Users\Laptop\AppData\Local\Programs\Python\Python314\Lib\subprocess.py", line 1552, in _execute_child
    hp, ht, pid, tid = _winapi.CreateProcess(executable, args,
                       ~~~~~~~~~~~~~~~~~~~~~^^^^^^^^^^^^^^^^^^
                             # no special security
                             ^^^^^^^^^^^^^^^^^^^^^
    ...<4 lines>...
                             cwd,
                             ^^^^
                             startupinfo)
                             ^^^^^^^^^^^^
FileNotFoundError: [WinError 2] Impossibile trovare il file specificato

During handling of the above exception, another exception occurred:

Traceback (most recent call last):
  File "C:\Users\Laptop\OneDrive\Desktop\bot cookie clicker\game_state.py", line 70, in update
    self._update_cookies()
    ~~~~~~~~~~~~~~~~~~~~^^
  File "C:\Users\Laptop\OneDrive\Desktop\bot cookie clicker\game_state.py", line 88, in _update_cookies
    val = self.screen_reader.read_cookie_count()
  File "C:\Users\Laptop\OneDrive\Desktop\bot cookie clicker\screen_reader.py", line 304, in read_cookie_count
    text = self._ocr(img)
  File "C:\Users\Laptop\OneDrive\Desktop\bot cookie clicker\screen_reader.py", line 237, in _ocr
    text = pytesseract.image_to_string(
        img,
        config=f"--psm 7 {config_str}".strip()
    )
  File "C:\Users\Laptop\AppData\Local\Programs\Python\Python314\Lib\site-packages\pytesseract\pytesseract.py", line 486, in image_to_string
    return {
           ~
    ...<2 lines>...
        Output.STRING: lambda: run_and_get_output(*args),
        ~~~~~~~~~~~~~~~~~~~~~~~~~~~~~~~~~~~~~~~~~~~~~~~~~
    }[output_type]()
    ~~~~~~~~~~~~~~^^
  File "C:\Users\Laptop\AppData\Local\Programs\Python\Python314\Lib\site-packages\pytesseract\pytesseract.py", line 489, in <lambda>
    Output.STRING: lambda: run_and_get_output(*args),
                           ~~~~~~~~~~~~~~~~~~^^^^^^^
  File "C:\Users\Laptop\AppData\Local\Programs\Python\Python314\Lib\site-packages\pytesseract\pytesseract.py", line 352, in run_and_get_output
    run_tesseract(**kwargs)
    ~~~~~~~~~~~~~^^^^^^^^^^
  File "C:\Users\Laptop\AppData\Local\Programs\Python\Python314\Lib\site-packages\pytesseract\pytesseract.py", line 280, in run_tesseract
    raise TesseractNotFoundError()
pytesseract.pytesseract.TesseractNotFoundError: tesseract is not installed or it's not in your PATH. See README file for more information.
2026-02-21 20:52:10,106 [ERROR] [STATE] Errore durante update(): tesseract is not installed or it's not in your PATH. See README file for more information.
Traceback (most recent call last):
  File "C:\Users\Laptop\AppData\Local\Programs\Python\Python314\Lib\site-packages\pytesseract\pytesseract.py", line 275, in run_tesseract
    proc = subprocess.Popen(cmd_args, **subprocess_args())
  File "C:\Users\Laptop\AppData\Local\Programs\Python\Python314\Lib\subprocess.py", line 1038, in __init__
    self._execute_child(args, executable, preexec_fn, close_fds,
    ~~~~~~~~~~~~~~~~~~~^^^^^^^^^^^^^^^^^^^^^^^^^^^^^^^^^^^^^^^^^
                        pass_fds, cwd, env,
                        ^^^^^^^^^^^^^^^^^^^
    ...<5 lines>...
                        gid, gids, uid, umask,
                        ^^^^^^^^^^^^^^^^^^^^^^
                        start_new_session, process_group)
                        ^^^^^^^^^^^^^^^^^^^^^^^^^^^^^^^^^
  File "C:\Users\Laptop\AppData\Local\Programs\Python\Python314\Lib\subprocess.py", line 1552, in _execute_child
    hp, ht, pid, tid = _winapi.CreateProcess(executable, args,
                       ~~~~~~~~~~~~~~~~~~~~~^^^^^^^^^^^^^^^^^^
                             # no special security
                             ^^^^^^^^^^^^^^^^^^^^^
    ...<4 lines>...
                             cwd,
                             ^^^^
                             startupinfo)
                             ^^^^^^^^^^^^
FileNotFoundError: [WinError 2] Impossibile trovare il file specificato

During handling of the above exception, another exception occurred:

Traceback (most recent call last):
  File "C:\Users\Laptop\OneDrive\Desktop\bot cookie clicker\game_state.py", line 70, in update
    self._update_cookies()
    ~~~~~~~~~~~~~~~~~~~~^^
  File "C:\Users\Laptop\OneDrive\Desktop\bot cookie clicker\game_state.py", line 88, in _update_cookies
    val = self.screen_reader.read_cookie_count()
  File "C:\Users\Laptop\OneDrive\Desktop\bot cookie clicker\screen_reader.py", line 304, in read_cookie_count
    text = self._ocr(img)
  File "C:\Users\Laptop\OneDrive\Desktop\bot cookie clicker\screen_reader.py", line 237, in _ocr
    text = pytesseract.image_to_string(
        img,
        config=f"--psm 7 {config_str}".strip()
    )
  File "C:\Users\Laptop\AppData\Local\Programs\Python\Python314\Lib\site-packages\pytesseract\pytesseract.py", line 486, in image_to_string
    return {
           ~
    ...<2 lines>...
        Output.STRING: lambda: run_and_get_output(*args),
        ~~~~~~~~~~~~~~~~~~~~~~~~~~~~~~~~~~~~~~~~~~~~~~~~~
    }[output_type]()
    ~~~~~~~~~~~~~~^^
  File "C:\Users\Laptop\AppData\Local\Programs\Python\Python314\Lib\site-packages\pytesseract\pytesseract.py", line 489, in <lambda>
    Output.STRING: lambda: run_and_get_output(*args),
                           ~~~~~~~~~~~~~~~~~~^^^^^^^
  File "C:\Users\Laptop\AppData\Local\Programs\Python\Python314\Lib\site-packages\pytesseract\pytesseract.py", line 352, in run_and_get_output
    run_tesseract(**kwargs)
    ~~~~~~~~~~~~~^^^^^^^^^^
  File "C:\Users\Laptop\AppData\Local\Programs\Python\Python314\Lib\site-packages\pytesseract\pytesseract.py", line 280, in run_tesseract
    raise TesseractNotFoundError()
pytesseract.pytesseract.TesseractNotFoundError: tesseract is not installed or it's not in your PATH. See README file for more information.
2026-02-21 20:52:12,196 [ERROR] [STATE] Errore durante update(): tesseract is not installed or it's not in your PATH. See README file for more information.
Traceback (most recent call last):
  File "C:\Users\Laptop\AppData\Local\Programs\Python\Python314\Lib\site-packages\pytesseract\pytesseract.py", line 275, in run_tesseract
    proc = subprocess.Popen(cmd_args, **subprocess_args())
  File "C:\Users\Laptop\AppData\Local\Programs\Python\Python314\Lib\subprocess.py", line 1038, in __init__
    self._execute_child(args, executable, preexec_fn, close_fds,
    ~~~~~~~~~~~~~~~~~~~^^^^^^^^^^^^^^^^^^^^^^^^^^^^^^^^^^^^^^^^^
                        pass_fds, cwd, env,
                        ^^^^^^^^^^^^^^^^^^^
    ...<5 lines>...
                        gid, gids, uid, umask,
                        ^^^^^^^^^^^^^^^^^^^^^^
                        start_new_session, process_group)
                        ^^^^^^^^^^^^^^^^^^^^^^^^^^^^^^^^^
  File "C:\Users\Laptop\AppData\Local\Programs\Python\Python314\Lib\subprocess.py", line 1552, in _execute_child
    hp, ht, pid, tid = _winapi.CreateProcess(executable, args,
                       ~~~~~~~~~~~~~~~~~~~~~^^^^^^^^^^^^^^^^^^
                             # no special security
                             ^^^^^^^^^^^^^^^^^^^^^
    ...<4 lines>...
                             cwd,
                             ^^^^
                             startupinfo)
                             ^^^^^^^^^^^^
FileNotFoundError: [WinError 2] Impossibile trovare il file specificato

During handling of the above exception, another exception occurred:

Traceback (most recent call last):
  File "C:\Users\Laptop\OneDrive\Desktop\bot cookie clicker\game_state.py", line 70, in update
    self._update_cookies()
    ~~~~~~~~~~~~~~~~~~~~^^
  File "C:\Users\Laptop\OneDrive\Desktop\bot cookie clicker\game_state.py", line 88, in _update_cookies
    val = self.screen_reader.read_cookie_count()
  File "C:\Users\Laptop\OneDrive\Desktop\bot cookie clicker\screen_reader.py", line 304, in read_cookie_count
    text = self._ocr(img)
  File "C:\Users\Laptop\OneDrive\Desktop\bot cookie clicker\screen_reader.py", line 237, in _ocr
    text = pytesseract.image_to_string(
        img,
        config=f"--psm 7 {config_str}".strip()
    )
  File "C:\Users\Laptop\AppData\Local\Programs\Python\Python314\Lib\site-packages\pytesseract\pytesseract.py", line 486, in image_to_string
    return {
           ~
    ...<2 lines>...
        Output.STRING: lambda: run_and_get_output(*args),
        ~~~~~~~~~~~~~~~~~~~~~~~~~~~~~~~~~~~~~~~~~~~~~~~~~
    }[output_type]()
    ~~~~~~~~~~~~~~^^
  File "C:\Users\Laptop\AppData\Local\Programs\Python\Python314\Lib\site-packages\pytesseract\pytesseract.py", line 489, in <lambda>
    Output.STRING: lambda: run_and_get_output(*args),
                           ~~~~~~~~~~~~~~~~~~^^^^^^^
  File "C:\Users\Laptop\AppData\Local\Programs\Python\Python314\Lib\site-packages\pytesseract\pytesseract.py", line 352, in run_and_get_output
    run_tesseract(**kwargs)
    ~~~~~~~~~~~~~^^^^^^^^^^
  File "C:\Users\Laptop\AppData\Local\Programs\Python\Python314\Lib\site-packages\pytesseract\pytesseract.py", line 280, in run_tesseract
    raise TesseractNotFoundError()
pytesseract.pytesseract.TesseractNotFoundError: tesseract is not installed or it's not in your PATH. See README file for more information.
2026-02-21 20:52:14,364 [ERROR] [STATE] Errore durante update(): tesseract is not installed or it's not in your PATH. See README file for more information.
Traceback (most recent call last):
  File "C:\Users\Laptop\AppData\Local\Programs\Python\Python314\Lib\site-packages\pytesseract\pytesseract.py", line 275, in run_tesseract
    proc = subprocess.Popen(cmd_args, **subprocess_args())
  File "C:\Users\Laptop\AppData\Local\Programs\Python\Python314\Lib\subprocess.py", line 1038, in __init__
    self._execute_child(args, executable, preexec_fn, close_fds,
    ~~~~~~~~~~~~~~~~~~~^^^^^^^^^^^^^^^^^^^^^^^^^^^^^^^^^^^^^^^^^
                        pass_fds, cwd, env,
                        ^^^^^^^^^^^^^^^^^^^
    ...<5 lines>...
                        gid, gids, uid, umask,
                        ^^^^^^^^^^^^^^^^^^^^^^
                        start_new_session, process_group)
                        ^^^^^^^^^^^^^^^^^^^^^^^^^^^^^^^^^
  File "C:\Users\Laptop\AppData\Local\Programs\Python\Python314\Lib\subprocess.py", line 1552, in _execute_child
    hp, ht, pid, tid = _winapi.CreateProcess(executable, args,
                       ~~~~~~~~~~~~~~~~~~~~~^^^^^^^^^^^^^^^^^^
                             # no special security
                             ^^^^^^^^^^^^^^^^^^^^^
    ...<4 lines>...
                             cwd,
                             ^^^^
                             startupinfo)
                             ^^^^^^^^^^^^
FileNotFoundError: [WinError 2] Impossibile trovare il file specificato

During handling of the above exception, another exception occurred:

Traceback (most recent call last):
  File "C:\Users\Laptop\OneDrive\Desktop\bot cookie clicker\game_state.py", line 70, in update
    self._update_cookies()
    ~~~~~~~~~~~~~~~~~~~~^^
  File "C:\Users\Laptop\OneDrive\Desktop\bot cookie clicker\game_state.py", line 88, in _update_cookies
    val = self.screen_reader.read_cookie_count()
  File "C:\Users\Laptop\OneDrive\Desktop\bot cookie clicker\screen_reader.py", line 304, in read_cookie_count
    text = self._ocr(img)
  File "C:\Users\Laptop\OneDrive\Desktop\bot cookie clicker\screen_reader.py", line 237, in _ocr
    text = pytesseract.image_to_string(
        img,
        config=f"--psm 7 {config_str}".strip()
    )
  File "C:\Users\Laptop\AppData\Local\Programs\Python\Python314\Lib\site-packages\pytesseract\pytesseract.py", line 486, in image_to_string
    return {
           ~
    ...<2 lines>...
        Output.STRING: lambda: run_and_get_output(*args),
        ~~~~~~~~~~~~~~~~~~~~~~~~~~~~~~~~~~~~~~~~~~~~~~~~~
    }[output_type]()
    ~~~~~~~~~~~~~~^^
  File "C:\Users\Laptop\AppData\Local\Programs\Python\Python314\Lib\site-packages\pytesseract\pytesseract.py", line 489, in <lambda>
    Output.STRING: lambda: run_and_get_output(*args),
                           ~~~~~~~~~~~~~~~~~~^^^^^^^
  File "C:\Users\Laptop\AppData\Local\Programs\Python\Python314\Lib\site-packages\pytesseract\pytesseract.py", line 352, in run_and_get_output
    run_tesseract(**kwargs)
    ~~~~~~~~~~~~~^^^^^^^^^^
  File "C:\Users\Laptop\AppData\Local\Programs\Python\Python314\Lib\site-packages\pytesseract\pytesseract.py", line 280, in run_tesseract
    raise TesseractNotFoundError()
pytesseract.pytesseract.TesseractNotFoundError: tesseract is not installed or it's not in your PATH. See README file for more information.
2026-02-21 20:52:16,506 [ERROR] [STATE] Errore durante update(): tesseract is not installed or it's not in your PATH. See README file for more information.
Traceback (most recent call last):
  File "C:\Users\Laptop\AppData\Local\Programs\Python\Python314\Lib\site-packages\pytesseract\pytesseract.py", line 275, in run_tesseract
    proc = subprocess.Popen(cmd_args, **subprocess_args())
  File "C:\Users\Laptop\AppData\Local\Programs\Python\Python314\Lib\subprocess.py", line 1038, in __init__
    self._execute_child(args, executable, preexec_fn, close_fds,
    ~~~~~~~~~~~~~~~~~~~^^^^^^^^^^^^^^^^^^^^^^^^^^^^^^^^^^^^^^^^^
                        pass_fds, cwd, env,
                        ^^^^^^^^^^^^^^^^^^^
    ...<5 lines>...
                        gid, gids, uid, umask,
                        ^^^^^^^^^^^^^^^^^^^^^^
                        start_new_session, process_group)
                        ^^^^^^^^^^^^^^^^^^^^^^^^^^^^^^^^^
  File "C:\Users\Laptop\AppData\Local\Programs\Python\Python314\Lib\subprocess.py", line 1552, in _execute_child
    hp, ht, pid, tid = _winapi.CreateProcess(executable, args,
                       ~~~~~~~~~~~~~~~~~~~~~^^^^^^^^^^^^^^^^^^
                             # no special security
                             ^^^^^^^^^^^^^^^^^^^^^
    ...<4 lines>...
                             cwd,
                             ^^^^
                             startupinfo)
                             ^^^^^^^^^^^^
FileNotFoundError: [WinError 2] Impossibile trovare il file specificato

During handling of the above exception, another exception occurred:

Traceback (most recent call last):
  File "C:\Users\Laptop\OneDrive\Desktop\bot cookie clicker\game_state.py", line 70, in update
    self._update_cookies()
    ~~~~~~~~~~~~~~~~~~~~^^
  File "C:\Users\Laptop\OneDrive\Desktop\bot cookie clicker\game_state.py", line 88, in _update_cookies
    val = self.screen_reader.read_cookie_count()
  File "C:\Users\Laptop\OneDrive\Desktop\bot cookie clicker\screen_reader.py", line 304, in read_cookie_count
    text = self._ocr(img)
  File "C:\Users\Laptop\OneDrive\Desktop\bot cookie clicker\screen_reader.py", line 237, in _ocr
    text = pytesseract.image_to_string(
        img,
        config=f"--psm 7 {config_str}".strip()
    )
  File "C:\Users\Laptop\AppData\Local\Programs\Python\Python314\Lib\site-packages\pytesseract\pytesseract.py", line 486, in image_to_string
    return {
           ~
    ...<2 lines>...
        Output.STRING: lambda: run_and_get_output(*args),
        ~~~~~~~~~~~~~~~~~~~~~~~~~~~~~~~~~~~~~~~~~~~~~~~~~
    }[output_type]()
    ~~~~~~~~~~~~~~^^
  File "C:\Users\Laptop\AppData\Local\Programs\Python\Python314\Lib\site-packages\pytesseract\pytesseract.py", line 489, in <lambda>
    Output.STRING: lambda: run_and_get_output(*args),
                           ~~~~~~~~~~~~~~~~~~^^^^^^^
  File "C:\Users\Laptop\AppData\Local\Programs\Python\Python314\Lib\site-packages\pytesseract\pytesseract.py", line 352, in run_and_get_output
    run_tesseract(**kwargs)
    ~~~~~~~~~~~~~^^^^^^^^^^
  File "C:\Users\Laptop\AppData\Local\Programs\Python\Python314\Lib\site-packages\pytesseract\pytesseract.py", line 280, in run_tesseract
    raise TesseractNotFoundError()
pytesseract.pytesseract.TesseractNotFoundError: tesseract is not installed or it's not in your PATH. See README file for more information.
2026-02-21 20:52:18,634 [ERROR] [STATE] Errore durante update(): tesseract is not installed or it's not in your PATH. See README file for more information.
Traceback (most recent call last):
  File "C:\Users\Laptop\AppData\Local\Programs\Python\Python314\Lib\site-packages\pytesseract\pytesseract.py", line 275, in run_tesseract
    proc = subprocess.Popen(cmd_args, **subprocess_args())
  File "C:\Users\Laptop\AppData\Local\Programs\Python\Python314\Lib\subprocess.py", line 1038, in __init__
    self._execute_child(args, executable, preexec_fn, close_fds,
    ~~~~~~~~~~~~~~~~~~~^^^^^^^^^^^^^^^^^^^^^^^^^^^^^^^^^^^^^^^^^
                        pass_fds, cwd, env,
                        ^^^^^^^^^^^^^^^^^^^
    ...<5 lines>...
                        gid, gids, uid, umask,
                        ^^^^^^^^^^^^^^^^^^^^^^
                        start_new_session, process_group)
                        ^^^^^^^^^^^^^^^^^^^^^^^^^^^^^^^^^
  File "C:\Users\Laptop\AppData\Local\Programs\Python\Python314\Lib\subprocess.py", line 1552, in _execute_child
    hp, ht, pid, tid = _winapi.CreateProcess(executable, args,
                       ~~~~~~~~~~~~~~~~~~~~~^^^^^^^^^^^^^^^^^^
                             # no special security
                             ^^^^^^^^^^^^^^^^^^^^^
    ...<4 lines>...
                             cwd,
                             ^^^^
                             startupinfo)
                             ^^^^^^^^^^^^
FileNotFoundError: [WinError 2] Impossibile trovare il file specificato

During handling of the above exception, another exception occurred:

Traceback (most recent call last):
  File "C:\Users\Laptop\OneDrive\Desktop\bot cookie clicker\game_state.py", line 70, in update
    self._update_cookies()
    ~~~~~~~~~~~~~~~~~~~~^^
  File "C:\Users\Laptop\OneDrive\Desktop\bot cookie clicker\game_state.py", line 88, in _update_cookies
    val = self.screen_reader.read_cookie_count()
  File "C:\Users\Laptop\OneDrive\Desktop\bot cookie clicker\screen_reader.py", line 304, in read_cookie_count
    text = self._ocr(img)
  File "C:\Users\Laptop\OneDrive\Desktop\bot cookie clicker\screen_reader.py", line 237, in _ocr
    text = pytesseract.image_to_string(
        img,
        config=f"--psm 7 {config_str}".strip()
    )
  File "C:\Users\Laptop\AppData\Local\Programs\Python\Python314\Lib\site-packages\pytesseract\pytesseract.py", line 486, in image_to_string
    return {
           ~
    ...<2 lines>...
        Output.STRING: lambda: run_and_get_output(*args),
        ~~~~~~~~~~~~~~~~~~~~~~~~~~~~~~~~~~~~~~~~~~~~~~~~~
    }[output_type]()
    ~~~~~~~~~~~~~~^^
  File "C:\Users\Laptop\AppData\Local\Programs\Python\Python314\Lib\site-packages\pytesseract\pytesseract.py", line 489, in <lambda>
    Output.STRING: lambda: run_and_get_output(*args),
                           ~~~~~~~~~~~~~~~~~~^^^^^^^
  File "C:\Users\Laptop\AppData\Local\Programs\Python\Python314\Lib\site-packages\pytesseract\pytesseract.py", line 352, in run_and_get_output
    run_tesseract(**kwargs)
    ~~~~~~~~~~~~~^^^^^^^^^^
  File "C:\Users\Laptop\AppData\Local\Programs\Python\Python314\Lib\site-packages\pytesseract\pytesseract.py", line 280, in run_tesseract
    raise TesseractNotFoundError()
pytesseract.pytesseract.TesseractNotFoundError: tesseract is not installed or it's not in your PATH. See README file for more information.
2026-02-21 20:52:20,736 [ERROR] [STATE] Errore durante update(): tesseract is not installed or it's not in your PATH. See README file for more information.
Traceback (most recent call last):
  File "C:\Users\Laptop\AppData\Local\Programs\Python\Python314\Lib\site-packages\pytesseract\pytesseract.py", line 275, in run_tesseract
    proc = subprocess.Popen(cmd_args, **subprocess_args())
  File "C:\Users\Laptop\AppData\Local\Programs\Python\Python314\Lib\subprocess.py", line 1038, in __init__
    self._execute_child(args, executable, preexec_fn, close_fds,
    ~~~~~~~~~~~~~~~~~~~^^^^^^^^^^^^^^^^^^^^^^^^^^^^^^^^^^^^^^^^^
                        pass_fds, cwd, env,
                        ^^^^^^^^^^^^^^^^^^^
    ...<5 lines>...
                        gid, gids, uid, umask,
                        ^^^^^^^^^^^^^^^^^^^^^^
                        start_new_session, process_group)
                        ^^^^^^^^^^^^^^^^^^^^^^^^^^^^^^^^^
  File "C:\Users\Laptop\AppData\Local\Programs\Python\Python314\Lib\subprocess.py", line 1552, in _execute_child
    hp, ht, pid, tid = _winapi.CreateProcess(executable, args,
                       ~~~~~~~~~~~~~~~~~~~~~^^^^^^^^^^^^^^^^^^
                             # no special security
                             ^^^^^^^^^^^^^^^^^^^^^
    ...<4 lines>...
                             cwd,
                             ^^^^
                             startupinfo)
                             ^^^^^^^^^^^^
FileNotFoundError: [WinError 2] Impossibile trovare il file specificato

During handling of the above exception, another exception occurred:

Traceback (most recent call last):
  File "C:\Users\Laptop\OneDrive\Desktop\bot cookie clicker\game_state.py", line 70, in update
    self._update_cookies()
    ~~~~~~~~~~~~~~~~~~~~^^
  File "C:\Users\Laptop\OneDrive\Desktop\bot cookie clicker\game_state.py", line 88, in _update_cookies
    val = self.screen_reader.read_cookie_count()
  File "C:\Users\Laptop\OneDrive\Desktop\bot cookie clicker\screen_reader.py", line 304, in read_cookie_count
    text = self._ocr(img)
  File "C:\Users\Laptop\OneDrive\Desktop\bot cookie clicker\screen_reader.py", line 237, in _ocr
    text = pytesseract.image_to_string(
        img,
        config=f"--psm 7 {config_str}".strip()
    )
  File "C:\Users\Laptop\AppData\Local\Programs\Python\Python314\Lib\site-packages\pytesseract\pytesseract.py", line 486, in image_to_string
    return {
           ~
    ...<2 lines>...
        Output.STRING: lambda: run_and_get_output(*args),
        ~~~~~~~~~~~~~~~~~~~~~~~~~~~~~~~~~~~~~~~~~~~~~~~~~
    }[output_type]()
    ~~~~~~~~~~~~~~^^
  File "C:\Users\Laptop\AppData\Local\Programs\Python\Python314\Lib\site-packages\pytesseract\pytesseract.py", line 489, in <lambda>
    Output.STRING: lambda: run_and_get_output(*args),
                           ~~~~~~~~~~~~~~~~~~^^^^^^^
  File "C:\Users\Laptop\AppData\Local\Programs\Python\Python314\Lib\site-packages\pytesseract\pytesseract.py", line 352, in run_and_get_output
    run_tesseract(**kwargs)
    ~~~~~~~~~~~~~^^^^^^^^^^
  File "C:\Users\Laptop\AppData\Local\Programs\Python\Python314\Lib\site-packages\pytesseract\pytesseract.py", line 280, in run_tesseract
    raise TesseractNotFoundError()
pytesseract.pytesseract.TesseractNotFoundError: tesseract is not installed or it's not in your PATH. See README file for more information.
2026-02-21 20:52:22,910 [ERROR] [STATE] Errore durante update(): tesseract is not installed or it's not in your PATH. See README file for more information.
Traceback (most recent call last):
  File "C:\Users\Laptop\AppData\Local\Programs\Python\Python314\Lib\site-packages\pytesseract\pytesseract.py", line 275, in run_tesseract
    proc = subprocess.Popen(cmd_args, **subprocess_args())
  File "C:\Users\Laptop\AppData\Local\Programs\Python\Python314\Lib\subprocess.py", line 1038, in __init__
    self._execute_child(args, executable, preexec_fn, close_fds,
    ~~~~~~~~~~~~~~~~~~~^^^^^^^^^^^^^^^^^^^^^^^^^^^^^^^^^^^^^^^^^
                        pass_fds, cwd, env,
                        ^^^^^^^^^^^^^^^^^^^
    ...<5 lines>...
                        gid, gids, uid, umask,
                        ^^^^^^^^^^^^^^^^^^^^^^
                        start_new_session, process_group)
                        ^^^^^^^^^^^^^^^^^^^^^^^^^^^^^^^^^
  File "C:\Users\Laptop\AppData\Local\Programs\Python\Python314\Lib\subprocess.py", line 1552, in _execute_child
    hp, ht, pid, tid = _winapi.CreateProcess(executable, args,
                       ~~~~~~~~~~~~~~~~~~~~~^^^^^^^^^^^^^^^^^^
                             # no special security
                             ^^^^^^^^^^^^^^^^^^^^^
    ...<4 lines>...
                             cwd,
                             ^^^^
                             startupinfo)
                             ^^^^^^^^^^^^
FileNotFoundError: [WinError 2] Impossibile trovare il file specificato

During handling of the above exception, another exception occurred:

Traceback (most recent call last):
  File "C:\Users\Laptop\OneDrive\Desktop\bot cookie clicker\game_state.py", line 70, in update
    self._update_cookies()
    ~~~~~~~~~~~~~~~~~~~~^^
  File "C:\Users\Laptop\OneDrive\Desktop\bot cookie clicker\game_state.py", line 88, in _update_cookies
    val = self.screen_reader.read_cookie_count()
  File "C:\Users\Laptop\OneDrive\Desktop\bot cookie clicker\screen_reader.py", line 304, in read_cookie_count
    text = self._ocr(img)
  File "C:\Users\Laptop\OneDrive\Desktop\bot cookie clicker\screen_reader.py", line 237, in _ocr
    text = pytesseract.image_to_string(
        img,
        config=f"--psm 7 {config_str}".strip()
    )
  File "C:\Users\Laptop\AppData\Local\Programs\Python\Python314\Lib\site-packages\pytesseract\pytesseract.py", line 486, in image_to_string
    return {
           ~
    ...<2 lines>...
        Output.STRING: lambda: run_and_get_output(*args),
        ~~~~~~~~~~~~~~~~~~~~~~~~~~~~~~~~~~~~~~~~~~~~~~~~~
    }[output_type]()
    ~~~~~~~~~~~~~~^^
  File "C:\Users\Laptop\AppData\Local\Programs\Python\Python314\Lib\site-packages\pytesseract\pytesseract.py", line 489, in <lambda>
    Output.STRING: lambda: run_and_get_output(*args),
                           ~~~~~~~~~~~~~~~~~~^^^^^^^
  File "C:\Users\Laptop\AppData\Local\Programs\Python\Python314\Lib\site-packages\pytesseract\pytesseract.py", line 352, in run_and_get_output
    run_tesseract(**kwargs)
    ~~~~~~~~~~~~~^^^^^^^^^^
  File "C:\Users\Laptop\AppData\Local\Programs\Python\Python314\Lib\site-packages\pytesseract\pytesseract.py", line 280, in run_tesseract
    raise TesseractNotFoundError()
pytesseract.pytesseract.TesseractNotFoundError: tesseract is not installed or it's not in your PATH. See README file for more information.
2026-02-21 20:52:24,987 [ERROR] [STATE] Errore durante update(): tesseract is not installed or it's not in your PATH. See README file for more information.
Traceback (most recent call last):
  File "C:\Users\Laptop\AppData\Local\Programs\Python\Python314\Lib\site-packages\pytesseract\pytesseract.py", line 275, in run_tesseract
    proc = subprocess.Popen(cmd_args, **subprocess_args())
  File "C:\Users\Laptop\AppData\Local\Programs\Python\Python314\Lib\subprocess.py", line 1038, in __init__
    self._execute_child(args, executable, preexec_fn, close_fds,
    ~~~~~~~~~~~~~~~~~~~^^^^^^^^^^^^^^^^^^^^^^^^^^^^^^^^^^^^^^^^^
                        pass_fds, cwd, env,
                        ^^^^^^^^^^^^^^^^^^^
    ...<5 lines>...
                        gid, gids, uid, umask,
                        ^^^^^^^^^^^^^^^^^^^^^^
                        start_new_session, process_group)
                        ^^^^^^^^^^^^^^^^^^^^^^^^^^^^^^^^^
  File "C:\Users\Laptop\AppData\Local\Programs\Python\Python314\Lib\subprocess.py", line 1552, in _execute_child
    hp, ht, pid, tid = _winapi.CreateProcess(executable, args,
                       ~~~~~~~~~~~~~~~~~~~~~^^^^^^^^^^^^^^^^^^
                             # no special security
                             ^^^^^^^^^^^^^^^^^^^^^
    ...<4 lines>...
                             cwd,
                             ^^^^
                             startupinfo)
                             ^^^^^^^^^^^^
FileNotFoundError: [WinError 2] Impossibile trovare il file specificato

During handling of the above exception, another exception occurred:

Traceback (most recent call last):
  File "C:\Users\Laptop\OneDrive\Desktop\bot cookie clicker\game_state.py", line 70, in update
    self._update_cookies()
    ~~~~~~~~~~~~~~~~~~~~^^
  File "C:\Users\Laptop\OneDrive\Desktop\bot cookie clicker\game_state.py", line 88, in _update_cookies
    val = self.screen_reader.read_cookie_count()
  File "C:\Users\Laptop\OneDrive\Desktop\bot cookie clicker\screen_reader.py", line 304, in read_cookie_count
    text = self._ocr(img)
  File "C:\Users\Laptop\OneDrive\Desktop\bot cookie clicker\screen_reader.py", line 237, in _ocr
    text = pytesseract.image_to_string(
        img,
        config=f"--psm 7 {config_str}".strip()
    )
  File "C:\Users\Laptop\AppData\Local\Programs\Python\Python314\Lib\site-packages\pytesseract\pytesseract.py", line 486, in image_to_string
    return {
           ~
    ...<2 lines>...
        Output.STRING: lambda: run_and_get_output(*args),
        ~~~~~~~~~~~~~~~~~~~~~~~~~~~~~~~~~~~~~~~~~~~~~~~~~
    }[output_type]()
    ~~~~~~~~~~~~~~^^
  File "C:\Users\Laptop\AppData\Local\Programs\Python\Python314\Lib\site-packages\pytesseract\pytesseract.py", line 489, in <lambda>
    Output.STRING: lambda: run_and_get_output(*args),
                           ~~~~~~~~~~~~~~~~~~^^^^^^^
  File "C:\Users\Laptop\AppData\Local\Programs\Python\Python314\Lib\site-packages\pytesseract\pytesseract.py", line 352, in run_and_get_output
    run_tesseract(**kwargs)
    ~~~~~~~~~~~~~^^^^^^^^^^
  File "C:\Users\Laptop\AppData\Local\Programs\Python\Python314\Lib\site-packages\pytesseract\pytesseract.py", line 280, in run_tesseract
    raise TesseractNotFoundError()
pytesseract.pytesseract.TesseractNotFoundError: tesseract is not installed or it's not in your PATH. See README file for more information.
2026-02-21 20:52:27,091 [ERROR] [STATE] Errore durante update(): tesseract is not installed or it's not in your PATH. See README file for more information.
Traceback (most recent call last):
  File "C:\Users\Laptop\AppData\Local\Programs\Python\Python314\Lib\site-packages\pytesseract\pytesseract.py", line 275, in run_tesseract
    proc = subprocess.Popen(cmd_args, **subprocess_args())
  File "C:\Users\Laptop\AppData\Local\Programs\Python\Python314\Lib\subprocess.py", line 1038, in __init__
    self._execute_child(args, executable, preexec_fn, close_fds,
    ~~~~~~~~~~~~~~~~~~~^^^^^^^^^^^^^^^^^^^^^^^^^^^^^^^^^^^^^^^^^
                        pass_fds, cwd, env,
                        ^^^^^^^^^^^^^^^^^^^
    ...<5 lines>...
                        gid, gids, uid, umask,
                        ^^^^^^^^^^^^^^^^^^^^^^
                        start_new_session, process_group)
                        ^^^^^^^^^^^^^^^^^^^^^^^^^^^^^^^^^
  File "C:\Users\Laptop\AppData\Local\Programs\Python\Python314\Lib\subprocess.py", line 1552, in _execute_child
    hp, ht, pid, tid = _winapi.CreateProcess(executable, args,
                       ~~~~~~~~~~~~~~~~~~~~~^^^^^^^^^^^^^^^^^^
                             # no special security
                             ^^^^^^^^^^^^^^^^^^^^^
    ...<4 lines>...
                             cwd,
                             ^^^^
                             startupinfo)
                             ^^^^^^^^^^^^
FileNotFoundError: [WinError 2] Impossibile trovare il file specificato

During handling of the above exception, another exception occurred:

Traceback (most recent call last):
  File "C:\Users\Laptop\OneDrive\Desktop\bot cookie clicker\game_state.py", line 70, in update
    self._update_cookies()
    ~~~~~~~~~~~~~~~~~~~~^^
  File "C:\Users\Laptop\OneDrive\Desktop\bot cookie clicker\game_state.py", line 88, in _update_cookies
    val = self.screen_reader.read_cookie_count()
  File "C:\Users\Laptop\OneDrive\Desktop\bot cookie clicker\screen_reader.py", line 304, in read_cookie_count
    text = self._ocr(img)
  File "C:\Users\Laptop\OneDrive\Desktop\bot cookie clicker\screen_reader.py", line 237, in _ocr
    text = pytesseract.image_to_string(
        img,
        config=f"--psm 7 {config_str}".strip()
    )
  File "C:\Users\Laptop\AppData\Local\Programs\Python\Python314\Lib\site-packages\pytesseract\pytesseract.py", line 486, in image_to_string
    return {
           ~
    ...<2 lines>...
        Output.STRING: lambda: run_and_get_output(*args),
        ~~~~~~~~~~~~~~~~~~~~~~~~~~~~~~~~~~~~~~~~~~~~~~~~~
    }[output_type]()
    ~~~~~~~~~~~~~~^^
  File "C:\Users\Laptop\AppData\Local\Programs\Python\Python314\Lib\site-packages\pytesseract\pytesseract.py", line 489, in <lambda>
    Output.STRING: lambda: run_and_get_output(*args),
                           ~~~~~~~~~~~~~~~~~~^^^^^^^
  File "C:\Users\Laptop\AppData\Local\Programs\Python\Python314\Lib\site-packages\pytesseract\pytesseract.py", line 352, in run_and_get_output
    run_tesseract(**kwargs)
    ~~~~~~~~~~~~~^^^^^^^^^^
  File "C:\Users\Laptop\AppData\Local\Programs\Python\Python314\Lib\site-packages\pytesseract\pytesseract.py", line 280, in run_tesseract
    raise TesseractNotFoundError()
pytesseract.pytesseract.TesseractNotFoundError: tesseract is not installed or it's not in your PATH. See README file for more information.
2026-02-21 20:52:29,168 [ERROR] [STATE] Errore durante update(): tesseract is not installed or it's not in your PATH. See README file for more information.
Traceback (most recent call last):
  File "C:\Users\Laptop\AppData\Local\Programs\Python\Python314\Lib\site-packages\pytesseract\pytesseract.py", line 275, in run_tesseract
    proc = subprocess.Popen(cmd_args, **subprocess_args())
  File "C:\Users\Laptop\AppData\Local\Programs\Python\Python314\Lib\subprocess.py", line 1038, in __init__
    self._execute_child(args, executable, preexec_fn, close_fds,
    ~~~~~~~~~~~~~~~~~~~^^^^^^^^^^^^^^^^^^^^^^^^^^^^^^^^^^^^^^^^^
                        pass_fds, cwd, env,
                        ^^^^^^^^^^^^^^^^^^^
    ...<5 lines>...
                        gid, gids, uid, umask,
                        ^^^^^^^^^^^^^^^^^^^^^^
                        start_new_session, process_group)
                        ^^^^^^^^^^^^^^^^^^^^^^^^^^^^^^^^^
  File "C:\Users\Laptop\AppData\Local\Programs\Python\Python314\Lib\subprocess.py", line 1552, in _execute_child
    hp, ht, pid, tid = _winapi.CreateProcess(executable, args,
                       ~~~~~~~~~~~~~~~~~~~~~^^^^^^^^^^^^^^^^^^
                             # no special security
                             ^^^^^^^^^^^^^^^^^^^^^
    ...<4 lines>...
                             cwd,
                             ^^^^
                             startupinfo)
                             ^^^^^^^^^^^^
FileNotFoundError: [WinError 2] Impossibile trovare il file specificato

During handling of the above exception, another exception occurred:

Traceback (most recent call last):
  File "C:\Users\Laptop\OneDrive\Desktop\bot cookie clicker\game_state.py", line 70, in update
    self._update_cookies()
    ~~~~~~~~~~~~~~~~~~~~^^
  File "C:\Users\Laptop\OneDrive\Desktop\bot cookie clicker\game_state.py", line 88, in _update_cookies
    val = self.screen_reader.read_cookie_count()
  File "C:\Users\Laptop\OneDrive\Desktop\bot cookie clicker\screen_reader.py", line 304, in read_cookie_count
    text = self._ocr(img)
  File "C:\Users\Laptop\OneDrive\Desktop\bot cookie clicker\screen_reader.py", line 237, in _ocr
    text = pytesseract.image_to_string(
        img,
        config=f"--psm 7 {config_str}".strip()
    )
  File "C:\Users\Laptop\AppData\Local\Programs\Python\Python314\Lib\site-packages\pytesseract\pytesseract.py", line 486, in image_to_string
    return {
           ~
    ...<2 lines>...
        Output.STRING: lambda: run_and_get_output(*args),
        ~~~~~~~~~~~~~~~~~~~~~~~~~~~~~~~~~~~~~~~~~~~~~~~~~
    }[output_type]()
    ~~~~~~~~~~~~~~^^
  File "C:\Users\Laptop\AppData\Local\Programs\Python\Python314\Lib\site-packages\pytesseract\pytesseract.py", line 489, in <lambda>
    Output.STRING: lambda: run_and_get_output(*args),
                           ~~~~~~~~~~~~~~~~~~^^^^^^^
  File "C:\Users\Laptop\AppData\Local\Programs\Python\Python314\Lib\site-packages\pytesseract\pytesseract.py", line 352, in run_and_get_output
    run_tesseract(**kwargs)
    ~~~~~~~~~~~~~^^^^^^^^^^
  File "C:\Users\Laptop\AppData\Local\Programs\Python\Python314\Lib\site-packages\pytesseract\pytesseract.py", line 280, in run_tesseract
    raise TesseractNotFoundError()
pytesseract.pytesseract.TesseractNotFoundError: tesseract is not installed or it's not in your PATH. See README file for more information.
2026-02-21 20:52:31,297 [ERROR] [STATE] Errore durante update(): tesseract is not installed or it's not in your PATH. See README file for more information.
Traceback (most recent call last):
  File "C:\Users\Laptop\AppData\Local\Programs\Python\Python314\Lib\site-packages\pytesseract\pytesseract.py", line 275, in run_tesseract
    proc = subprocess.Popen(cmd_args, **subprocess_args())
  File "C:\Users\Laptop\AppData\Local\Programs\Python\Python314\Lib\subprocess.py", line 1038, in __init__
    self._execute_child(args, executable, preexec_fn, close_fds,
    ~~~~~~~~~~~~~~~~~~~^^^^^^^^^^^^^^^^^^^^^^^^^^^^^^^^^^^^^^^^^
                        pass_fds, cwd, env,
                        ^^^^^^^^^^^^^^^^^^^
    ...<5 lines>...
                        gid, gids, uid, umask,
                        ^^^^^^^^^^^^^^^^^^^^^^
                        start_new_session, process_group)
                        ^^^^^^^^^^^^^^^^^^^^^^^^^^^^^^^^^
  File "C:\Users\Laptop\AppData\Local\Programs\Python\Python314\Lib\subprocess.py", line 1552, in _execute_child
    hp, ht, pid, tid = _winapi.CreateProcess(executable, args,
                       ~~~~~~~~~~~~~~~~~~~~~^^^^^^^^^^^^^^^^^^
                             # no special security
                             ^^^^^^^^^^^^^^^^^^^^^
    ...<4 lines>...
                             cwd,
                             ^^^^
                             startupinfo)
                             ^^^^^^^^^^^^
FileNotFoundError: [WinError 2] Impossibile trovare il file specificato

During handling of the above exception, another exception occurred:

Traceback (most recent call last):
  File "C:\Users\Laptop\OneDrive\Desktop\bot cookie clicker\game_state.py", line 70, in update
    self._update_cookies()
    ~~~~~~~~~~~~~~~~~~~~^^
  File "C:\Users\Laptop\OneDrive\Desktop\bot cookie clicker\game_state.py", line 88, in _update_cookies
    val = self.screen_reader.read_cookie_count()
  File "C:\Users\Laptop\OneDrive\Desktop\bot cookie clicker\screen_reader.py", line 304, in read_cookie_count
    text = self._ocr(img)
  File "C:\Users\Laptop\OneDrive\Desktop\bot cookie clicker\screen_reader.py", line 237, in _ocr
    text = pytesseract.image_to_string(
        img,
        config=f"--psm 7 {config_str}".strip()
    )
  File "C:\Users\Laptop\AppData\Local\Programs\Python\Python314\Lib\site-packages\pytesseract\pytesseract.py", line 486, in image_to_string
    return {
           ~
    ...<2 lines>...
        Output.STRING: lambda: run_and_get_output(*args),
        ~~~~~~~~~~~~~~~~~~~~~~~~~~~~~~~~~~~~~~~~~~~~~~~~~
    }[output_type]()
    ~~~~~~~~~~~~~~^^
  File "C:\Users\Laptop\AppData\Local\Programs\Python\Python314\Lib\site-packages\pytesseract\pytesseract.py", line 489, in <lambda>
    Output.STRING: lambda: run_and_get_output(*args),
                           ~~~~~~~~~~~~~~~~~~^^^^^^^
  File "C:\Users\Laptop\AppData\Local\Programs\Python\Python314\Lib\site-packages\pytesseract\pytesseract.py", line 352, in run_and_get_output
    run_tesseract(**kwargs)
    ~~~~~~~~~~~~~^^^^^^^^^^
  File "C:\Users\Laptop\AppData\Local\Programs\Python\Python314\Lib\site-packages\pytesseract\pytesseract.py", line 280, in run_tesseract
    raise TesseractNotFoundError()
pytesseract.pytesseract.TesseractNotFoundError: tesseract is not installed or it's not in your PATH. See README file for more information.
2026-02-21 20:52:33,386 [ERROR] [STATE] Errore durante update(): tesseract is not installed or it's not in your PATH. See README file for more information.
Traceback (most recent call last):
  File "C:\Users\Laptop\AppData\Local\Programs\Python\Python314\Lib\site-packages\pytesseract\pytesseract.py", line 275, in run_tesseract
    proc = subprocess.Popen(cmd_args, **subprocess_args())
  File "C:\Users\Laptop\AppData\Local\Programs\Python\Python314\Lib\subprocess.py", line 1038, in __init__
    self._execute_child(args, executable, preexec_fn, close_fds,
    ~~~~~~~~~~~~~~~~~~~^^^^^^^^^^^^^^^^^^^^^^^^^^^^^^^^^^^^^^^^^
                        pass_fds, cwd, env,
                        ^^^^^^^^^^^^^^^^^^^
    ...<5 lines>...
                        gid, gids, uid, umask,
                        ^^^^^^^^^^^^^^^^^^^^^^
                        start_new_session, process_group)
                        ^^^^^^^^^^^^^^^^^^^^^^^^^^^^^^^^^
  File "C:\Users\Laptop\AppData\Local\Programs\Python\Python314\Lib\subprocess.py", line 1552, in _execute_child
    hp, ht, pid, tid = _winapi.CreateProcess(executable, args,
                       ~~~~~~~~~~~~~~~~~~~~~^^^^^^^^^^^^^^^^^^
                             # no special security
                             ^^^^^^^^^^^^^^^^^^^^^
    ...<4 lines>...
                             cwd,
                             ^^^^
                             startupinfo)
                             ^^^^^^^^^^^^
FileNotFoundError: [WinError 2] Impossibile trovare il file specificato

During handling of the above exception, another exception occurred:

Traceback (most recent call last):
  File "C:\Users\Laptop\OneDrive\Desktop\bot cookie clicker\game_state.py", line 70, in update
    self._update_cookies()
    ~~~~~~~~~~~~~~~~~~~~^^
  File "C:\Users\Laptop\OneDrive\Desktop\bot cookie clicker\game_state.py", line 88, in _update_cookies
    val = self.screen_reader.read_cookie_count()
  File "C:\Users\Laptop\OneDrive\Desktop\bot cookie clicker\screen_reader.py", line 304, in read_cookie_count
    text = self._ocr(img)
  File "C:\Users\Laptop\OneDrive\Desktop\bot cookie clicker\screen_reader.py", line 237, in _ocr
    text = pytesseract.image_to_string(
        img,
        config=f"--psm 7 {config_str}".strip()
    )
  File "C:\Users\Laptop\AppData\Local\Programs\Python\Python314\Lib\site-packages\pytesseract\pytesseract.py", line 486, in image_to_string
    return {
           ~
    ...<2 lines>...
        Output.STRING: lambda: run_and_get_output(*args),
        ~~~~~~~~~~~~~~~~~~~~~~~~~~~~~~~~~~~~~~~~~~~~~~~~~
    }[output_type]()
    ~~~~~~~~~~~~~~^^
  File "C:\Users\Laptop\AppData\Local\Programs\Python\Python314\Lib\site-packages\pytesseract\pytesseract.py", line 489, in <lambda>
    Output.STRING: lambda: run_and_get_output(*args),
                           ~~~~~~~~~~~~~~~~~~^^^^^^^
  File "C:\Users\Laptop\AppData\Local\Programs\Python\Python314\Lib\site-packages\pytesseract\pytesseract.py", line 352, in run_and_get_output
    run_tesseract(**kwargs)
    ~~~~~~~~~~~~~^^^^^^^^^^
  File "C:\Users\Laptop\AppData\Local\Programs\Python\Python314\Lib\site-packages\pytesseract\pytesseract.py", line 280, in run_tesseract
    raise TesseractNotFoundError()
pytesseract.pytesseract.TesseractNotFoundError: tesseract is not installed or it's not in your PATH. See README file for more information.
2026-02-21 20:52:35,481 [ERROR] [STATE] Errore durante update(): tesseract is not installed or it's not in your PATH. See README file for more information.
Traceback (most recent call last):
  File "C:\Users\Laptop\AppData\Local\Programs\Python\Python314\Lib\site-packages\pytesseract\pytesseract.py", line 275, in run_tesseract
    proc = subprocess.Popen(cmd_args, **subprocess_args())
  File "C:\Users\Laptop\AppData\Local\Programs\Python\Python314\Lib\subprocess.py", line 1038, in __init__
    self._execute_child(args, executable, preexec_fn, close_fds,
    ~~~~~~~~~~~~~~~~~~~^^^^^^^^^^^^^^^^^^^^^^^^^^^^^^^^^^^^^^^^^
                        pass_fds, cwd, env,
                        ^^^^^^^^^^^^^^^^^^^
    ...<5 lines>...
                        gid, gids, uid, umask,
                        ^^^^^^^^^^^^^^^^^^^^^^
                        start_new_session, process_group)
                        ^^^^^^^^^^^^^^^^^^^^^^^^^^^^^^^^^
  File "C:\Users\Laptop\AppData\Local\Programs\Python\Python314\Lib\subprocess.py", line 1552, in _execute_child
    hp, ht, pid, tid = _winapi.CreateProcess(executable, args,
                       ~~~~~~~~~~~~~~~~~~~~~^^^^^^^^^^^^^^^^^^
                             # no special security
                             ^^^^^^^^^^^^^^^^^^^^^
    ...<4 lines>...
                             cwd,
                             ^^^^
                             startupinfo)
                             ^^^^^^^^^^^^
FileNotFoundError: [WinError 2] Impossibile trovare il file specificato

During handling of the above exception, another exception occurred:

Traceback (most recent call last):
  File "C:\Users\Laptop\OneDrive\Desktop\bot cookie clicker\game_state.py", line 70, in update
    self._update_cookies()
    ~~~~~~~~~~~~~~~~~~~~^^
  File "C:\Users\Laptop\OneDrive\Desktop\bot cookie clicker\game_state.py", line 88, in _update_cookies
    val = self.screen_reader.read_cookie_count()
  File "C:\Users\Laptop\OneDrive\Desktop\bot cookie clicker\screen_reader.py", line 304, in read_cookie_count
    text = self._ocr(img)
  File "C:\Users\Laptop\OneDrive\Desktop\bot cookie clicker\screen_reader.py", line 237, in _ocr
    text = pytesseract.image_to_string(
        img,
        config=f"--psm 7 {config_str}".strip()
    )
  File "C:\Users\Laptop\AppData\Local\Programs\Python\Python314\Lib\site-packages\pytesseract\pytesseract.py", line 486, in image_to_string
    return {
           ~
    ...<2 lines>...
        Output.STRING: lambda: run_and_get_output(*args),
        ~~~~~~~~~~~~~~~~~~~~~~~~~~~~~~~~~~~~~~~~~~~~~~~~~
    }[output_type]()
    ~~~~~~~~~~~~~~^^
  File "C:\Users\Laptop\AppData\Local\Programs\Python\Python314\Lib\site-packages\pytesseract\pytesseract.py", line 489, in <lambda>
    Output.STRING: lambda: run_and_get_output(*args),
                           ~~~~~~~~~~~~~~~~~~^^^^^^^
  File "C:\Users\Laptop\AppData\Local\Programs\Python\Python314\Lib\site-packages\pytesseract\pytesseract.py", line 352, in run_and_get_output
    run_tesseract(**kwargs)
    ~~~~~~~~~~~~~^^^^^^^^^^
  File "C:\Users\Laptop\AppData\Local\Programs\Python\Python314\Lib\site-packages\pytesseract\pytesseract.py", line 280, in run_tesseract
    raise TesseractNotFoundError()
pytesseract.pytesseract.TesseractNotFoundError: tesseract is not installed or it's not in your PATH. See README file for more information.
2026-02-21 20:52:37,660 [ERROR] [STATE] Errore durante update(): tesseract is not installed or it's not in your PATH. See README file for more information.
Traceback (most recent call last):
  File "C:\Users\Laptop\AppData\Local\Programs\Python\Python314\Lib\site-packages\pytesseract\pytesseract.py", line 275, in run_tesseract
    proc = subprocess.Popen(cmd_args, **subprocess_args())
  File "C:\Users\Laptop\AppData\Local\Programs\Python\Python314\Lib\subprocess.py", line 1038, in __init__
    self._execute_child(args, executable, preexec_fn, close_fds,
    ~~~~~~~~~~~~~~~~~~~^^^^^^^^^^^^^^^^^^^^^^^^^^^^^^^^^^^^^^^^^
                        pass_fds, cwd, env,
                        ^^^^^^^^^^^^^^^^^^^
    ...<5 lines>...
                        gid, gids, uid, umask,
                        ^^^^^^^^^^^^^^^^^^^^^^
                        start_new_session, process_group)
                        ^^^^^^^^^^^^^^^^^^^^^^^^^^^^^^^^^
  File "C:\Users\Laptop\AppData\Local\Programs\Python\Python314\Lib\subprocess.py", line 1552, in _execute_child
    hp, ht, pid, tid = _winapi.CreateProcess(executable, args,
                       ~~~~~~~~~~~~~~~~~~~~~^^^^^^^^^^^^^^^^^^
                             # no special security
                             ^^^^^^^^^^^^^^^^^^^^^
    ...<4 lines>...
                             cwd,
                             ^^^^
                             startupinfo)
                             ^^^^^^^^^^^^
FileNotFoundError: [WinError 2] Impossibile trovare il file specificato

During handling of the above exception, another exception occurred:

Traceback (most recent call last):
  File "C:\Users\Laptop\OneDrive\Desktop\bot cookie clicker\game_state.py", line 70, in update
    self._update_cookies()
    ~~~~~~~~~~~~~~~~~~~~^^
  File "C:\Users\Laptop\OneDrive\Desktop\bot cookie clicker\game_state.py", line 88, in _update_cookies
    val = self.screen_reader.read_cookie_count()
  File "C:\Users\Laptop\OneDrive\Desktop\bot cookie clicker\screen_reader.py", line 304, in read_cookie_count
    text = self._ocr(img)
  File "C:\Users\Laptop\OneDrive\Desktop\bot cookie clicker\screen_reader.py", line 237, in _ocr
    text = pytesseract.image_to_string(
        img,
        config=f"--psm 7 {config_str}".strip()
    )
  File "C:\Users\Laptop\AppData\Local\Programs\Python\Python314\Lib\site-packages\pytesseract\pytesseract.py", line 486, in image_to_string
    return {
           ~
    ...<2 lines>...
        Output.STRING: lambda: run_and_get_output(*args),
        ~~~~~~~~~~~~~~~~~~~~~~~~~~~~~~~~~~~~~~~~~~~~~~~~~
    }[output_type]()
    ~~~~~~~~~~~~~~^^
  File "C:\Users\Laptop\AppData\Local\Programs\Python\Python314\Lib\site-packages\pytesseract\pytesseract.py", line 489, in <lambda>
    Output.STRING: lambda: run_and_get_output(*args),
                           ~~~~~~~~~~~~~~~~~~^^^^^^^
  File "C:\Users\Laptop\AppData\Local\Programs\Python\Python314\Lib\site-packages\pytesseract\pytesseract.py", line 352, in run_and_get_output
    run_tesseract(**kwargs)
    ~~~~~~~~~~~~~^^^^^^^^^^
  File "C:\Users\Laptop\AppData\Local\Programs\Python\Python314\Lib\site-packages\pytesseract\pytesseract.py", line 280, in run_tesseract
    raise TesseractNotFoundError()
pytesseract.pytesseract.TesseractNotFoundError: tesseract is not installed or it's not in your PATH. See README file for more information.
2026-02-21 20:52:39,730 [ERROR] [STATE] Errore durante update(): tesseract is not installed or it's not in your PATH. See README file for more information.
Traceback (most recent call last):
  File "C:\Users\Laptop\AppData\Local\Programs\Python\Python314\Lib\site-packages\pytesseract\pytesseract.py", line 275, in run_tesseract
    proc = subprocess.Popen(cmd_args, **subprocess_args())
  File "C:\Users\Laptop\AppData\Local\Programs\Python\Python314\Lib\subprocess.py", line 1038, in __init__
    self._execute_child(args, executable, preexec_fn, close_fds,
    ~~~~~~~~~~~~~~~~~~~^^^^^^^^^^^^^^^^^^^^^^^^^^^^^^^^^^^^^^^^^
                        pass_fds, cwd, env,
                        ^^^^^^^^^^^^^^^^^^^
    ...<5 lines>...
                        gid, gids, uid, umask,
                        ^^^^^^^^^^^^^^^^^^^^^^
                        start_new_session, process_group)
                        ^^^^^^^^^^^^^^^^^^^^^^^^^^^^^^^^^
  File "C:\Users\Laptop\AppData\Local\Programs\Python\Python314\Lib\subprocess.py", line 1552, in _execute_child
    hp, ht, pid, tid = _winapi.CreateProcess(executable, args,
                       ~~~~~~~~~~~~~~~~~~~~~^^^^^^^^^^^^^^^^^^
                             # no special security
                             ^^^^^^^^^^^^^^^^^^^^^
    ...<4 lines>...
                             cwd,
                             ^^^^
                             startupinfo)
                             ^^^^^^^^^^^^
FileNotFoundError: [WinError 2] Impossibile trovare il file specificato

During handling of the above exception, another exception occurred:

Traceback (most recent call last):
  File "C:\Users\Laptop\OneDrive\Desktop\bot cookie clicker\game_state.py", line 70, in update
    self._update_cookies()
    ~~~~~~~~~~~~~~~~~~~~^^
  File "C:\Users\Laptop\OneDrive\Desktop\bot cookie clicker\game_state.py", line 88, in _update_cookies
    val = self.screen_reader.read_cookie_count()
  File "C:\Users\Laptop\OneDrive\Desktop\bot cookie clicker\screen_reader.py", line 304, in read_cookie_count
    text = self._ocr(img)
  File "C:\Users\Laptop\OneDrive\Desktop\bot cookie clicker\screen_reader.py", line 237, in _ocr
    text = pytesseract.image_to_string(
        img,
        config=f"--psm 7 {config_str}".strip()
    )
  File "C:\Users\Laptop\AppData\Local\Programs\Python\Python314\Lib\site-packages\pytesseract\pytesseract.py", line 486, in image_to_string
    return {
           ~
    ...<2 lines>...
        Output.STRING: lambda: run_and_get_output(*args),
        ~~~~~~~~~~~~~~~~~~~~~~~~~~~~~~~~~~~~~~~~~~~~~~~~~
    }[output_type]()
    ~~~~~~~~~~~~~~^^
  File "C:\Users\Laptop\AppData\Local\Programs\Python\Python314\Lib\site-packages\pytesseract\pytesseract.py", line 489, in <lambda>
    Output.STRING: lambda: run_and_get_output(*args),
                           ~~~~~~~~~~~~~~~~~~^^^^^^^
  File "C:\Users\Laptop\AppData\Local\Programs\Python\Python314\Lib\site-packages\pytesseract\pytesseract.py", line 352, in run_and_get_output
    run_tesseract(**kwargs)
    ~~~~~~~~~~~~~^^^^^^^^^^
  File "C:\Users\Laptop\AppData\Local\Programs\Python\Python314\Lib\site-packages\pytesseract\pytesseract.py", line 280, in run_tesseract
    raise TesseractNotFoundError()
pytesseract.pytesseract.TesseractNotFoundError: tesseract is not installed or it's not in your PATH. See README file for more information.
2026-02-21 20:52:41,853 [ERROR] [STATE] Errore durante update(): tesseract is not installed or it's not in your PATH. See README file for more information.
Traceback (most recent call last):
  File "C:\Users\Laptop\AppData\Local\Programs\Python\Python314\Lib\site-packages\pytesseract\pytesseract.py", line 275, in run_tesseract
    proc = subprocess.Popen(cmd_args, **subprocess_args())
  File "C:\Users\Laptop\AppData\Local\Programs\Python\Python314\Lib\subprocess.py", line 1038, in __init__
    self._execute_child(args, executable, preexec_fn, close_fds,
    ~~~~~~~~~~~~~~~~~~~^^^^^^^^^^^^^^^^^^^^^^^^^^^^^^^^^^^^^^^^^
                        pass_fds, cwd, env,
                        ^^^^^^^^^^^^^^^^^^^
    ...<5 lines>...
                        gid, gids, uid, umask,
                        ^^^^^^^^^^^^^^^^^^^^^^
                        start_new_session, process_group)
                        ^^^^^^^^^^^^^^^^^^^^^^^^^^^^^^^^^
  File "C:\Users\Laptop\AppData\Local\Programs\Python\Python314\Lib\subprocess.py", line 1552, in _execute_child
    hp, ht, pid, tid = _winapi.CreateProcess(executable, args,
                       ~~~~~~~~~~~~~~~~~~~~~^^^^^^^^^^^^^^^^^^
                             # no special security
                             ^^^^^^^^^^^^^^^^^^^^^
    ...<4 lines>...
                             cwd,
                             ^^^^
                             startupinfo)
                             ^^^^^^^^^^^^
FileNotFoundError: [WinError 2] Impossibile trovare il file specificato

During handling of the above exception, another exception occurred:

Traceback (most recent call last):
  File "C:\Users\Laptop\OneDrive\Desktop\bot cookie clicker\game_state.py", line 70, in update
    self._update_cookies()
    ~~~~~~~~~~~~~~~~~~~~^^
  File "C:\Users\Laptop\OneDrive\Desktop\bot cookie clicker\game_state.py", line 88, in _update_cookies
    val = self.screen_reader.read_cookie_count()
  File "C:\Users\Laptop\OneDrive\Desktop\bot cookie clicker\screen_reader.py", line 304, in read_cookie_count
    text = self._ocr(img)
  File "C:\Users\Laptop\OneDrive\Desktop\bot cookie clicker\screen_reader.py", line 237, in _ocr
    text = pytesseract.image_to_string(
        img,
        config=f"--psm 7 {config_str}".strip()
    )
  File "C:\Users\Laptop\AppData\Local\Programs\Python\Python314\Lib\site-packages\pytesseract\pytesseract.py", line 486, in image_to_string
    return {
           ~
    ...<2 lines>...
        Output.STRING: lambda: run_and_get_output(*args),
        ~~~~~~~~~~~~~~~~~~~~~~~~~~~~~~~~~~~~~~~~~~~~~~~~~
    }[output_type]()
    ~~~~~~~~~~~~~~^^
  File "C:\Users\Laptop\AppData\Local\Programs\Python\Python314\Lib\site-packages\pytesseract\pytesseract.py", line 489, in <lambda>
    Output.STRING: lambda: run_and_get_output(*args),
                           ~~~~~~~~~~~~~~~~~~^^^^^^^
  File "C:\Users\Laptop\AppData\Local\Programs\Python\Python314\Lib\site-packages\pytesseract\pytesseract.py", line 352, in run_and_get_output
    run_tesseract(**kwargs)
    ~~~~~~~~~~~~~^^^^^^^^^^
  File "C:\Users\Laptop\AppData\Local\Programs\Python\Python314\Lib\site-packages\pytesseract\pytesseract.py", line 280, in run_tesseract
    raise TesseractNotFoundError()
pytesseract.pytesseract.TesseractNotFoundError: tesseract is not installed or it's not in your PATH. See README file for more information.
2026-02-21 20:52:43,917 [ERROR] [STATE] Errore durante update(): tesseract is not installed or it's not in your PATH. See README file for more information.
Traceback (most recent call last):
  File "C:\Users\Laptop\AppData\Local\Programs\Python\Python314\Lib\site-packages\pytesseract\pytesseract.py", line 275, in run_tesseract
    proc = subprocess.Popen(cmd_args, **subprocess_args())
  File "C:\Users\Laptop\AppData\Local\Programs\Python\Python314\Lib\subprocess.py", line 1038, in __init__
    self._execute_child(args, executable, preexec_fn, close_fds,
    ~~~~~~~~~~~~~~~~~~~^^^^^^^^^^^^^^^^^^^^^^^^^^^^^^^^^^^^^^^^^
                        pass_fds, cwd, env,
                        ^^^^^^^^^^^^^^^^^^^
    ...<5 lines>...
                        gid, gids, uid, umask,
                        ^^^^^^^^^^^^^^^^^^^^^^
                        start_new_session, process_group)
                        ^^^^^^^^^^^^^^^^^^^^^^^^^^^^^^^^^
  File "C:\Users\Laptop\AppData\Local\Programs\Python\Python314\Lib\subprocess.py", line 1552, in _execute_child
    hp, ht, pid, tid = _winapi.CreateProcess(executable, args,
                       ~~~~~~~~~~~~~~~~~~~~~^^^^^^^^^^^^^^^^^^
                             # no special security
                             ^^^^^^^^^^^^^^^^^^^^^
    ...<4 lines>...
                             cwd,
                             ^^^^
                             startupinfo)
                             ^^^^^^^^^^^^
FileNotFoundError: [WinError 2] Impossibile trovare il file specificato

During handling of the above exception, another exception occurred:

Traceback (most recent call last):
  File "C:\Users\Laptop\OneDrive\Desktop\bot cookie clicker\game_state.py", line 70, in update
    self._update_cookies()
    ~~~~~~~~~~~~~~~~~~~~^^
  File "C:\Users\Laptop\OneDrive\Desktop\bot cookie clicker\game_state.py", line 88, in _update_cookies
    val = self.screen_reader.read_cookie_count()
  File "C:\Users\Laptop\OneDrive\Desktop\bot cookie clicker\screen_reader.py", line 304, in read_cookie_count
    text = self._ocr(img)
  File "C:\Users\Laptop\OneDrive\Desktop\bot cookie clicker\screen_reader.py", line 237, in _ocr
    text = pytesseract.image_to_string(
        img,
        config=f"--psm 7 {config_str}".strip()
    )
  File "C:\Users\Laptop\AppData\Local\Programs\Python\Python314\Lib\site-packages\pytesseract\pytesseract.py", line 486, in image_to_string
    return {
           ~
    ...<2 lines>...
        Output.STRING: lambda: run_and_get_output(*args),
        ~~~~~~~~~~~~~~~~~~~~~~~~~~~~~~~~~~~~~~~~~~~~~~~~~
    }[output_type]()
    ~~~~~~~~~~~~~~^^
  File "C:\Users\Laptop\AppData\Local\Programs\Python\Python314\Lib\site-packages\pytesseract\pytesseract.py", line 489, in <lambda>
    Output.STRING: lambda: run_and_get_output(*args),
                           ~~~~~~~~~~~~~~~~~~^^^^^^^
  File "C:\Users\Laptop\AppData\Local\Programs\Python\Python314\Lib\site-packages\pytesseract\pytesseract.py", line 352, in run_and_get_output
    run_tesseract(**kwargs)
    ~~~~~~~~~~~~~^^^^^^^^^^
  File "C:\Users\Laptop\AppData\Local\Programs\Python\Python314\Lib\site-packages\pytesseract\pytesseract.py", line 280, in run_tesseract
    raise TesseractNotFoundError()
pytesseract.pytesseract.TesseractNotFoundError: tesseract is not installed or it's not in your PATH. See README file for more information.
2026-02-21 20:52:46,042 [ERROR] [STATE] Errore durante update(): tesseract is not installed or it's not in your PATH. See README file for more information.
Traceback (most recent call last):
  File "C:\Users\Laptop\AppData\Local\Programs\Python\Python314\Lib\site-packages\pytesseract\pytesseract.py", line 275, in run_tesseract
    proc = subprocess.Popen(cmd_args, **subprocess_args())
  File "C:\Users\Laptop\AppData\Local\Programs\Python\Python314\Lib\subprocess.py", line 1038, in __init__
    self._execute_child(args, executable, preexec_fn, close_fds,
    ~~~~~~~~~~~~~~~~~~~^^^^^^^^^^^^^^^^^^^^^^^^^^^^^^^^^^^^^^^^^
                        pass_fds, cwd, env,
                        ^^^^^^^^^^^^^^^^^^^
    ...<5 lines>...
                        gid, gids, uid, umask,
                        ^^^^^^^^^^^^^^^^^^^^^^
                        start_new_session, process_group)
                        ^^^^^^^^^^^^^^^^^^^^^^^^^^^^^^^^^
  File "C:\Users\Laptop\AppData\Local\Programs\Python\Python314\Lib\subprocess.py", line 1552, in _execute_child
    hp, ht, pid, tid = _winapi.CreateProcess(executable, args,
                       ~~~~~~~~~~~~~~~~~~~~~^^^^^^^^^^^^^^^^^^
                             # no special security
                             ^^^^^^^^^^^^^^^^^^^^^
    ...<4 lines>...
                             cwd,
                             ^^^^
                             startupinfo)
                             ^^^^^^^^^^^^
FileNotFoundError: [WinError 2] Impossibile trovare il file specificato

During handling of the above exception, another exception occurred:

Traceback (most recent call last):
  File "C:\Users\Laptop\OneDrive\Desktop\bot cookie clicker\game_state.py", line 70, in update
    self._update_cookies()
    ~~~~~~~~~~~~~~~~~~~~^^
  File "C:\Users\Laptop\OneDrive\Desktop\bot cookie clicker\game_state.py", line 88, in _update_cookies
    val = self.screen_reader.read_cookie_count()
  File "C:\Users\Laptop\OneDrive\Desktop\bot cookie clicker\screen_reader.py", line 304, in read_cookie_count
    text = self._ocr(img)
  File "C:\Users\Laptop\OneDrive\Desktop\bot cookie clicker\screen_reader.py", line 237, in _ocr
    text = pytesseract.image_to_string(
        img,
        config=f"--psm 7 {config_str}".strip()
    )
  File "C:\Users\Laptop\AppData\Local\Programs\Python\Python314\Lib\site-packages\pytesseract\pytesseract.py", line 486, in image_to_string
    return {
           ~
    ...<2 lines>...
        Output.STRING: lambda: run_and_get_output(*args),
        ~~~~~~~~~~~~~~~~~~~~~~~~~~~~~~~~~~~~~~~~~~~~~~~~~
    }[output_type]()
    ~~~~~~~~~~~~~~^^
  File "C:\Users\Laptop\AppData\Local\Programs\Python\Python314\Lib\site-packages\pytesseract\pytesseract.py", line 489, in <lambda>
    Output.STRING: lambda: run_and_get_output(*args),
                           ~~~~~~~~~~~~~~~~~~^^^^^^^
  File "C:\Users\Laptop\AppData\Local\Programs\Python\Python314\Lib\site-packages\pytesseract\pytesseract.py", line 352, in run_and_get_output
    run_tesseract(**kwargs)
    ~~~~~~~~~~~~~^^^^^^^^^^
  File "C:\Users\Laptop\AppData\Local\Programs\Python\Python314\Lib\site-packages\pytesseract\pytesseract.py", line 280, in run_tesseract
    raise TesseractNotFoundError()
pytesseract.pytesseract.TesseractNotFoundError: tesseract is not installed or it's not in your PATH. See README file for more information.
2026-02-21 20:52:48,140 [ERROR] [STATE] Errore durante update(): tesseract is not installed or it's not in your PATH. See README file for more information.
Traceback (most recent call last):
  File "C:\Users\Laptop\AppData\Local\Programs\Python\Python314\Lib\site-packages\pytesseract\pytesseract.py", line 275, in run_tesseract
    proc = subprocess.Popen(cmd_args, **subprocess_args())
  File "C:\Users\Laptop\AppData\Local\Programs\Python\Python314\Lib\subprocess.py", line 1038, in __init__
    self._execute_child(args, executable, preexec_fn, close_fds,
    ~~~~~~~~~~~~~~~~~~~^^^^^^^^^^^^^^^^^^^^^^^^^^^^^^^^^^^^^^^^^
                        pass_fds, cwd, env,
                        ^^^^^^^^^^^^^^^^^^^
    ...<5 lines>...
                        gid, gids, uid, umask,
                        ^^^^^^^^^^^^^^^^^^^^^^
                        start_new_session, process_group)
                        ^^^^^^^^^^^^^^^^^^^^^^^^^^^^^^^^^
  File "C:\Users\Laptop\AppData\Local\Programs\Python\Python314\Lib\subprocess.py", line 1552, in _execute_child
    hp, ht, pid, tid = _winapi.CreateProcess(executable, args,
                       ~~~~~~~~~~~~~~~~~~~~~^^^^^^^^^^^^^^^^^^
                             # no special security
                             ^^^^^^^^^^^^^^^^^^^^^
    ...<4 lines>...
                             cwd,
                             ^^^^
                             startupinfo)
                             ^^^^^^^^^^^^
FileNotFoundError: [WinError 2] Impossibile trovare il file specificato

During handling of the above exception, another exception occurred:

Traceback (most recent call last):
  File "C:\Users\Laptop\OneDrive\Desktop\bot cookie clicker\game_state.py", line 70, in update
    self._update_cookies()
    ~~~~~~~~~~~~~~~~~~~~^^
  File "C:\Users\Laptop\OneDrive\Desktop\bot cookie clicker\game_state.py", line 88, in _update_cookies
    val = self.screen_reader.read_cookie_count()
  File "C:\Users\Laptop\OneDrive\Desktop\bot cookie clicker\screen_reader.py", line 304, in read_cookie_count
    text = self._ocr(img)
  File "C:\Users\Laptop\OneDrive\Desktop\bot cookie clicker\screen_reader.py", line 237, in _ocr
    text = pytesseract.image_to_string(
        img,
        config=f"--psm 7 {config_str}".strip()
    )
  File "C:\Users\Laptop\AppData\Local\Programs\Python\Python314\Lib\site-packages\pytesseract\pytesseract.py", line 486, in image_to_string
    return {
           ~
    ...<2 lines>...
        Output.STRING: lambda: run_and_get_output(*args),
        ~~~~~~~~~~~~~~~~~~~~~~~~~~~~~~~~~~~~~~~~~~~~~~~~~
    }[output_type]()
    ~~~~~~~~~~~~~~^^
  File "C:\Users\Laptop\AppData\Local\Programs\Python\Python314\Lib\site-packages\pytesseract\pytesseract.py", line 489, in <lambda>
    Output.STRING: lambda: run_and_get_output(*args),
                           ~~~~~~~~~~~~~~~~~~^^^^^^^
  File "C:\Users\Laptop\AppData\Local\Programs\Python\Python314\Lib\site-packages\pytesseract\pytesseract.py", line 352, in run_and_get_output
    run_tesseract(**kwargs)
    ~~~~~~~~~~~~~^^^^^^^^^^
  File "C:\Users\Laptop\AppData\Local\Programs\Python\Python314\Lib\site-packages\pytesseract\pytesseract.py", line 280, in run_tesseract
    raise TesseractNotFoundError()
pytesseract.pytesseract.TesseractNotFoundError: tesseract is not installed or it's not in your PATH. See README file for more information.
2026-02-21 20:52:50,249 [ERROR] [STATE] Errore durante update(): tesseract is not installed or it's not in your PATH. See README file for more information.
Traceback (most recent call last):
  File "C:\Users\Laptop\AppData\Local\Programs\Python\Python314\Lib\site-packages\pytesseract\pytesseract.py", line 275, in run_tesseract
    proc = subprocess.Popen(cmd_args, **subprocess_args())
  File "C:\Users\Laptop\AppData\Local\Programs\Python\Python314\Lib\subprocess.py", line 1038, in __init__
    self._execute_child(args, executable, preexec_fn, close_fds,
    ~~~~~~~~~~~~~~~~~~~^^^^^^^^^^^^^^^^^^^^^^^^^^^^^^^^^^^^^^^^^
                        pass_fds, cwd, env,
                        ^^^^^^^^^^^^^^^^^^^
    ...<5 lines>...
                        gid, gids, uid, umask,
                        ^^^^^^^^^^^^^^^^^^^^^^
                        start_new_session, process_group)
                        ^^^^^^^^^^^^^^^^^^^^^^^^^^^^^^^^^
  File "C:\Users\Laptop\AppData\Local\Programs\Python\Python314\Lib\subprocess.py", line 1552, in _execute_child
    hp, ht, pid, tid = _winapi.CreateProcess(executable, args,
                       ~~~~~~~~~~~~~~~~~~~~~^^^^^^^^^^^^^^^^^^
                             # no special security
                             ^^^^^^^^^^^^^^^^^^^^^
    ...<4 lines>...
                             cwd,
                             ^^^^
                             startupinfo)
                             ^^^^^^^^^^^^
FileNotFoundError: [WinError 2] Impossibile trovare il file specificato

During handling of the above exception, another exception occurred:

Traceback (most recent call last):
  File "C:\Users\Laptop\OneDrive\Desktop\bot cookie clicker\game_state.py", line 70, in update
    self._update_cookies()
    ~~~~~~~~~~~~~~~~~~~~^^
  File "C:\Users\Laptop\OneDrive\Desktop\bot cookie clicker\game_state.py", line 88, in _update_cookies
    val = self.screen_reader.read_cookie_count()
  File "C:\Users\Laptop\OneDrive\Desktop\bot cookie clicker\screen_reader.py", line 304, in read_cookie_count
    text = self._ocr(img)
  File "C:\Users\Laptop\OneDrive\Desktop\bot cookie clicker\screen_reader.py", line 237, in _ocr
    text = pytesseract.image_to_string(
        img,
        config=f"--psm 7 {config_str}".strip()
    )
  File "C:\Users\Laptop\AppData\Local\Programs\Python\Python314\Lib\site-packages\pytesseract\pytesseract.py", line 486, in image_to_string
    return {
           ~
    ...<2 lines>...
        Output.STRING: lambda: run_and_get_output(*args),
        ~~~~~~~~~~~~~~~~~~~~~~~~~~~~~~~~~~~~~~~~~~~~~~~~~
    }[output_type]()
    ~~~~~~~~~~~~~~^^
  File "C:\Users\Laptop\AppData\Local\Programs\Python\Python314\Lib\site-packages\pytesseract\pytesseract.py", line 489, in <lambda>
    Output.STRING: lambda: run_and_get_output(*args),
                           ~~~~~~~~~~~~~~~~~~^^^^^^^
  File "C:\Users\Laptop\AppData\Local\Programs\Python\Python314\Lib\site-packages\pytesseract\pytesseract.py", line 352, in run_and_get_output
    run_tesseract(**kwargs)
    ~~~~~~~~~~~~~^^^^^^^^^^
  File "C:\Users\Laptop\AppData\Local\Programs\Python\Python314\Lib\site-packages\pytesseract\pytesseract.py", line 280, in run_tesseract
    raise TesseractNotFoundError()
pytesseract.pytesseract.TesseractNotFoundError: tesseract is not installed or it's not in your PATH. See README file for more information.
2026-02-21 20:52:52,333 [ERROR] [STATE] Errore durante update(): tesseract is not installed or it's not in your PATH. See README file for more information.
Traceback (most recent call last):
  File "C:\Users\Laptop\AppData\Local\Programs\Python\Python314\Lib\site-packages\pytesseract\pytesseract.py", line 275, in run_tesseract
    proc = subprocess.Popen(cmd_args, **subprocess_args())
  File "C:\Users\Laptop\AppData\Local\Programs\Python\Python314\Lib\subprocess.py", line 1038, in __init__
    self._execute_child(args, executable, preexec_fn, close_fds,
    ~~~~~~~~~~~~~~~~~~~^^^^^^^^^^^^^^^^^^^^^^^^^^^^^^^^^^^^^^^^^
                        pass_fds, cwd, env,
                        ^^^^^^^^^^^^^^^^^^^
    ...<5 lines>...
                        gid, gids, uid, umask,
                        ^^^^^^^^^^^^^^^^^^^^^^
                        start_new_session, process_group)
                        ^^^^^^^^^^^^^^^^^^^^^^^^^^^^^^^^^
  File "C:\Users\Laptop\AppData\Local\Programs\Python\Python314\Lib\subprocess.py", line 1552, in _execute_child
    hp, ht, pid, tid = _winapi.CreateProcess(executable, args,
                       ~~~~~~~~~~~~~~~~~~~~~^^^^^^^^^^^^^^^^^^
                             # no special security
                             ^^^^^^^^^^^^^^^^^^^^^
    ...<4 lines>...
                             cwd,
                             ^^^^
                             startupinfo)
                             ^^^^^^^^^^^^
FileNotFoundError: [WinError 2] Impossibile trovare il file specificato

During handling of the above exception, another exception occurred:

Traceback (most recent call last):
  File "C:\Users\Laptop\OneDrive\Desktop\bot cookie clicker\game_state.py", line 70, in update
    self._update_cookies()
    ~~~~~~~~~~~~~~~~~~~~^^
  File "C:\Users\Laptop\OneDrive\Desktop\bot cookie clicker\game_state.py", line 88, in _update_cookies
    val = self.screen_reader.read_cookie_count()
  File "C:\Users\Laptop\OneDrive\Desktop\bot cookie clicker\screen_reader.py", line 304, in read_cookie_count
    text = self._ocr(img)
  File "C:\Users\Laptop\OneDrive\Desktop\bot cookie clicker\screen_reader.py", line 237, in _ocr
    text = pytesseract.image_to_string(
        img,
        config=f"--psm 7 {config_str}".strip()
    )
  File "C:\Users\Laptop\AppData\Local\Programs\Python\Python314\Lib\site-packages\pytesseract\pytesseract.py", line 486, in image_to_string
    return {
           ~
    ...<2 lines>...
        Output.STRING: lambda: run_and_get_output(*args),
        ~~~~~~~~~~~~~~~~~~~~~~~~~~~~~~~~~~~~~~~~~~~~~~~~~
    }[output_type]()
    ~~~~~~~~~~~~~~^^
  File "C:\Users\Laptop\AppData\Local\Programs\Python\Python314\Lib\site-packages\pytesseract\pytesseract.py", line 489, in <lambda>
    Output.STRING: lambda: run_and_get_output(*args),
                           ~~~~~~~~~~~~~~~~~~^^^^^^^
  File "C:\Users\Laptop\AppData\Local\Programs\Python\Python314\Lib\site-packages\pytesseract\pytesseract.py", line 352, in run_and_get_output
    run_tesseract(**kwargs)
    ~~~~~~~~~~~~~^^^^^^^^^^
  File "C:\Users\Laptop\AppData\Local\Programs\Python\Python314\Lib\site-packages\pytesseract\pytesseract.py", line 280, in run_tesseract
    raise TesseractNotFoundError()
pytesseract.pytesseract.TesseractNotFoundError: tesseract is not installed or it's not in your PATH. See README file for more information.
2026-02-21 20:52:54,481 [ERROR] [STATE] Errore durante update(): tesseract is not installed or it's not in your PATH. See README file for more information.
Traceback (most recent call last):
  File "C:\Users\Laptop\AppData\Local\Programs\Python\Python314\Lib\site-packages\pytesseract\pytesseract.py", line 275, in run_tesseract
    proc = subprocess.Popen(cmd_args, **subprocess_args())
  File "C:\Users\Laptop\AppData\Local\Programs\Python\Python314\Lib\subprocess.py", line 1038, in __init__
    self._execute_child(args, executable, preexec_fn, close_fds,
    ~~~~~~~~~~~~~~~~~~~^^^^^^^^^^^^^^^^^^^^^^^^^^^^^^^^^^^^^^^^^
                        pass_fds, cwd, env,
                        ^^^^^^^^^^^^^^^^^^^
    ...<5 lines>...
                        gid, gids, uid, umask,
                        ^^^^^^^^^^^^^^^^^^^^^^
                        start_new_session, process_group)
                        ^^^^^^^^^^^^^^^^^^^^^^^^^^^^^^^^^
  File "C:\Users\Laptop\AppData\Local\Programs\Python\Python314\Lib\subprocess.py", line 1552, in _execute_child
    hp, ht, pid, tid = _winapi.CreateProcess(executable, args,
                       ~~~~~~~~~~~~~~~~~~~~~^^^^^^^^^^^^^^^^^^
                             # no special security
                             ^^^^^^^^^^^^^^^^^^^^^
    ...<4 lines>...
                             cwd,
                             ^^^^
                             startupinfo)
                             ^^^^^^^^^^^^
FileNotFoundError: [WinError 2] Impossibile trovare il file specificato

During handling of the above exception, another exception occurred:

Traceback (most recent call last):
  File "C:\Users\Laptop\OneDrive\Desktop\bot cookie clicker\game_state.py", line 70, in update
    self._update_cookies()
    ~~~~~~~~~~~~~~~~~~~~^^
  File "C:\Users\Laptop\OneDrive\Desktop\bot cookie clicker\game_state.py", line 88, in _update_cookies
    val = self.screen_reader.read_cookie_count()
  File "C:\Users\Laptop\OneDrive\Desktop\bot cookie clicker\screen_reader.py", line 304, in read_cookie_count
    text = self._ocr(img)
  File "C:\Users\Laptop\OneDrive\Desktop\bot cookie clicker\screen_reader.py", line 237, in _ocr
    text = pytesseract.image_to_string(
        img,
        config=f"--psm 7 {config_str}".strip()
    )
  File "C:\Users\Laptop\AppData\Local\Programs\Python\Python314\Lib\site-packages\pytesseract\pytesseract.py", line 486, in image_to_string
    return {
           ~
    ...<2 lines>...
        Output.STRING: lambda: run_and_get_output(*args),
        ~~~~~~~~~~~~~~~~~~~~~~~~~~~~~~~~~~~~~~~~~~~~~~~~~
    }[output_type]()
    ~~~~~~~~~~~~~~^^
  File "C:\Users\Laptop\AppData\Local\Programs\Python\Python314\Lib\site-packages\pytesseract\pytesseract.py", line 489, in <lambda>
    Output.STRING: lambda: run_and_get_output(*args),
                           ~~~~~~~~~~~~~~~~~~^^^^^^^
  File "C:\Users\Laptop\AppData\Local\Programs\Python\Python314\Lib\site-packages\pytesseract\pytesseract.py", line 352, in run_and_get_output
    run_tesseract(**kwargs)
    ~~~~~~~~~~~~~^^^^^^^^^^
  File "C:\Users\Laptop\AppData\Local\Programs\Python\Python314\Lib\site-packages\pytesseract\pytesseract.py", line 280, in run_tesseract
    raise TesseractNotFoundError()
pytesseract.pytesseract.TesseractNotFoundError: tesseract is not installed or it's not in your PATH. See README file for more information.
2026-02-21 20:52:56,582 [ERROR] [STATE] Errore durante update(): tesseract is not installed or it's not in your PATH. See README file for more information.
Traceback (most recent call last):
  File "C:\Users\Laptop\AppData\Local\Programs\Python\Python314\Lib\site-packages\pytesseract\pytesseract.py", line 275, in run_tesseract
    proc = subprocess.Popen(cmd_args, **subprocess_args())
  File "C:\Users\Laptop\AppData\Local\Programs\Python\Python314\Lib\subprocess.py", line 1038, in __init__
    self._execute_child(args, executable, preexec_fn, close_fds,
    ~~~~~~~~~~~~~~~~~~~^^^^^^^^^^^^^^^^^^^^^^^^^^^^^^^^^^^^^^^^^
                        pass_fds, cwd, env,
                        ^^^^^^^^^^^^^^^^^^^
    ...<5 lines>...
                        gid, gids, uid, umask,
                        ^^^^^^^^^^^^^^^^^^^^^^
                        start_new_session, process_group)
                        ^^^^^^^^^^^^^^^^^^^^^^^^^^^^^^^^^
  File "C:\Users\Laptop\AppData\Local\Programs\Python\Python314\Lib\subprocess.py", line 1552, in _execute_child
    hp, ht, pid, tid = _winapi.CreateProcess(executable, args,
                       ~~~~~~~~~~~~~~~~~~~~~^^^^^^^^^^^^^^^^^^
                             # no special security
                             ^^^^^^^^^^^^^^^^^^^^^
    ...<4 lines>...
                             cwd,
                             ^^^^
                             startupinfo)
                             ^^^^^^^^^^^^
FileNotFoundError: [WinError 2] Impossibile trovare il file specificato

During handling of the above exception, another exception occurred:

Traceback (most recent call last):
  File "C:\Users\Laptop\OneDrive\Desktop\bot cookie clicker\game_state.py", line 70, in update
    self._update_cookies()
    ~~~~~~~~~~~~~~~~~~~~^^
  File "C:\Users\Laptop\OneDrive\Desktop\bot cookie clicker\game_state.py", line 88, in _update_cookies
    val = self.screen_reader.read_cookie_count()
  File "C:\Users\Laptop\OneDrive\Desktop\bot cookie clicker\screen_reader.py", line 304, in read_cookie_count
    text = self._ocr(img)
  File "C:\Users\Laptop\OneDrive\Desktop\bot cookie clicker\screen_reader.py", line 237, in _ocr
    text = pytesseract.image_to_string(
        img,
        config=f"--psm 7 {config_str}".strip()
    )
  File "C:\Users\Laptop\AppData\Local\Programs\Python\Python314\Lib\site-packages\pytesseract\pytesseract.py", line 486, in image_to_string
    return {
           ~
    ...<2 lines>...
        Output.STRING: lambda: run_and_get_output(*args),
        ~~~~~~~~~~~~~~~~~~~~~~~~~~~~~~~~~~~~~~~~~~~~~~~~~
    }[output_type]()
    ~~~~~~~~~~~~~~^^
  File "C:\Users\Laptop\AppData\Local\Programs\Python\Python314\Lib\site-packages\pytesseract\pytesseract.py", line 489, in <lambda>
    Output.STRING: lambda: run_and_get_output(*args),
                           ~~~~~~~~~~~~~~~~~~^^^^^^^
  File "C:\Users\Laptop\AppData\Local\Programs\Python\Python314\Lib\site-packages\pytesseract\pytesseract.py", line 352, in run_and_get_output
    run_tesseract(**kwargs)
    ~~~~~~~~~~~~~^^^^^^^^^^
  File "C:\Users\Laptop\AppData\Local\Programs\Python\Python314\Lib\site-packages\pytesseract\pytesseract.py", line 280, in run_tesseract
    raise TesseractNotFoundError()
pytesseract.pytesseract.TesseractNotFoundError: tesseract is not installed or it's not in your PATH. See README file for more information.
2026-02-21 20:52:58,679 [ERROR] [STATE] Errore durante update(): tesseract is not installed or it's not in your PATH. See README file for more information.
Traceback (most recent call last):
  File "C:\Users\Laptop\AppData\Local\Programs\Python\Python314\Lib\site-packages\pytesseract\pytesseract.py", line 275, in run_tesseract
    proc = subprocess.Popen(cmd_args, **subprocess_args())
  File "C:\Users\Laptop\AppData\Local\Programs\Python\Python314\Lib\subprocess.py", line 1038, in __init__
    self._execute_child(args, executable, preexec_fn, close_fds,
    ~~~~~~~~~~~~~~~~~~~^^^^^^^^^^^^^^^^^^^^^^^^^^^^^^^^^^^^^^^^^
                        pass_fds, cwd, env,
                        ^^^^^^^^^^^^^^^^^^^
    ...<5 lines>...
                        gid, gids, uid, umask,
                        ^^^^^^^^^^^^^^^^^^^^^^
                        start_new_session, process_group)
                        ^^^^^^^^^^^^^^^^^^^^^^^^^^^^^^^^^
  File "C:\Users\Laptop\AppData\Local\Programs\Python\Python314\Lib\subprocess.py", line 1552, in _execute_child
    hp, ht, pid, tid = _winapi.CreateProcess(executable, args,
                       ~~~~~~~~~~~~~~~~~~~~~^^^^^^^^^^^^^^^^^^
                             # no special security
                             ^^^^^^^^^^^^^^^^^^^^^
    ...<4 lines>...
                             cwd,
                             ^^^^
                             startupinfo)
                             ^^^^^^^^^^^^
FileNotFoundError: [WinError 2] Impossibile trovare il file specificato

During handling of the above exception, another exception occurred:

Traceback (most recent call last):
  File "C:\Users\Laptop\OneDrive\Desktop\bot cookie clicker\game_state.py", line 70, in update
    self._update_cookies()
    ~~~~~~~~~~~~~~~~~~~~^^
  File "C:\Users\Laptop\OneDrive\Desktop\bot cookie clicker\game_state.py", line 88, in _update_cookies
    val = self.screen_reader.read_cookie_count()
  File "C:\Users\Laptop\OneDrive\Desktop\bot cookie clicker\screen_reader.py", line 304, in read_cookie_count
    text = self._ocr(img)
  File "C:\Users\Laptop\OneDrive\Desktop\bot cookie clicker\screen_reader.py", line 237, in _ocr
    text = pytesseract.image_to_string(
        img,
        config=f"--psm 7 {config_str}".strip()
    )
  File "C:\Users\Laptop\AppData\Local\Programs\Python\Python314\Lib\site-packages\pytesseract\pytesseract.py", line 486, in image_to_string
    return {
           ~
    ...<2 lines>...
        Output.STRING: lambda: run_and_get_output(*args),
        ~~~~~~~~~~~~~~~~~~~~~~~~~~~~~~~~~~~~~~~~~~~~~~~~~
    }[output_type]()
    ~~~~~~~~~~~~~~^^
  File "C:\Users\Laptop\AppData\Local\Programs\Python\Python314\Lib\site-packages\pytesseract\pytesseract.py", line 489, in <lambda>
    Output.STRING: lambda: run_and_get_output(*args),
                           ~~~~~~~~~~~~~~~~~~^^^^^^^
  File "C:\Users\Laptop\AppData\Local\Programs\Python\Python314\Lib\site-packages\pytesseract\pytesseract.py", line 352, in run_and_get_output
    run_tesseract(**kwargs)
    ~~~~~~~~~~~~~^^^^^^^^^^
  File "C:\Users\Laptop\AppData\Local\Programs\Python\Python314\Lib\site-packages\pytesseract\pytesseract.py", line 280, in run_tesseract
    raise TesseractNotFoundError()
pytesseract.pytesseract.TesseractNotFoundError: tesseract is not installed or it's not in your PATH. See README file for more information.
2026-02-21 20:53:00,815 [ERROR] [STATE] Errore durante update(): tesseract is not installed or it's not in your PATH. See README file for more information.
Traceback (most recent call last):
  File "C:\Users\Laptop\AppData\Local\Programs\Python\Python314\Lib\site-packages\pytesseract\pytesseract.py", line 275, in run_tesseract
    proc = subprocess.Popen(cmd_args, **subprocess_args())
  File "C:\Users\Laptop\AppData\Local\Programs\Python\Python314\Lib\subprocess.py", line 1038, in __init__
    self._execute_child(args, executable, preexec_fn, close_fds,
    ~~~~~~~~~~~~~~~~~~~^^^^^^^^^^^^^^^^^^^^^^^^^^^^^^^^^^^^^^^^^
                        pass_fds, cwd, env,
                        ^^^^^^^^^^^^^^^^^^^
    ...<5 lines>...
                        gid, gids, uid, umask,
                        ^^^^^^^^^^^^^^^^^^^^^^
                        start_new_session, process_group)
                        ^^^^^^^^^^^^^^^^^^^^^^^^^^^^^^^^^
  File "C:\Users\Laptop\AppData\Local\Programs\Python\Python314\Lib\subprocess.py", line 1552, in _execute_child
    hp, ht, pid, tid = _winapi.CreateProcess(executable, args,
                       ~~~~~~~~~~~~~~~~~~~~~^^^^^^^^^^^^^^^^^^
                             # no special security
                             ^^^^^^^^^^^^^^^^^^^^^
    ...<4 lines>...
                             cwd,
                             ^^^^
                             startupinfo)
                             ^^^^^^^^^^^^
FileNotFoundError: [WinError 2] Impossibile trovare il file specificato

During handling of the above exception, another exception occurred:

Traceback (most recent call last):
  File "C:\Users\Laptop\OneDrive\Desktop\bot cookie clicker\game_state.py", line 70, in update
    self._update_cookies()
    ~~~~~~~~~~~~~~~~~~~~^^
  File "C:\Users\Laptop\OneDrive\Desktop\bot cookie clicker\game_state.py", line 88, in _update_cookies
    val = self.screen_reader.read_cookie_count()
  File "C:\Users\Laptop\OneDrive\Desktop\bot cookie clicker\screen_reader.py", line 304, in read_cookie_count
    text = self._ocr(img)
  File "C:\Users\Laptop\OneDrive\Desktop\bot cookie clicker\screen_reader.py", line 237, in _ocr
    text = pytesseract.image_to_string(
        img,
        config=f"--psm 7 {config_str}".strip()
    )
  File "C:\Users\Laptop\AppData\Local\Programs\Python\Python314\Lib\site-packages\pytesseract\pytesseract.py", line 486, in image_to_string
    return {
           ~
    ...<2 lines>...
        Output.STRING: lambda: run_and_get_output(*args),
        ~~~~~~~~~~~~~~~~~~~~~~~~~~~~~~~~~~~~~~~~~~~~~~~~~
    }[output_type]()
    ~~~~~~~~~~~~~~^^
  File "C:\Users\Laptop\AppData\Local\Programs\Python\Python314\Lib\site-packages\pytesseract\pytesseract.py", line 489, in <lambda>
    Output.STRING: lambda: run_and_get_output(*args),
                           ~~~~~~~~~~~~~~~~~~^^^^^^^
  File "C:\Users\Laptop\AppData\Local\Programs\Python\Python314\Lib\site-packages\pytesseract\pytesseract.py", line 352, in run_and_get_output
    run_tesseract(**kwargs)
    ~~~~~~~~~~~~~^^^^^^^^^^
  File "C:\Users\Laptop\AppData\Local\Programs\Python\Python314\Lib\site-packages\pytesseract\pytesseract.py", line 280, in run_tesseract
    raise TesseractNotFoundError()
pytesseract.pytesseract.TesseractNotFoundError: tesseract is not installed or it's not in your PATH. See README file for more information.
2026-02-21 20:53:02,900 [ERROR] [STATE] Errore durante update(): tesseract is not installed or it's not in your PATH. See README file for more information.
Traceback (most recent call last):
  File "C:\Users\Laptop\AppData\Local\Programs\Python\Python314\Lib\site-packages\pytesseract\pytesseract.py", line 275, in run_tesseract
    proc = subprocess.Popen(cmd_args, **subprocess_args())
  File "C:\Users\Laptop\AppData\Local\Programs\Python\Python314\Lib\subprocess.py", line 1038, in __init__
    self._execute_child(args, executable, preexec_fn, close_fds,
    ~~~~~~~~~~~~~~~~~~~^^^^^^^^^^^^^^^^^^^^^^^^^^^^^^^^^^^^^^^^^
                        pass_fds, cwd, env,
                        ^^^^^^^^^^^^^^^^^^^
    ...<5 lines>...
                        gid, gids, uid, umask,
                        ^^^^^^^^^^^^^^^^^^^^^^
                        start_new_session, process_group)
                        ^^^^^^^^^^^^^^^^^^^^^^^^^^^^^^^^^
  File "C:\Users\Laptop\AppData\Local\Programs\Python\Python314\Lib\subprocess.py", line 1552, in _execute_child
    hp, ht, pid, tid = _winapi.CreateProcess(executable, args,
                       ~~~~~~~~~~~~~~~~~~~~~^^^^^^^^^^^^^^^^^^
                             # no special security
                             ^^^^^^^^^^^^^^^^^^^^^
    ...<4 lines>...
                             cwd,
                             ^^^^
                             startupinfo)
                             ^^^^^^^^^^^^
FileNotFoundError: [WinError 2] Impossibile trovare il file specificato

During handling of the above exception, another exception occurred:

Traceback (most recent call last):
  File "C:\Users\Laptop\OneDrive\Desktop\bot cookie clicker\game_state.py", line 70, in update
    self._update_cookies()
    ~~~~~~~~~~~~~~~~~~~~^^
  File "C:\Users\Laptop\OneDrive\Desktop\bot cookie clicker\game_state.py", line 88, in _update_cookies
    val = self.screen_reader.read_cookie_count()
  File "C:\Users\Laptop\OneDrive\Desktop\bot cookie clicker\screen_reader.py", line 304, in read_cookie_count
    text = self._ocr(img)
  File "C:\Users\Laptop\OneDrive\Desktop\bot cookie clicker\screen_reader.py", line 237, in _ocr
    text = pytesseract.image_to_string(
        img,
        config=f"--psm 7 {config_str}".strip()
    )
  File "C:\Users\Laptop\AppData\Local\Programs\Python\Python314\Lib\site-packages\pytesseract\pytesseract.py", line 486, in image_to_string
    return {
           ~
    ...<2 lines>...
        Output.STRING: lambda: run_and_get_output(*args),
        ~~~~~~~~~~~~~~~~~~~~~~~~~~~~~~~~~~~~~~~~~~~~~~~~~
    }[output_type]()
    ~~~~~~~~~~~~~~^^
  File "C:\Users\Laptop\AppData\Local\Programs\Python\Python314\Lib\site-packages\pytesseract\pytesseract.py", line 489, in <lambda>
    Output.STRING: lambda: run_and_get_output(*args),
                           ~~~~~~~~~~~~~~~~~~^^^^^^^
  File "C:\Users\Laptop\AppData\Local\Programs\Python\Python314\Lib\site-packages\pytesseract\pytesseract.py", line 352, in run_and_get_output
    run_tesseract(**kwargs)
    ~~~~~~~~~~~~~^^^^^^^^^^
  File "C:\Users\Laptop\AppData\Local\Programs\Python\Python314\Lib\site-packages\pytesseract\pytesseract.py", line 280, in run_tesseract
    raise TesseractNotFoundError()
pytesseract.pytesseract.TesseractNotFoundError: tesseract is not installed or it's not in your PATH. See README file for more information.
2026-02-21 20:53:04,979 [ERROR] [STATE] Errore durante update(): tesseract is not installed or it's not in your PATH. See README file for more information.
Traceback (most recent call last):
  File "C:\Users\Laptop\AppData\Local\Programs\Python\Python314\Lib\site-packages\pytesseract\pytesseract.py", line 275, in run_tesseract
    proc = subprocess.Popen(cmd_args, **subprocess_args())
  File "C:\Users\Laptop\AppData\Local\Programs\Python\Python314\Lib\subprocess.py", line 1038, in __init__
    self._execute_child(args, executable, preexec_fn, close_fds,
    ~~~~~~~~~~~~~~~~~~~^^^^^^^^^^^^^^^^^^^^^^^^^^^^^^^^^^^^^^^^^
                        pass_fds, cwd, env,
                        ^^^^^^^^^^^^^^^^^^^
    ...<5 lines>...
                        gid, gids, uid, umask,
                        ^^^^^^^^^^^^^^^^^^^^^^
                        start_new_session, process_group)
                        ^^^^^^^^^^^^^^^^^^^^^^^^^^^^^^^^^
  File "C:\Users\Laptop\AppData\Local\Programs\Python\Python314\Lib\subprocess.py", line 1552, in _execute_child
    hp, ht, pid, tid = _winapi.CreateProcess(executable, args,
                       ~~~~~~~~~~~~~~~~~~~~~^^^^^^^^^^^^^^^^^^
                             # no special security
                             ^^^^^^^^^^^^^^^^^^^^^
    ...<4 lines>...
                             cwd,
                             ^^^^
                             startupinfo)
                             ^^^^^^^^^^^^
FileNotFoundError: [WinError 2] Impossibile trovare il file specificato

During handling of the above exception, another exception occurred:

Traceback (most recent call last):
  File "C:\Users\Laptop\OneDrive\Desktop\bot cookie clicker\game_state.py", line 70, in update
    self._update_cookies()
    ~~~~~~~~~~~~~~~~~~~~^^
  File "C:\Users\Laptop\OneDrive\Desktop\bot cookie clicker\game_state.py", line 88, in _update_cookies
    val = self.screen_reader.read_cookie_count()
  File "C:\Users\Laptop\OneDrive\Desktop\bot cookie clicker\screen_reader.py", line 304, in read_cookie_count
    text = self._ocr(img)
  File "C:\Users\Laptop\OneDrive\Desktop\bot cookie clicker\screen_reader.py", line 237, in _ocr
    text = pytesseract.image_to_string(
        img,
        config=f"--psm 7 {config_str}".strip()
    )
  File "C:\Users\Laptop\AppData\Local\Programs\Python\Python314\Lib\site-packages\pytesseract\pytesseract.py", line 486, in image_to_string
    return {
           ~
    ...<2 lines>...
        Output.STRING: lambda: run_and_get_output(*args),
        ~~~~~~~~~~~~~~~~~~~~~~~~~~~~~~~~~~~~~~~~~~~~~~~~~
    }[output_type]()
    ~~~~~~~~~~~~~~^^
  File "C:\Users\Laptop\AppData\Local\Programs\Python\Python314\Lib\site-packages\pytesseract\pytesseract.py", line 489, in <lambda>
    Output.STRING: lambda: run_and_get_output(*args),
                           ~~~~~~~~~~~~~~~~~~^^^^^^^
  File "C:\Users\Laptop\AppData\Local\Programs\Python\Python314\Lib\site-packages\pytesseract\pytesseract.py", line 352, in run_and_get_output
    run_tesseract(**kwargs)
    ~~~~~~~~~~~~~^^^^^^^^^^
  File "C:\Users\Laptop\AppData\Local\Programs\Python\Python314\Lib\site-packages\pytesseract\pytesseract.py", line 280, in run_tesseract
    raise TesseractNotFoundError()
pytesseract.pytesseract.TesseractNotFoundError: tesseract is not installed or it's not in your PATH. See README file for more information.
2026-02-21 20:53:07,067 [ERROR] [STATE] Errore durante update(): tesseract is not installed or it's not in your PATH. See README file for more information.
Traceback (most recent call last):
  File "C:\Users\Laptop\AppData\Local\Programs\Python\Python314\Lib\site-packages\pytesseract\pytesseract.py", line 275, in run_tesseract
    proc = subprocess.Popen(cmd_args, **subprocess_args())
  File "C:\Users\Laptop\AppData\Local\Programs\Python\Python314\Lib\subprocess.py", line 1038, in __init__
    self._execute_child(args, executable, preexec_fn, close_fds,
    ~~~~~~~~~~~~~~~~~~~^^^^^^^^^^^^^^^^^^^^^^^^^^^^^^^^^^^^^^^^^
                        pass_fds, cwd, env,
                        ^^^^^^^^^^^^^^^^^^^
    ...<5 lines>...
                        gid, gids, uid, umask,
                        ^^^^^^^^^^^^^^^^^^^^^^
                        start_new_session, process_group)
                        ^^^^^^^^^^^^^^^^^^^^^^^^^^^^^^^^^
  File "C:\Users\Laptop\AppData\Local\Programs\Python\Python314\Lib\subprocess.py", line 1552, in _execute_child
    hp, ht, pid, tid = _winapi.CreateProcess(executable, args,
                       ~~~~~~~~~~~~~~~~~~~~~^^^^^^^^^^^^^^^^^^
                             # no special security
                             ^^^^^^^^^^^^^^^^^^^^^
    ...<4 lines>...
                             cwd,
                             ^^^^
                             startupinfo)
                             ^^^^^^^^^^^^
FileNotFoundError: [WinError 2] Impossibile trovare il file specificato

During handling of the above exception, another exception occurred:

Traceback (most recent call last):
  File "C:\Users\Laptop\OneDrive\Desktop\bot cookie clicker\game_state.py", line 70, in update
    self._update_cookies()
    ~~~~~~~~~~~~~~~~~~~~^^
  File "C:\Users\Laptop\OneDrive\Desktop\bot cookie clicker\game_state.py", line 88, in _update_cookies
    val = self.screen_reader.read_cookie_count()
  File "C:\Users\Laptop\OneDrive\Desktop\bot cookie clicker\screen_reader.py", line 304, in read_cookie_count
    text = self._ocr(img)
  File "C:\Users\Laptop\OneDrive\Desktop\bot cookie clicker\screen_reader.py", line 237, in _ocr
    text = pytesseract.image_to_string(
        img,
        config=f"--psm 7 {config_str}".strip()
    )
  File "C:\Users\Laptop\AppData\Local\Programs\Python\Python314\Lib\site-packages\pytesseract\pytesseract.py", line 486, in image_to_string
    return {
           ~
    ...<2 lines>...
        Output.STRING: lambda: run_and_get_output(*args),
        ~~~~~~~~~~~~~~~~~~~~~~~~~~~~~~~~~~~~~~~~~~~~~~~~~
    }[output_type]()
    ~~~~~~~~~~~~~~^^
  File "C:\Users\Laptop\AppData\Local\Programs\Python\Python314\Lib\site-packages\pytesseract\pytesseract.py", line 489, in <lambda>
    Output.STRING: lambda: run_and_get_output(*args),
                           ~~~~~~~~~~~~~~~~~~^^^^^^^
  File "C:\Users\Laptop\AppData\Local\Programs\Python\Python314\Lib\site-packages\pytesseract\pytesseract.py", line 352, in run_and_get_output
    run_tesseract(**kwargs)
    ~~~~~~~~~~~~~^^^^^^^^^^
  File "C:\Users\Laptop\AppData\Local\Programs\Python\Python314\Lib\site-packages\pytesseract\pytesseract.py", line 280, in run_tesseract
    raise TesseractNotFoundError()
pytesseract.pytesseract.TesseractNotFoundError: tesseract is not installed or it's not in your PATH. See README file for more information.
2026-02-21 20:53:09,150 [ERROR] [STATE] Errore durante update(): tesseract is not installed or it's not in your PATH. See README file for more information.
Traceback (most recent call last):
  File "C:\Users\Laptop\AppData\Local\Programs\Python\Python314\Lib\site-packages\pytesseract\pytesseract.py", line 275, in run_tesseract
    proc = subprocess.Popen(cmd_args, **subprocess_args())
  File "C:\Users\Laptop\AppData\Local\Programs\Python\Python314\Lib\subprocess.py", line 1038, in __init__
    self._execute_child(args, executable, preexec_fn, close_fds,
    ~~~~~~~~~~~~~~~~~~~^^^^^^^^^^^^^^^^^^^^^^^^^^^^^^^^^^^^^^^^^
                        pass_fds, cwd, env,
                        ^^^^^^^^^^^^^^^^^^^
    ...<5 lines>...
                        gid, gids, uid, umask,
                        ^^^^^^^^^^^^^^^^^^^^^^
                        start_new_session, process_group)
                        ^^^^^^^^^^^^^^^^^^^^^^^^^^^^^^^^^
  File "C:\Users\Laptop\AppData\Local\Programs\Python\Python314\Lib\subprocess.py", line 1552, in _execute_child
    hp, ht, pid, tid = _winapi.CreateProcess(executable, args,
                       ~~~~~~~~~~~~~~~~~~~~~^^^^^^^^^^^^^^^^^^
                             # no special security
                             ^^^^^^^^^^^^^^^^^^^^^
    ...<4 lines>...
                             cwd,
                             ^^^^
                             startupinfo)
                             ^^^^^^^^^^^^
FileNotFoundError: [WinError 2] Impossibile trovare il file specificato

During handling of the above exception, another exception occurred:

Traceback (most recent call last):
  File "C:\Users\Laptop\OneDrive\Desktop\bot cookie clicker\game_state.py", line 70, in update
    self._update_cookies()
    ~~~~~~~~~~~~~~~~~~~~^^
  File "C:\Users\Laptop\OneDrive\Desktop\bot cookie clicker\game_state.py", line 88, in _update_cookies
    val = self.screen_reader.read_cookie_count()
  File "C:\Users\Laptop\OneDrive\Desktop\bot cookie clicker\screen_reader.py", line 304, in read_cookie_count
    text = self._ocr(img)
  File "C:\Users\Laptop\OneDrive\Desktop\bot cookie clicker\screen_reader.py", line 237, in _ocr
    text = pytesseract.image_to_string(
        img,
        config=f"--psm 7 {config_str}".strip()
    )
  File "C:\Users\Laptop\AppData\Local\Programs\Python\Python314\Lib\site-packages\pytesseract\pytesseract.py", line 486, in image_to_string
    return {
           ~
    ...<2 lines>...
        Output.STRING: lambda: run_and_get_output(*args),
        ~~~~~~~~~~~~~~~~~~~~~~~~~~~~~~~~~~~~~~~~~~~~~~~~~
    }[output_type]()
    ~~~~~~~~~~~~~~^^
  File "C:\Users\Laptop\AppData\Local\Programs\Python\Python314\Lib\site-packages\pytesseract\pytesseract.py", line 489, in <lambda>
    Output.STRING: lambda: run_and_get_output(*args),
                           ~~~~~~~~~~~~~~~~~~^^^^^^^
  File "C:\Users\Laptop\AppData\Local\Programs\Python\Python314\Lib\site-packages\pytesseract\pytesseract.py", line 352, in run_and_get_output
    run_tesseract(**kwargs)
    ~~~~~~~~~~~~~^^^^^^^^^^
  File "C:\Users\Laptop\AppData\Local\Programs\Python\Python314\Lib\site-packages\pytesseract\pytesseract.py", line 280, in run_tesseract
    raise TesseractNotFoundError()
pytesseract.pytesseract.TesseractNotFoundError: tesseract is not installed or it's not in your PATH. See README file for more information.
2026-02-21 20:53:11,275 [ERROR] [STATE] Errore durante update(): tesseract is not installed or it's not in your PATH. See README file for more information.
Traceback (most recent call last):
  File "C:\Users\Laptop\AppData\Local\Programs\Python\Python314\Lib\site-packages\pytesseract\pytesseract.py", line 275, in run_tesseract
    proc = subprocess.Popen(cmd_args, **subprocess_args())
  File "C:\Users\Laptop\AppData\Local\Programs\Python\Python314\Lib\subprocess.py", line 1038, in __init__
    self._execute_child(args, executable, preexec_fn, close_fds,
    ~~~~~~~~~~~~~~~~~~~^^^^^^^^^^^^^^^^^^^^^^^^^^^^^^^^^^^^^^^^^
                        pass_fds, cwd, env,
                        ^^^^^^^^^^^^^^^^^^^
    ...<5 lines>...
                        gid, gids, uid, umask,
                        ^^^^^^^^^^^^^^^^^^^^^^
                        start_new_session, process_group)
                        ^^^^^^^^^^^^^^^^^^^^^^^^^^^^^^^^^
  File "C:\Users\Laptop\AppData\Local\Programs\Python\Python314\Lib\subprocess.py", line 1552, in _execute_child
    hp, ht, pid, tid = _winapi.CreateProcess(executable, args,
                       ~~~~~~~~~~~~~~~~~~~~~^^^^^^^^^^^^^^^^^^
                             # no special security
                             ^^^^^^^^^^^^^^^^^^^^^
    ...<4 lines>...
                             cwd,
                             ^^^^
                             startupinfo)
                             ^^^^^^^^^^^^
FileNotFoundError: [WinError 2] Impossibile trovare il file specificato

During handling of the above exception, another exception occurred:

Traceback (most recent call last):
  File "C:\Users\Laptop\OneDrive\Desktop\bot cookie clicker\game_state.py", line 70, in update
    self._update_cookies()
    ~~~~~~~~~~~~~~~~~~~~^^
  File "C:\Users\Laptop\OneDrive\Desktop\bot cookie clicker\game_state.py", line 88, in _update_cookies
    val = self.screen_reader.read_cookie_count()
  File "C:\Users\Laptop\OneDrive\Desktop\bot cookie clicker\screen_reader.py", line 304, in read_cookie_count
    text = self._ocr(img)
  File "C:\Users\Laptop\OneDrive\Desktop\bot cookie clicker\screen_reader.py", line 237, in _ocr
    text = pytesseract.image_to_string(
        img,
        config=f"--psm 7 {config_str}".strip()
    )
  File "C:\Users\Laptop\AppData\Local\Programs\Python\Python314\Lib\site-packages\pytesseract\pytesseract.py", line 486, in image_to_string
    return {
           ~
    ...<2 lines>...
        Output.STRING: lambda: run_and_get_output(*args),
        ~~~~~~~~~~~~~~~~~~~~~~~~~~~~~~~~~~~~~~~~~~~~~~~~~
    }[output_type]()
    ~~~~~~~~~~~~~~^^
  File "C:\Users\Laptop\AppData\Local\Programs\Python\Python314\Lib\site-packages\pytesseract\pytesseract.py", line 489, in <lambda>
    Output.STRING: lambda: run_and_get_output(*args),
                           ~~~~~~~~~~~~~~~~~~^^^^^^^
  File "C:\Users\Laptop\AppData\Local\Programs\Python\Python314\Lib\site-packages\pytesseract\pytesseract.py", line 352, in run_and_get_output
    run_tesseract(**kwargs)
    ~~~~~~~~~~~~~^^^^^^^^^^
  File "C:\Users\Laptop\AppData\Local\Programs\Python\Python314\Lib\site-packages\pytesseract\pytesseract.py", line 280, in run_tesseract
    raise TesseractNotFoundError()
pytesseract.pytesseract.TesseractNotFoundError: tesseract is not installed or it's not in your PATH. See README file for more information.
2026-02-21 20:53:13,292 [ERROR] [STATE] Errore durante update(): screen grab failed
Traceback (most recent call last):
  File "C:\Users\Laptop\OneDrive\Desktop\bot cookie clicker\game_state.py", line 70, in update
    self._update_cookies()
    ~~~~~~~~~~~~~~~~~~~~^^
  File "C:\Users\Laptop\OneDrive\Desktop\bot cookie clicker\game_state.py", line 88, in _update_cookies
    val = self.screen_reader.read_cookie_count()
  File "C:\Users\Laptop\OneDrive\Desktop\bot cookie clicker\screen_reader.py", line 303, in read_cookie_count
    img  = self.screenshot("cookie_count")
  File "C:\Users\Laptop\OneDrive\Desktop\bot cookie clicker\screen_reader.py", line 191, in screenshot
    img = ImageGrab.grab(bbox=bbox)
  File "C:\Users\Laptop\AppData\Local\Programs\Python\Python314\Lib\site-packages\PIL\ImageGrab.py", line 89, in grab
    offset, size, data = Image.core.grabscreen_win32(
                         ~~~~~~~~~~~~~~~~~~~~~~~~~~~^
        include_layered_windows,
        ^^^^^^^^^^^^^^^^^^^^^^^^
        all_screens,
        ^^^^^^^^^^^^
        int(window) if window is not None else 0,
        ^^^^^^^^^^^^^^^^^^^^^^^^^^^^^^^^^^^^^^^^^
    )
    ^
OSError: screen grab failed
2026-02-21 20:53:15,307 [ERROR] [STATE] Errore durante update(): screen grab failed
Traceback (most recent call last):
  File "C:\Users\Laptop\OneDrive\Desktop\bot cookie clicker\game_state.py", line 70, in update
    self._update_cookies()
    ~~~~~~~~~~~~~~~~~~~~^^
  File "C:\Users\Laptop\OneDrive\Desktop\bot cookie clicker\game_state.py", line 88, in _update_cookies
    val = self.screen_reader.read_cookie_count()
  File "C:\Users\Laptop\OneDrive\Desktop\bot cookie clicker\screen_reader.py", line 303, in read_cookie_count
    img  = self.screenshot("cookie_count")
  File "C:\Users\Laptop\OneDrive\Desktop\bot cookie clicker\screen_reader.py", line 191, in screenshot
    img = ImageGrab.grab(bbox=bbox)
  File "C:\Users\Laptop\AppData\Local\Programs\Python\Python314\Lib\site-packages\PIL\ImageGrab.py", line 89, in grab
    offset, size, data = Image.core.grabscreen_win32(
                         ~~~~~~~~~~~~~~~~~~~~~~~~~~~^
        include_layered_windows,
        ^^^^^^^^^^^^^^^^^^^^^^^^
        all_screens,
        ^^^^^^^^^^^^
        int(window) if window is not None else 0,
        ^^^^^^^^^^^^^^^^^^^^^^^^^^^^^^^^^^^^^^^^^
    )
    ^
OSError: screen grab failed
2026-02-21 20:53:17,430 [ERROR] [STATE] Errore durante update(): tesseract is not installed or it's not in your PATH. See README file for more information.
Traceback (most recent call last):
  File "C:\Users\Laptop\AppData\Local\Programs\Python\Python314\Lib\site-packages\pytesseract\pytesseract.py", line 275, in run_tesseract
    proc = subprocess.Popen(cmd_args, **subprocess_args())
  File "C:\Users\Laptop\AppData\Local\Programs\Python\Python314\Lib\subprocess.py", line 1038, in __init__
    self._execute_child(args, executable, preexec_fn, close_fds,
    ~~~~~~~~~~~~~~~~~~~^^^^^^^^^^^^^^^^^^^^^^^^^^^^^^^^^^^^^^^^^
                        pass_fds, cwd, env,
                        ^^^^^^^^^^^^^^^^^^^
    ...<5 lines>...
                        gid, gids, uid, umask,
                        ^^^^^^^^^^^^^^^^^^^^^^
                        start_new_session, process_group)
                        ^^^^^^^^^^^^^^^^^^^^^^^^^^^^^^^^^
  File "C:\Users\Laptop\AppData\Local\Programs\Python\Python314\Lib\subprocess.py", line 1552, in _execute_child
    hp, ht, pid, tid = _winapi.CreateProcess(executable, args,
                       ~~~~~~~~~~~~~~~~~~~~~^^^^^^^^^^^^^^^^^^
                             # no special security
                             ^^^^^^^^^^^^^^^^^^^^^
    ...<4 lines>...
                             cwd,
                             ^^^^
                             startupinfo)
                             ^^^^^^^^^^^^
FileNotFoundError: [WinError 2] Impossibile trovare il file specificato

During handling of the above exception, another exception occurred:

Traceback (most recent call last):
  File "C:\Users\Laptop\OneDrive\Desktop\bot cookie clicker\game_state.py", line 70, in update
    self._update_cookies()
    ~~~~~~~~~~~~~~~~~~~~^^
  File "C:\Users\Laptop\OneDrive\Desktop\bot cookie clicker\game_state.py", line 88, in _update_cookies
    val = self.screen_reader.read_cookie_count()
  File "C:\Users\Laptop\OneDrive\Desktop\bot cookie clicker\screen_reader.py", line 304, in read_cookie_count
    text = self._ocr(img)
  File "C:\Users\Laptop\OneDrive\Desktop\bot cookie clicker\screen_reader.py", line 237, in _ocr
    text = pytesseract.image_to_string(
        img,
        config=f"--psm 7 {config_str}".strip()
    )
  File "C:\Users\Laptop\AppData\Local\Programs\Python\Python314\Lib\site-packages\pytesseract\pytesseract.py", line 486, in image_to_string
    return {
           ~
    ...<2 lines>...
        Output.STRING: lambda: run_and_get_output(*args),
        ~~~~~~~~~~~~~~~~~~~~~~~~~~~~~~~~~~~~~~~~~~~~~~~~~
    }[output_type]()
    ~~~~~~~~~~~~~~^^
  File "C:\Users\Laptop\AppData\Local\Programs\Python\Python314\Lib\site-packages\pytesseract\pytesseract.py", line 489, in <lambda>
    Output.STRING: lambda: run_and_get_output(*args),
                           ~~~~~~~~~~~~~~~~~~^^^^^^^
  File "C:\Users\Laptop\AppData\Local\Programs\Python\Python314\Lib\site-packages\pytesseract\pytesseract.py", line 352, in run_and_get_output
    run_tesseract(**kwargs)
    ~~~~~~~~~~~~~^^^^^^^^^^
  File "C:\Users\Laptop\AppData\Local\Programs\Python\Python314\Lib\site-packages\pytesseract\pytesseract.py", line 280, in run_tesseract
    raise TesseractNotFoundError()
pytesseract.pytesseract.TesseractNotFoundError: tesseract is not installed or it's not in your PATH. See README file for more information.
2026-02-21 20:53:19,448 [ERROR] [STATE] Errore durante update(): screen grab failed
Traceback (most recent call last):
  File "C:\Users\Laptop\OneDrive\Desktop\bot cookie clicker\game_state.py", line 70, in update
    self._update_cookies()
    ~~~~~~~~~~~~~~~~~~~~^^
  File "C:\Users\Laptop\OneDrive\Desktop\bot cookie clicker\game_state.py", line 88, in _update_cookies
    val = self.screen_reader.read_cookie_count()
  File "C:\Users\Laptop\OneDrive\Desktop\bot cookie clicker\screen_reader.py", line 303, in read_cookie_count
    img  = self.screenshot("cookie_count")
  File "C:\Users\Laptop\OneDrive\Desktop\bot cookie clicker\screen_reader.py", line 191, in screenshot
    img = ImageGrab.grab(bbox=bbox)
  File "C:\Users\Laptop\AppData\Local\Programs\Python\Python314\Lib\site-packages\PIL\ImageGrab.py", line 89, in grab
    offset, size, data = Image.core.grabscreen_win32(
                         ~~~~~~~~~~~~~~~~~~~~~~~~~~~^
        include_layered_windows,
        ^^^^^^^^^^^^^^^^^^^^^^^^
        all_screens,
        ^^^^^^^^^^^^
        int(window) if window is not None else 0,
        ^^^^^^^^^^^^^^^^^^^^^^^^^^^^^^^^^^^^^^^^^
    )
    ^
OSError: screen grab failed
2026-02-21 20:53:21,683 [ERROR] [STATE] Errore durante update(): tesseract is not installed or it's not in your PATH. See README file for more information.
Traceback (most recent call last):
  File "C:\Users\Laptop\AppData\Local\Programs\Python\Python314\Lib\site-packages\pytesseract\pytesseract.py", line 275, in run_tesseract
    proc = subprocess.Popen(cmd_args, **subprocess_args())
  File "C:\Users\Laptop\AppData\Local\Programs\Python\Python314\Lib\subprocess.py", line 1038, in __init__
    self._execute_child(args, executable, preexec_fn, close_fds,
    ~~~~~~~~~~~~~~~~~~~^^^^^^^^^^^^^^^^^^^^^^^^^^^^^^^^^^^^^^^^^
                        pass_fds, cwd, env,
                        ^^^^^^^^^^^^^^^^^^^
    ...<5 lines>...
                        gid, gids, uid, umask,
                        ^^^^^^^^^^^^^^^^^^^^^^
                        start_new_session, process_group)
                        ^^^^^^^^^^^^^^^^^^^^^^^^^^^^^^^^^
  File "C:\Users\Laptop\AppData\Local\Programs\Python\Python314\Lib\subprocess.py", line 1552, in _execute_child
    hp, ht, pid, tid = _winapi.CreateProcess(executable, args,
                       ~~~~~~~~~~~~~~~~~~~~~^^^^^^^^^^^^^^^^^^
                             # no special security
                             ^^^^^^^^^^^^^^^^^^^^^
    ...<4 lines>...
                             cwd,
                             ^^^^
                             startupinfo)
                             ^^^^^^^^^^^^
FileNotFoundError: [WinError 2] Impossibile trovare il file specificato

During handling of the above exception, another exception occurred:

Traceback (most recent call last):
  File "C:\Users\Laptop\OneDrive\Desktop\bot cookie clicker\game_state.py", line 70, in update
    self._update_cookies()
    ~~~~~~~~~~~~~~~~~~~~^^
  File "C:\Users\Laptop\OneDrive\Desktop\bot cookie clicker\game_state.py", line 88, in _update_cookies
    val = self.screen_reader.read_cookie_count()
  File "C:\Users\Laptop\OneDrive\Desktop\bot cookie clicker\screen_reader.py", line 304, in read_cookie_count
    text = self._ocr(img)
  File "C:\Users\Laptop\OneDrive\Desktop\bot cookie clicker\screen_reader.py", line 237, in _ocr
    text = pytesseract.image_to_string(
        img,
        config=f"--psm 7 {config_str}".strip()
    )
  File "C:\Users\Laptop\AppData\Local\Programs\Python\Python314\Lib\site-packages\pytesseract\pytesseract.py", line 486, in image_to_string
    return {
           ~
    ...<2 lines>...
        Output.STRING: lambda: run_and_get_output(*args),
        ~~~~~~~~~~~~~~~~~~~~~~~~~~~~~~~~~~~~~~~~~~~~~~~~~
    }[output_type]()
    ~~~~~~~~~~~~~~^^
  File "C:\Users\Laptop\AppData\Local\Programs\Python\Python314\Lib\site-packages\pytesseract\pytesseract.py", line 489, in <lambda>
    Output.STRING: lambda: run_and_get_output(*args),
                           ~~~~~~~~~~~~~~~~~~^^^^^^^
  File "C:\Users\Laptop\AppData\Local\Programs\Python\Python314\Lib\site-packages\pytesseract\pytesseract.py", line 352, in run_and_get_output
    run_tesseract(**kwargs)
    ~~~~~~~~~~~~~^^^^^^^^^^
  File "C:\Users\Laptop\AppData\Local\Programs\Python\Python314\Lib\site-packages\pytesseract\pytesseract.py", line 280, in run_tesseract
    raise TesseractNotFoundError()
pytesseract.pytesseract.TesseractNotFoundError: tesseract is not installed or it's not in your PATH. See README file for more information.
2026-02-21 20:53:23,844 [ERROR] [STATE] Errore durante update(): tesseract is not installed or it's not in your PATH. See README file for more information.
Traceback (most recent call last):
  File "C:\Users\Laptop\AppData\Local\Programs\Python\Python314\Lib\site-packages\pytesseract\pytesseract.py", line 275, in run_tesseract
    proc = subprocess.Popen(cmd_args, **subprocess_args())
  File "C:\Users\Laptop\AppData\Local\Programs\Python\Python314\Lib\subprocess.py", line 1038, in __init__
    self._execute_child(args, executable, preexec_fn, close_fds,
    ~~~~~~~~~~~~~~~~~~~^^^^^^^^^^^^^^^^^^^^^^^^^^^^^^^^^^^^^^^^^
                        pass_fds, cwd, env,
                        ^^^^^^^^^^^^^^^^^^^
    ...<5 lines>...
                        gid, gids, uid, umask,
                        ^^^^^^^^^^^^^^^^^^^^^^
                        start_new_session, process_group)
                        ^^^^^^^^^^^^^^^^^^^^^^^^^^^^^^^^^
  File "C:\Users\Laptop\AppData\Local\Programs\Python\Python314\Lib\subprocess.py", line 1552, in _execute_child
    hp, ht, pid, tid = _winapi.CreateProcess(executable, args,
                       ~~~~~~~~~~~~~~~~~~~~~^^^^^^^^^^^^^^^^^^
                             # no special security
                             ^^^^^^^^^^^^^^^^^^^^^
    ...<4 lines>...
                             cwd,
                             ^^^^
                             startupinfo)
                             ^^^^^^^^^^^^
FileNotFoundError: [WinError 2] Impossibile trovare il file specificato

During handling of the above exception, another exception occurred:

Traceback (most recent call last):
  File "C:\Users\Laptop\OneDrive\Desktop\bot cookie clicker\game_state.py", line 70, in update
    self._update_cookies()
    ~~~~~~~~~~~~~~~~~~~~^^
  File "C:\Users\Laptop\OneDrive\Desktop\bot cookie clicker\game_state.py", line 88, in _update_cookies
    val = self.screen_reader.read_cookie_count()
  File "C:\Users\Laptop\OneDrive\Desktop\bot cookie clicker\screen_reader.py", line 304, in read_cookie_count
    text = self._ocr(img)
  File "C:\Users\Laptop\OneDrive\Desktop\bot cookie clicker\screen_reader.py", line 237, in _ocr
    text = pytesseract.image_to_string(
        img,
        config=f"--psm 7 {config_str}".strip()
    )
  File "C:\Users\Laptop\AppData\Local\Programs\Python\Python314\Lib\site-packages\pytesseract\pytesseract.py", line 486, in image_to_string
    return {
           ~
    ...<2 lines>...
        Output.STRING: lambda: run_and_get_output(*args),
        ~~~~~~~~~~~~~~~~~~~~~~~~~~~~~~~~~~~~~~~~~~~~~~~~~
    }[output_type]()
    ~~~~~~~~~~~~~~^^
  File "C:\Users\Laptop\AppData\Local\Programs\Python\Python314\Lib\site-packages\pytesseract\pytesseract.py", line 489, in <lambda>
    Output.STRING: lambda: run_and_get_output(*args),
                           ~~~~~~~~~~~~~~~~~~^^^^^^^
  File "C:\Users\Laptop\AppData\Local\Programs\Python\Python314\Lib\site-packages\pytesseract\pytesseract.py", line 352, in run_and_get_output
    run_tesseract(**kwargs)
    ~~~~~~~~~~~~~^^^^^^^^^^
  File "C:\Users\Laptop\AppData\Local\Programs\Python\Python314\Lib\site-packages\pytesseract\pytesseract.py", line 280, in run_tesseract
    raise TesseractNotFoundError()
pytesseract.pytesseract.TesseractNotFoundError: tesseract is not installed or it's not in your PATH. See README file for more information.
2026-02-21 20:53:25,939 [ERROR] [STATE] Errore durante update(): tesseract is not installed or it's not in your PATH. See README file for more information.
Traceback (most recent call last):
  File "C:\Users\Laptop\AppData\Local\Programs\Python\Python314\Lib\site-packages\pytesseract\pytesseract.py", line 275, in run_tesseract
    proc = subprocess.Popen(cmd_args, **subprocess_args())
  File "C:\Users\Laptop\AppData\Local\Programs\Python\Python314\Lib\subprocess.py", line 1038, in __init__
    self._execute_child(args, executable, preexec_fn, close_fds,
    ~~~~~~~~~~~~~~~~~~~^^^^^^^^^^^^^^^^^^^^^^^^^^^^^^^^^^^^^^^^^
                        pass_fds, cwd, env,
                        ^^^^^^^^^^^^^^^^^^^
    ...<5 lines>...
                        gid, gids, uid, umask,
                        ^^^^^^^^^^^^^^^^^^^^^^
                        start_new_session, process_group)
                        ^^^^^^^^^^^^^^^^^^^^^^^^^^^^^^^^^
  File "C:\Users\Laptop\AppData\Local\Programs\Python\Python314\Lib\subprocess.py", line 1552, in _execute_child
    hp, ht, pid, tid = _winapi.CreateProcess(executable, args,
                       ~~~~~~~~~~~~~~~~~~~~~^^^^^^^^^^^^^^^^^^
                             # no special security
                             ^^^^^^^^^^^^^^^^^^^^^
    ...<4 lines>...
                             cwd,
                             ^^^^
                             startupinfo)
                             ^^^^^^^^^^^^
FileNotFoundError: [WinError 2] Impossibile trovare il file specificato

During handling of the above exception, another exception occurred:

Traceback (most recent call last):
  File "C:\Users\Laptop\OneDrive\Desktop\bot cookie clicker\game_state.py", line 70, in update
    self._update_cookies()
    ~~~~~~~~~~~~~~~~~~~~^^
  File "C:\Users\Laptop\OneDrive\Desktop\bot cookie clicker\game_state.py", line 88, in _update_cookies
    val = self.screen_reader.read_cookie_count()
  File "C:\Users\Laptop\OneDrive\Desktop\bot cookie clicker\screen_reader.py", line 304, in read_cookie_count
    text = self._ocr(img)
  File "C:\Users\Laptop\OneDrive\Desktop\bot cookie clicker\screen_reader.py", line 237, in _ocr
    text = pytesseract.image_to_string(
        img,
        config=f"--psm 7 {config_str}".strip()
    )
  File "C:\Users\Laptop\AppData\Local\Programs\Python\Python314\Lib\site-packages\pytesseract\pytesseract.py", line 486, in image_to_string
    return {
           ~
    ...<2 lines>...
        Output.STRING: lambda: run_and_get_output(*args),
        ~~~~~~~~~~~~~~~~~~~~~~~~~~~~~~~~~~~~~~~~~~~~~~~~~
    }[output_type]()
    ~~~~~~~~~~~~~~^^
  File "C:\Users\Laptop\AppData\Local\Programs\Python\Python314\Lib\site-packages\pytesseract\pytesseract.py", line 489, in <lambda>
    Output.STRING: lambda: run_and_get_output(*args),
                           ~~~~~~~~~~~~~~~~~~^^^^^^^
  File "C:\Users\Laptop\AppData\Local\Programs\Python\Python314\Lib\site-packages\pytesseract\pytesseract.py", line 352, in run_and_get_output
    run_tesseract(**kwargs)
    ~~~~~~~~~~~~~^^^^^^^^^^
  File "C:\Users\Laptop\AppData\Local\Programs\Python\Python314\Lib\site-packages\pytesseract\pytesseract.py", line 280, in run_tesseract
    raise TesseractNotFoundError()
pytesseract.pytesseract.TesseractNotFoundError: tesseract is not installed or it's not in your PATH. See README file for more information.
2026-02-21 20:53:28,058 [ERROR] [STATE] Errore durante update(): tesseract is not installed or it's not in your PATH. See README file for more information.
Traceback (most recent call last):
  File "C:\Users\Laptop\AppData\Local\Programs\Python\Python314\Lib\site-packages\pytesseract\pytesseract.py", line 275, in run_tesseract
    proc = subprocess.Popen(cmd_args, **subprocess_args())
  File "C:\Users\Laptop\AppData\Local\Programs\Python\Python314\Lib\subprocess.py", line 1038, in __init__
    self._execute_child(args, executable, preexec_fn, close_fds,
    ~~~~~~~~~~~~~~~~~~~^^^^^^^^^^^^^^^^^^^^^^^^^^^^^^^^^^^^^^^^^
                        pass_fds, cwd, env,
                        ^^^^^^^^^^^^^^^^^^^
    ...<5 lines>...
                        gid, gids, uid, umask,
                        ^^^^^^^^^^^^^^^^^^^^^^
                        start_new_session, process_group)
                        ^^^^^^^^^^^^^^^^^^^^^^^^^^^^^^^^^
  File "C:\Users\Laptop\AppData\Local\Programs\Python\Python314\Lib\subprocess.py", line 1552, in _execute_child
    hp, ht, pid, tid = _winapi.CreateProcess(executable, args,
                       ~~~~~~~~~~~~~~~~~~~~~^^^^^^^^^^^^^^^^^^
                             # no special security
                             ^^^^^^^^^^^^^^^^^^^^^
    ...<4 lines>...
                             cwd,
                             ^^^^
                             startupinfo)
                             ^^^^^^^^^^^^
FileNotFoundError: [WinError 2] Impossibile trovare il file specificato

During handling of the above exception, another exception occurred:

Traceback (most recent call last):
  File "C:\Users\Laptop\OneDrive\Desktop\bot cookie clicker\game_state.py", line 70, in update
    self._update_cookies()
    ~~~~~~~~~~~~~~~~~~~~^^
  File "C:\Users\Laptop\OneDrive\Desktop\bot cookie clicker\game_state.py", line 88, in _update_cookies
    val = self.screen_reader.read_cookie_count()
  File "C:\Users\Laptop\OneDrive\Desktop\bot cookie clicker\screen_reader.py", line 304, in read_cookie_count
    text = self._ocr(img)
  File "C:\Users\Laptop\OneDrive\Desktop\bot cookie clicker\screen_reader.py", line 237, in _ocr
    text = pytesseract.image_to_string(
        img,
        config=f"--psm 7 {config_str}".strip()
    )
  File "C:\Users\Laptop\AppData\Local\Programs\Python\Python314\Lib\site-packages\pytesseract\pytesseract.py", line 486, in image_to_string
    return {
           ~
    ...<2 lines>...
        Output.STRING: lambda: run_and_get_output(*args),
        ~~~~~~~~~~~~~~~~~~~~~~~~~~~~~~~~~~~~~~~~~~~~~~~~~
    }[output_type]()
    ~~~~~~~~~~~~~~^^
  File "C:\Users\Laptop\AppData\Local\Programs\Python\Python314\Lib\site-packages\pytesseract\pytesseract.py", line 489, in <lambda>
    Output.STRING: lambda: run_and_get_output(*args),
                           ~~~~~~~~~~~~~~~~~~^^^^^^^
  File "C:\Users\Laptop\AppData\Local\Programs\Python\Python314\Lib\site-packages\pytesseract\pytesseract.py", line 352, in run_and_get_output
    run_tesseract(**kwargs)
    ~~~~~~~~~~~~~^^^^^^^^^^
  File "C:\Users\Laptop\AppData\Local\Programs\Python\Python314\Lib\site-packages\pytesseract\pytesseract.py", line 280, in run_tesseract
    raise TesseractNotFoundError()
pytesseract.pytesseract.TesseractNotFoundError: tesseract is not installed or it's not in your PATH. See README file for more information.
2026-02-21 20:53:30,310 [ERROR] [STATE] Errore durante update(): tesseract is not installed or it's not in your PATH. See README file for more information.
Traceback (most recent call last):
  File "C:\Users\Laptop\AppData\Local\Programs\Python\Python314\Lib\site-packages\pytesseract\pytesseract.py", line 275, in run_tesseract
    proc = subprocess.Popen(cmd_args, **subprocess_args())
  File "C:\Users\Laptop\AppData\Local\Programs\Python\Python314\Lib\subprocess.py", line 1038, in __init__
    self._execute_child(args, executable, preexec_fn, close_fds,
    ~~~~~~~~~~~~~~~~~~~^^^^^^^^^^^^^^^^^^^^^^^^^^^^^^^^^^^^^^^^^
                        pass_fds, cwd, env,
                        ^^^^^^^^^^^^^^^^^^^
    ...<5 lines>...
                        gid, gids, uid, umask,
                        ^^^^^^^^^^^^^^^^^^^^^^
                        start_new_session, process_group)
                        ^^^^^^^^^^^^^^^^^^^^^^^^^^^^^^^^^
  File "C:\Users\Laptop\AppData\Local\Programs\Python\Python314\Lib\subprocess.py", line 1552, in _execute_child
    hp, ht, pid, tid = _winapi.CreateProcess(executable, args,
                       ~~~~~~~~~~~~~~~~~~~~~^^^^^^^^^^^^^^^^^^
                             # no special security
                             ^^^^^^^^^^^^^^^^^^^^^
    ...<4 lines>...
                             cwd,
                             ^^^^
                             startupinfo)
                             ^^^^^^^^^^^^
FileNotFoundError: [WinError 2] Impossibile trovare il file specificato

During handling of the above exception, another exception occurred:

Traceback (most recent call last):
  File "C:\Users\Laptop\OneDrive\Desktop\bot cookie clicker\game_state.py", line 70, in update
    self._update_cookies()
    ~~~~~~~~~~~~~~~~~~~~^^
  File "C:\Users\Laptop\OneDrive\Desktop\bot cookie clicker\game_state.py", line 88, in _update_cookies
    val = self.screen_reader.read_cookie_count()
  File "C:\Users\Laptop\OneDrive\Desktop\bot cookie clicker\screen_reader.py", line 304, in read_cookie_count
    text = self._ocr(img)
  File "C:\Users\Laptop\OneDrive\Desktop\bot cookie clicker\screen_reader.py", line 237, in _ocr
    text = pytesseract.image_to_string(
        img,
        config=f"--psm 7 {config_str}".strip()
    )
  File "C:\Users\Laptop\AppData\Local\Programs\Python\Python314\Lib\site-packages\pytesseract\pytesseract.py", line 486, in image_to_string
    return {
           ~
    ...<2 lines>...
        Output.STRING: lambda: run_and_get_output(*args),
        ~~~~~~~~~~~~~~~~~~~~~~~~~~~~~~~~~~~~~~~~~~~~~~~~~
    }[output_type]()
    ~~~~~~~~~~~~~~^^
  File "C:\Users\Laptop\AppData\Local\Programs\Python\Python314\Lib\site-packages\pytesseract\pytesseract.py", line 489, in <lambda>
    Output.STRING: lambda: run_and_get_output(*args),
                           ~~~~~~~~~~~~~~~~~~^^^^^^^
  File "C:\Users\Laptop\AppData\Local\Programs\Python\Python314\Lib\site-packages\pytesseract\pytesseract.py", line 352, in run_and_get_output
    run_tesseract(**kwargs)
    ~~~~~~~~~~~~~^^^^^^^^^^
  File "C:\Users\Laptop\AppData\Local\Programs\Python\Python314\Lib\site-packages\pytesseract\pytesseract.py", line 280, in run_tesseract
    raise TesseractNotFoundError()
pytesseract.pytesseract.TesseractNotFoundError: tesseract is not installed or it's not in your PATH. See README file for more information.
2026-02-21 20:53:32,487 [ERROR] [STATE] Errore durante update(): tesseract is not installed or it's not in your PATH. See README file for more information.
Traceback (most recent call last):
  File "C:\Users\Laptop\AppData\Local\Programs\Python\Python314\Lib\site-packages\pytesseract\pytesseract.py", line 275, in run_tesseract
    proc = subprocess.Popen(cmd_args, **subprocess_args())
  File "C:\Users\Laptop\AppData\Local\Programs\Python\Python314\Lib\subprocess.py", line 1038, in __init__
    self._execute_child(args, executable, preexec_fn, close_fds,
    ~~~~~~~~~~~~~~~~~~~^^^^^^^^^^^^^^^^^^^^^^^^^^^^^^^^^^^^^^^^^
                        pass_fds, cwd, env,
                        ^^^^^^^^^^^^^^^^^^^
    ...<5 lines>...
                        gid, gids, uid, umask,
                        ^^^^^^^^^^^^^^^^^^^^^^
                        start_new_session, process_group)
                        ^^^^^^^^^^^^^^^^^^^^^^^^^^^^^^^^^
  File "C:\Users\Laptop\AppData\Local\Programs\Python\Python314\Lib\subprocess.py", line 1552, in _execute_child
    hp, ht, pid, tid = _winapi.CreateProcess(executable, args,
                       ~~~~~~~~~~~~~~~~~~~~~^^^^^^^^^^^^^^^^^^
                             # no special security
                             ^^^^^^^^^^^^^^^^^^^^^
    ...<4 lines>...
                             cwd,
                             ^^^^
                             startupinfo)
                             ^^^^^^^^^^^^
FileNotFoundError: [WinError 2] Impossibile trovare il file specificato

During handling of the above exception, another exception occurred:

Traceback (most recent call last):
  File "C:\Users\Laptop\OneDrive\Desktop\bot cookie clicker\game_state.py", line 70, in update
    self._update_cookies()
    ~~~~~~~~~~~~~~~~~~~~^^
  File "C:\Users\Laptop\OneDrive\Desktop\bot cookie clicker\game_state.py", line 88, in _update_cookies
    val = self.screen_reader.read_cookie_count()
  File "C:\Users\Laptop\OneDrive\Desktop\bot cookie clicker\screen_reader.py", line 304, in read_cookie_count
    text = self._ocr(img)
  File "C:\Users\Laptop\OneDrive\Desktop\bot cookie clicker\screen_reader.py", line 237, in _ocr
    text = pytesseract.image_to_string(
        img,
        config=f"--psm 7 {config_str}".strip()
    )
  File "C:\Users\Laptop\AppData\Local\Programs\Python\Python314\Lib\site-packages\pytesseract\pytesseract.py", line 486, in image_to_string
    return {
           ~
    ...<2 lines>...
        Output.STRING: lambda: run_and_get_output(*args),
        ~~~~~~~~~~~~~~~~~~~~~~~~~~~~~~~~~~~~~~~~~~~~~~~~~
    }[output_type]()
    ~~~~~~~~~~~~~~^^
  File "C:\Users\Laptop\AppData\Local\Programs\Python\Python314\Lib\site-packages\pytesseract\pytesseract.py", line 489, in <lambda>
    Output.STRING: lambda: run_and_get_output(*args),
                           ~~~~~~~~~~~~~~~~~~^^^^^^^
  File "C:\Users\Laptop\AppData\Local\Programs\Python\Python314\Lib\site-packages\pytesseract\pytesseract.py", line 352, in run_and_get_output
    run_tesseract(**kwargs)
    ~~~~~~~~~~~~~^^^^^^^^^^
  File "C:\Users\Laptop\AppData\Local\Programs\Python\Python314\Lib\site-packages\pytesseract\pytesseract.py", line 280, in run_tesseract
    raise TesseractNotFoundError()
pytesseract.pytesseract.TesseractNotFoundError: tesseract is not installed or it's not in your PATH. See README file for more information.
2026-02-21 20:53:34,614 [ERROR] [STATE] Errore durante update(): tesseract is not installed or it's not in your PATH. See README file for more information.
Traceback (most recent call last):
  File "C:\Users\Laptop\AppData\Local\Programs\Python\Python314\Lib\site-packages\pytesseract\pytesseract.py", line 275, in run_tesseract
    proc = subprocess.Popen(cmd_args, **subprocess_args())
  File "C:\Users\Laptop\AppData\Local\Programs\Python\Python314\Lib\subprocess.py", line 1038, in __init__
    self._execute_child(args, executable, preexec_fn, close_fds,
    ~~~~~~~~~~~~~~~~~~~^^^^^^^^^^^^^^^^^^^^^^^^^^^^^^^^^^^^^^^^^
                        pass_fds, cwd, env,
                        ^^^^^^^^^^^^^^^^^^^
    ...<5 lines>...
                        gid, gids, uid, umask,
                        ^^^^^^^^^^^^^^^^^^^^^^
                        start_new_session, process_group)
                        ^^^^^^^^^^^^^^^^^^^^^^^^^^^^^^^^^
  File "C:\Users\Laptop\AppData\Local\Programs\Python\Python314\Lib\subprocess.py", line 1552, in _execute_child
    hp, ht, pid, tid = _winapi.CreateProcess(executable, args,
                       ~~~~~~~~~~~~~~~~~~~~~^^^^^^^^^^^^^^^^^^
                             # no special security
                             ^^^^^^^^^^^^^^^^^^^^^
    ...<4 lines>...
                             cwd,
                             ^^^^
                             startupinfo)
                             ^^^^^^^^^^^^
FileNotFoundError: [WinError 2] Impossibile trovare il file specificato

During handling of the above exception, another exception occurred:

Traceback (most recent call last):
  File "C:\Users\Laptop\OneDrive\Desktop\bot cookie clicker\game_state.py", line 70, in update
    self._update_cookies()
    ~~~~~~~~~~~~~~~~~~~~^^
  File "C:\Users\Laptop\OneDrive\Desktop\bot cookie clicker\game_state.py", line 88, in _update_cookies
    val = self.screen_reader.read_cookie_count()
  File "C:\Users\Laptop\OneDrive\Desktop\bot cookie clicker\screen_reader.py", line 304, in read_cookie_count
    text = self._ocr(img)
  File "C:\Users\Laptop\OneDrive\Desktop\bot cookie clicker\screen_reader.py", line 237, in _ocr
    text = pytesseract.image_to_string(
        img,
        config=f"--psm 7 {config_str}".strip()
    )
  File "C:\Users\Laptop\AppData\Local\Programs\Python\Python314\Lib\site-packages\pytesseract\pytesseract.py", line 486, in image_to_string
    return {
           ~
    ...<2 lines>...
        Output.STRING: lambda: run_and_get_output(*args),
        ~~~~~~~~~~~~~~~~~~~~~~~~~~~~~~~~~~~~~~~~~~~~~~~~~
    }[output_type]()
    ~~~~~~~~~~~~~~^^
  File "C:\Users\Laptop\AppData\Local\Programs\Python\Python314\Lib\site-packages\pytesseract\pytesseract.py", line 489, in <lambda>
    Output.STRING: lambda: run_and_get_output(*args),
                           ~~~~~~~~~~~~~~~~~~^^^^^^^
  File "C:\Users\Laptop\AppData\Local\Programs\Python\Python314\Lib\site-packages\pytesseract\pytesseract.py", line 352, in run_and_get_output
    run_tesseract(**kwargs)
    ~~~~~~~~~~~~~^^^^^^^^^^
  File "C:\Users\Laptop\AppData\Local\Programs\Python\Python314\Lib\site-packages\pytesseract\pytesseract.py", line 280, in run_tesseract
    raise TesseractNotFoundError()
pytesseract.pytesseract.TesseractNotFoundError: tesseract is not installed or it's not in your PATH. See README file for more information.
2026-02-21 20:53:36,746 [ERROR] [STATE] Errore durante update(): tesseract is not installed or it's not in your PATH. See README file for more information.
Traceback (most recent call last):
  File "C:\Users\Laptop\AppData\Local\Programs\Python\Python314\Lib\site-packages\pytesseract\pytesseract.py", line 275, in run_tesseract
    proc = subprocess.Popen(cmd_args, **subprocess_args())
  File "C:\Users\Laptop\AppData\Local\Programs\Python\Python314\Lib\subprocess.py", line 1038, in __init__
    self._execute_child(args, executable, preexec_fn, close_fds,
    ~~~~~~~~~~~~~~~~~~~^^^^^^^^^^^^^^^^^^^^^^^^^^^^^^^^^^^^^^^^^
                        pass_fds, cwd, env,
                        ^^^^^^^^^^^^^^^^^^^
    ...<5 lines>...
                        gid, gids, uid, umask,
                        ^^^^^^^^^^^^^^^^^^^^^^
                        start_new_session, process_group)
                        ^^^^^^^^^^^^^^^^^^^^^^^^^^^^^^^^^
  File "C:\Users\Laptop\AppData\Local\Programs\Python\Python314\Lib\subprocess.py", line 1552, in _execute_child
    hp, ht, pid, tid = _winapi.CreateProcess(executable, args,
                       ~~~~~~~~~~~~~~~~~~~~~^^^^^^^^^^^^^^^^^^
                             # no special security
                             ^^^^^^^^^^^^^^^^^^^^^
    ...<4 lines>...
                             cwd,
                             ^^^^
                             startupinfo)
                             ^^^^^^^^^^^^
FileNotFoundError: [WinError 2] Impossibile trovare il file specificato

During handling of the above exception, another exception occurred:

Traceback (most recent call last):
  File "C:\Users\Laptop\OneDrive\Desktop\bot cookie clicker\game_state.py", line 70, in update
    self._update_cookies()
    ~~~~~~~~~~~~~~~~~~~~^^
  File "C:\Users\Laptop\OneDrive\Desktop\bot cookie clicker\game_state.py", line 88, in _update_cookies
    val = self.screen_reader.read_cookie_count()
  File "C:\Users\Laptop\OneDrive\Desktop\bot cookie clicker\screen_reader.py", line 304, in read_cookie_count
    text = self._ocr(img)
  File "C:\Users\Laptop\OneDrive\Desktop\bot cookie clicker\screen_reader.py", line 237, in _ocr
    text = pytesseract.image_to_string(
        img,
        config=f"--psm 7 {config_str}".strip()
    )
  File "C:\Users\Laptop\AppData\Local\Programs\Python\Python314\Lib\site-packages\pytesseract\pytesseract.py", line 486, in image_to_string
    return {
           ~
    ...<2 lines>...
        Output.STRING: lambda: run_and_get_output(*args),
        ~~~~~~~~~~~~~~~~~~~~~~~~~~~~~~~~~~~~~~~~~~~~~~~~~
    }[output_type]()
    ~~~~~~~~~~~~~~^^
  File "C:\Users\Laptop\AppData\Local\Programs\Python\Python314\Lib\site-packages\pytesseract\pytesseract.py", line 489, in <lambda>
    Output.STRING: lambda: run_and_get_output(*args),
                           ~~~~~~~~~~~~~~~~~~^^^^^^^
  File "C:\Users\Laptop\AppData\Local\Programs\Python\Python314\Lib\site-packages\pytesseract\pytesseract.py", line 352, in run_and_get_output
    run_tesseract(**kwargs)
    ~~~~~~~~~~~~~^^^^^^^^^^
  File "C:\Users\Laptop\AppData\Local\Programs\Python\Python314\Lib\site-packages\pytesseract\pytesseract.py", line 280, in run_tesseract
    raise TesseractNotFoundError()
pytesseract.pytesseract.TesseractNotFoundError: tesseract is not installed or it's not in your PATH. See README file for more information.
2026-02-21 20:53:38,891 [ERROR] [STATE] Errore durante update(): tesseract is not installed or it's not in your PATH. See README file for more information.
Traceback (most recent call last):
  File "C:\Users\Laptop\AppData\Local\Programs\Python\Python314\Lib\site-packages\pytesseract\pytesseract.py", line 275, in run_tesseract
    proc = subprocess.Popen(cmd_args, **subprocess_args())
  File "C:\Users\Laptop\AppData\Local\Programs\Python\Python314\Lib\subprocess.py", line 1038, in __init__
    self._execute_child(args, executable, preexec_fn, close_fds,
    ~~~~~~~~~~~~~~~~~~~^^^^^^^^^^^^^^^^^^^^^^^^^^^^^^^^^^^^^^^^^
                        pass_fds, cwd, env,
                        ^^^^^^^^^^^^^^^^^^^
    ...<5 lines>...
                        gid, gids, uid, umask,
                        ^^^^^^^^^^^^^^^^^^^^^^
                        start_new_session, process_group)
                        ^^^^^^^^^^^^^^^^^^^^^^^^^^^^^^^^^
  File "C:\Users\Laptop\AppData\Local\Programs\Python\Python314\Lib\subprocess.py", line 1552, in _execute_child
    hp, ht, pid, tid = _winapi.CreateProcess(executable, args,
                       ~~~~~~~~~~~~~~~~~~~~~^^^^^^^^^^^^^^^^^^
                             # no special security
                             ^^^^^^^^^^^^^^^^^^^^^
    ...<4 lines>...
                             cwd,
                             ^^^^
                             startupinfo)
                             ^^^^^^^^^^^^
FileNotFoundError: [WinError 2] Impossibile trovare il file specificato

During handling of the above exception, another exception occurred:

Traceback (most recent call last):
  File "C:\Users\Laptop\OneDrive\Desktop\bot cookie clicker\game_state.py", line 70, in update
    self._update_cookies()
    ~~~~~~~~~~~~~~~~~~~~^^
  File "C:\Users\Laptop\OneDrive\Desktop\bot cookie clicker\game_state.py", line 88, in _update_cookies
    val = self.screen_reader.read_cookie_count()
  File "C:\Users\Laptop\OneDrive\Desktop\bot cookie clicker\screen_reader.py", line 304, in read_cookie_count
    text = self._ocr(img)
  File "C:\Users\Laptop\OneDrive\Desktop\bot cookie clicker\screen_reader.py", line 237, in _ocr
    text = pytesseract.image_to_string(
        img,
        config=f"--psm 7 {config_str}".strip()
    )
  File "C:\Users\Laptop\AppData\Local\Programs\Python\Python314\Lib\site-packages\pytesseract\pytesseract.py", line 486, in image_to_string
    return {
           ~
    ...<2 lines>...
        Output.STRING: lambda: run_and_get_output(*args),
        ~~~~~~~~~~~~~~~~~~~~~~~~~~~~~~~~~~~~~~~~~~~~~~~~~
    }[output_type]()
    ~~~~~~~~~~~~~~^^
  File "C:\Users\Laptop\AppData\Local\Programs\Python\Python314\Lib\site-packages\pytesseract\pytesseract.py", line 489, in <lambda>
    Output.STRING: lambda: run_and_get_output(*args),
                           ~~~~~~~~~~~~~~~~~~^^^^^^^
  File "C:\Users\Laptop\AppData\Local\Programs\Python\Python314\Lib\site-packages\pytesseract\pytesseract.py", line 352, in run_and_get_output
    run_tesseract(**kwargs)
    ~~~~~~~~~~~~~^^^^^^^^^^
  File "C:\Users\Laptop\AppData\Local\Programs\Python\Python314\Lib\site-packages\pytesseract\pytesseract.py", line 280, in run_tesseract
    raise TesseractNotFoundError()
pytesseract.pytesseract.TesseractNotFoundError: tesseract is not installed or it's not in your PATH. See README file for more information.
2026-02-21 20:53:40,981 [ERROR] [STATE] Errore durante update(): tesseract is not installed or it's not in your PATH. See README file for more information.
Traceback (most recent call last):
  File "C:\Users\Laptop\AppData\Local\Programs\Python\Python314\Lib\site-packages\pytesseract\pytesseract.py", line 275, in run_tesseract
    proc = subprocess.Popen(cmd_args, **subprocess_args())
  File "C:\Users\Laptop\AppData\Local\Programs\Python\Python314\Lib\subprocess.py", line 1038, in __init__
    self._execute_child(args, executable, preexec_fn, close_fds,
    ~~~~~~~~~~~~~~~~~~~^^^^^^^^^^^^^^^^^^^^^^^^^^^^^^^^^^^^^^^^^
                        pass_fds, cwd, env,
                        ^^^^^^^^^^^^^^^^^^^
    ...<5 lines>...
                        gid, gids, uid, umask,
                        ^^^^^^^^^^^^^^^^^^^^^^
                        start_new_session, process_group)
                        ^^^^^^^^^^^^^^^^^^^^^^^^^^^^^^^^^
  File "C:\Users\Laptop\AppData\Local\Programs\Python\Python314\Lib\subprocess.py", line 1552, in _execute_child
    hp, ht, pid, tid = _winapi.CreateProcess(executable, args,
                       ~~~~~~~~~~~~~~~~~~~~~^^^^^^^^^^^^^^^^^^
                             # no special security
                             ^^^^^^^^^^^^^^^^^^^^^
    ...<4 lines>...
                             cwd,
                             ^^^^
                             startupinfo)
                             ^^^^^^^^^^^^
FileNotFoundError: [WinError 2] Impossibile trovare il file specificato

During handling of the above exception, another exception occurred:

Traceback (most recent call last):
  File "C:\Users\Laptop\OneDrive\Desktop\bot cookie clicker\game_state.py", line 70, in update
    self._update_cookies()
    ~~~~~~~~~~~~~~~~~~~~^^
  File "C:\Users\Laptop\OneDrive\Desktop\bot cookie clicker\game_state.py", line 88, in _update_cookies
    val = self.screen_reader.read_cookie_count()
  File "C:\Users\Laptop\OneDrive\Desktop\bot cookie clicker\screen_reader.py", line 304, in read_cookie_count
    text = self._ocr(img)
  File "C:\Users\Laptop\OneDrive\Desktop\bot cookie clicker\screen_reader.py", line 237, in _ocr
    text = pytesseract.image_to_string(
        img,
        config=f"--psm 7 {config_str}".strip()
    )
  File "C:\Users\Laptop\AppData\Local\Programs\Python\Python314\Lib\site-packages\pytesseract\pytesseract.py", line 486, in image_to_string
    return {
           ~
    ...<2 lines>...
        Output.STRING: lambda: run_and_get_output(*args),
        ~~~~~~~~~~~~~~~~~~~~~~~~~~~~~~~~~~~~~~~~~~~~~~~~~
    }[output_type]()
    ~~~~~~~~~~~~~~^^
  File "C:\Users\Laptop\AppData\Local\Programs\Python\Python314\Lib\site-packages\pytesseract\pytesseract.py", line 489, in <lambda>
    Output.STRING: lambda: run_and_get_output(*args),
                           ~~~~~~~~~~~~~~~~~~^^^^^^^
  File "C:\Users\Laptop\AppData\Local\Programs\Python\Python314\Lib\site-packages\pytesseract\pytesseract.py", line 352, in run_and_get_output
    run_tesseract(**kwargs)
    ~~~~~~~~~~~~~^^^^^^^^^^
  File "C:\Users\Laptop\AppData\Local\Programs\Python\Python314\Lib\site-packages\pytesseract\pytesseract.py", line 280, in run_tesseract
    raise TesseractNotFoundError()
pytesseract.pytesseract.TesseractNotFoundError: tesseract is not installed or it's not in your PATH. See README file for more information.
2026-02-21 20:53:43,141 [ERROR] [STATE] Errore durante update(): tesseract is not installed or it's not in your PATH. See README file for more information.
Traceback (most recent call last):
  File "C:\Users\Laptop\AppData\Local\Programs\Python\Python314\Lib\site-packages\pytesseract\pytesseract.py", line 275, in run_tesseract
    proc = subprocess.Popen(cmd_args, **subprocess_args())
  File "C:\Users\Laptop\AppData\Local\Programs\Python\Python314\Lib\subprocess.py", line 1038, in __init__
    self._execute_child(args, executable, preexec_fn, close_fds,
    ~~~~~~~~~~~~~~~~~~~^^^^^^^^^^^^^^^^^^^^^^^^^^^^^^^^^^^^^^^^^
                        pass_fds, cwd, env,
                        ^^^^^^^^^^^^^^^^^^^
    ...<5 lines>...
                        gid, gids, uid, umask,
                        ^^^^^^^^^^^^^^^^^^^^^^
                        start_new_session, process_group)
                        ^^^^^^^^^^^^^^^^^^^^^^^^^^^^^^^^^
  File "C:\Users\Laptop\AppData\Local\Programs\Python\Python314\Lib\subprocess.py", line 1552, in _execute_child
    hp, ht, pid, tid = _winapi.CreateProcess(executable, args,
                       ~~~~~~~~~~~~~~~~~~~~~^^^^^^^^^^^^^^^^^^
                             # no special security
                             ^^^^^^^^^^^^^^^^^^^^^
    ...<4 lines>...
                             cwd,
                             ^^^^
                             startupinfo)
                             ^^^^^^^^^^^^
FileNotFoundError: [WinError 2] Impossibile trovare il file specificato

During handling of the above exception, another exception occurred:

Traceback (most recent call last):
  File "C:\Users\Laptop\OneDrive\Desktop\bot cookie clicker\game_state.py", line 70, in update
    self._update_cookies()
    ~~~~~~~~~~~~~~~~~~~~^^
  File "C:\Users\Laptop\OneDrive\Desktop\bot cookie clicker\game_state.py", line 88, in _update_cookies
    val = self.screen_reader.read_cookie_count()
  File "C:\Users\Laptop\OneDrive\Desktop\bot cookie clicker\screen_reader.py", line 304, in read_cookie_count
    text = self._ocr(img)
  File "C:\Users\Laptop\OneDrive\Desktop\bot cookie clicker\screen_reader.py", line 237, in _ocr
    text = pytesseract.image_to_string(
        img,
        config=f"--psm 7 {config_str}".strip()
    )
  File "C:\Users\Laptop\AppData\Local\Programs\Python\Python314\Lib\site-packages\pytesseract\pytesseract.py", line 486, in image_to_string
    return {
           ~
    ...<2 lines>...
        Output.STRING: lambda: run_and_get_output(*args),
        ~~~~~~~~~~~~~~~~~~~~~~~~~~~~~~~~~~~~~~~~~~~~~~~~~
    }[output_type]()
    ~~~~~~~~~~~~~~^^
  File "C:\Users\Laptop\AppData\Local\Programs\Python\Python314\Lib\site-packages\pytesseract\pytesseract.py", line 489, in <lambda>
    Output.STRING: lambda: run_and_get_output(*args),
                           ~~~~~~~~~~~~~~~~~~^^^^^^^
  File "C:\Users\Laptop\AppData\Local\Programs\Python\Python314\Lib\site-packages\pytesseract\pytesseract.py", line 352, in run_and_get_output
    run_tesseract(**kwargs)
    ~~~~~~~~~~~~~^^^^^^^^^^
  File "C:\Users\Laptop\AppData\Local\Programs\Python\Python314\Lib\site-packages\pytesseract\pytesseract.py", line 280, in run_tesseract
    raise TesseractNotFoundError()
pytesseract.pytesseract.TesseractNotFoundError: tesseract is not installed or it's not in your PATH. See README file for more information.
2026-02-21 20:53:45,208 [ERROR] [STATE] Errore durante update(): tesseract is not installed or it's not in your PATH. See README file for more information.
Traceback (most recent call last):
  File "C:\Users\Laptop\AppData\Local\Programs\Python\Python314\Lib\site-packages\pytesseract\pytesseract.py", line 275, in run_tesseract
    proc = subprocess.Popen(cmd_args, **subprocess_args())
  File "C:\Users\Laptop\AppData\Local\Programs\Python\Python314\Lib\subprocess.py", line 1038, in __init__
    self._execute_child(args, executable, preexec_fn, close_fds,
    ~~~~~~~~~~~~~~~~~~~^^^^^^^^^^^^^^^^^^^^^^^^^^^^^^^^^^^^^^^^^
                        pass_fds, cwd, env,
                        ^^^^^^^^^^^^^^^^^^^
    ...<5 lines>...
                        gid, gids, uid, umask,
                        ^^^^^^^^^^^^^^^^^^^^^^
                        start_new_session, process_group)
                        ^^^^^^^^^^^^^^^^^^^^^^^^^^^^^^^^^
  File "C:\Users\Laptop\AppData\Local\Programs\Python\Python314\Lib\subprocess.py", line 1552, in _execute_child
    hp, ht, pid, tid = _winapi.CreateProcess(executable, args,
                       ~~~~~~~~~~~~~~~~~~~~~^^^^^^^^^^^^^^^^^^
                             # no special security
                             ^^^^^^^^^^^^^^^^^^^^^
    ...<4 lines>...
                             cwd,
                             ^^^^
                             startupinfo)
                             ^^^^^^^^^^^^
FileNotFoundError: [WinError 2] Impossibile trovare il file specificato

During handling of the above exception, another exception occurred:

Traceback (most recent call last):
  File "C:\Users\Laptop\OneDrive\Desktop\bot cookie clicker\game_state.py", line 70, in update
    self._update_cookies()
    ~~~~~~~~~~~~~~~~~~~~^^
  File "C:\Users\Laptop\OneDrive\Desktop\bot cookie clicker\game_state.py", line 88, in _update_cookies
    val = self.screen_reader.read_cookie_count()
  File "C:\Users\Laptop\OneDrive\Desktop\bot cookie clicker\screen_reader.py", line 304, in read_cookie_count
    text = self._ocr(img)
  File "C:\Users\Laptop\OneDrive\Desktop\bot cookie clicker\screen_reader.py", line 237, in _ocr
    text = pytesseract.image_to_string(
        img,
        config=f"--psm 7 {config_str}".strip()
    )
  File "C:\Users\Laptop\AppData\Local\Programs\Python\Python314\Lib\site-packages\pytesseract\pytesseract.py", line 486, in image_to_string
    return {
           ~
    ...<2 lines>...
        Output.STRING: lambda: run_and_get_output(*args),
        ~~~~~~~~~~~~~~~~~~~~~~~~~~~~~~~~~~~~~~~~~~~~~~~~~
    }[output_type]()
    ~~~~~~~~~~~~~~^^
  File "C:\Users\Laptop\AppData\Local\Programs\Python\Python314\Lib\site-packages\pytesseract\pytesseract.py", line 489, in <lambda>
    Output.STRING: lambda: run_and_get_output(*args),
                           ~~~~~~~~~~~~~~~~~~^^^^^^^
  File "C:\Users\Laptop\AppData\Local\Programs\Python\Python314\Lib\site-packages\pytesseract\pytesseract.py", line 352, in run_and_get_output
    run_tesseract(**kwargs)
    ~~~~~~~~~~~~~^^^^^^^^^^
  File "C:\Users\Laptop\AppData\Local\Programs\Python\Python314\Lib\site-packages\pytesseract\pytesseract.py", line 280, in run_tesseract
    raise TesseractNotFoundError()
pytesseract.pytesseract.TesseractNotFoundError: tesseract is not installed or it's not in your PATH. See README file for more information.
2026-02-21 20:53:47,422 [ERROR] [STATE] Errore durante update(): tesseract is not installed or it's not in your PATH. See README file for more information.
Traceback (most recent call last):
  File "C:\Users\Laptop\AppData\Local\Programs\Python\Python314\Lib\site-packages\pytesseract\pytesseract.py", line 275, in run_tesseract
    proc = subprocess.Popen(cmd_args, **subprocess_args())
  File "C:\Users\Laptop\AppData\Local\Programs\Python\Python314\Lib\subprocess.py", line 1038, in __init__
    self._execute_child(args, executable, preexec_fn, close_fds,
    ~~~~~~~~~~~~~~~~~~~^^^^^^^^^^^^^^^^^^^^^^^^^^^^^^^^^^^^^^^^^
                        pass_fds, cwd, env,
                        ^^^^^^^^^^^^^^^^^^^
    ...<5 lines>...
                        gid, gids, uid, umask,
                        ^^^^^^^^^^^^^^^^^^^^^^
                        start_new_session, process_group)
                        ^^^^^^^^^^^^^^^^^^^^^^^^^^^^^^^^^
  File "C:\Users\Laptop\AppData\Local\Programs\Python\Python314\Lib\subprocess.py", line 1552, in _execute_child
    hp, ht, pid, tid = _winapi.CreateProcess(executable, args,
                       ~~~~~~~~~~~~~~~~~~~~~^^^^^^^^^^^^^^^^^^
                             # no special security
                             ^^^^^^^^^^^^^^^^^^^^^
    ...<4 lines>...
                             cwd,
                             ^^^^
                             startupinfo)
                             ^^^^^^^^^^^^
FileNotFoundError: [WinError 2] Impossibile trovare il file specificato

During handling of the above exception, another exception occurred:

Traceback (most recent call last):
  File "C:\Users\Laptop\OneDrive\Desktop\bot cookie clicker\game_state.py", line 70, in update
    self._update_cookies()
    ~~~~~~~~~~~~~~~~~~~~^^
  File "C:\Users\Laptop\OneDrive\Desktop\bot cookie clicker\game_state.py", line 88, in _update_cookies
    val = self.screen_reader.read_cookie_count()
  File "C:\Users\Laptop\OneDrive\Desktop\bot cookie clicker\screen_reader.py", line 304, in read_cookie_count
    text = self._ocr(img)
  File "C:\Users\Laptop\OneDrive\Desktop\bot cookie clicker\screen_reader.py", line 237, in _ocr
    text = pytesseract.image_to_string(
        img,
        config=f"--psm 7 {config_str}".strip()
    )
  File "C:\Users\Laptop\AppData\Local\Programs\Python\Python314\Lib\site-packages\pytesseract\pytesseract.py", line 486, in image_to_string
    return {
           ~
    ...<2 lines>...
        Output.STRING: lambda: run_and_get_output(*args),
        ~~~~~~~~~~~~~~~~~~~~~~~~~~~~~~~~~~~~~~~~~~~~~~~~~
    }[output_type]()
    ~~~~~~~~~~~~~~^^
  File "C:\Users\Laptop\AppData\Local\Programs\Python\Python314\Lib\site-packages\pytesseract\pytesseract.py", line 489, in <lambda>
    Output.STRING: lambda: run_and_get_output(*args),
                           ~~~~~~~~~~~~~~~~~~^^^^^^^
  File "C:\Users\Laptop\AppData\Local\Programs\Python\Python314\Lib\site-packages\pytesseract\pytesseract.py", line 352, in run_and_get_output
    run_tesseract(**kwargs)
    ~~~~~~~~~~~~~^^^^^^^^^^
  File "C:\Users\Laptop\AppData\Local\Programs\Python\Python314\Lib\site-packages\pytesseract\pytesseract.py", line 280, in run_tesseract
    raise TesseractNotFoundError()
pytesseract.pytesseract.TesseractNotFoundError: tesseract is not installed or it's not in your PATH. See README file for more information.
2026-02-21 20:53:49,513 [ERROR] [STATE] Errore durante update(): tesseract is not installed or it's not in your PATH. See README file for more information.
Traceback (most recent call last):
  File "C:\Users\Laptop\AppData\Local\Programs\Python\Python314\Lib\site-packages\pytesseract\pytesseract.py", line 275, in run_tesseract
    proc = subprocess.Popen(cmd_args, **subprocess_args())
  File "C:\Users\Laptop\AppData\Local\Programs\Python\Python314\Lib\subprocess.py", line 1038, in __init__
    self._execute_child(args, executable, preexec_fn, close_fds,
    ~~~~~~~~~~~~~~~~~~~^^^^^^^^^^^^^^^^^^^^^^^^^^^^^^^^^^^^^^^^^
                        pass_fds, cwd, env,
                        ^^^^^^^^^^^^^^^^^^^
    ...<5 lines>...
                        gid, gids, uid, umask,
                        ^^^^^^^^^^^^^^^^^^^^^^
                        start_new_session, process_group)
                        ^^^^^^^^^^^^^^^^^^^^^^^^^^^^^^^^^
  File "C:\Users\Laptop\AppData\Local\Programs\Python\Python314\Lib\subprocess.py", line 1552, in _execute_child
    hp, ht, pid, tid = _winapi.CreateProcess(executable, args,
                       ~~~~~~~~~~~~~~~~~~~~~^^^^^^^^^^^^^^^^^^
                             # no special security
                             ^^^^^^^^^^^^^^^^^^^^^
    ...<4 lines>...
                             cwd,
                             ^^^^
                             startupinfo)
                             ^^^^^^^^^^^^
FileNotFoundError: [WinError 2] Impossibile trovare il file specificato

During handling of the above exception, another exception occurred:

Traceback (most recent call last):
  File "C:\Users\Laptop\OneDrive\Desktop\bot cookie clicker\game_state.py", line 70, in update
    self._update_cookies()
    ~~~~~~~~~~~~~~~~~~~~^^
  File "C:\Users\Laptop\OneDrive\Desktop\bot cookie clicker\game_state.py", line 88, in _update_cookies
    val = self.screen_reader.read_cookie_count()
  File "C:\Users\Laptop\OneDrive\Desktop\bot cookie clicker\screen_reader.py", line 304, in read_cookie_count
    text = self._ocr(img)
  File "C:\Users\Laptop\OneDrive\Desktop\bot cookie clicker\screen_reader.py", line 237, in _ocr
    text = pytesseract.image_to_string(
        img,
        config=f"--psm 7 {config_str}".strip()
    )
  File "C:\Users\Laptop\AppData\Local\Programs\Python\Python314\Lib\site-packages\pytesseract\pytesseract.py", line 486, in image_to_string
    return {
           ~
    ...<2 lines>...
        Output.STRING: lambda: run_and_get_output(*args),
        ~~~~~~~~~~~~~~~~~~~~~~~~~~~~~~~~~~~~~~~~~~~~~~~~~
    }[output_type]()
    ~~~~~~~~~~~~~~^^
  File "C:\Users\Laptop\AppData\Local\Programs\Python\Python314\Lib\site-packages\pytesseract\pytesseract.py", line 489, in <lambda>
    Output.STRING: lambda: run_and_get_output(*args),
                           ~~~~~~~~~~~~~~~~~~^^^^^^^
  File "C:\Users\Laptop\AppData\Local\Programs\Python\Python314\Lib\site-packages\pytesseract\pytesseract.py", line 352, in run_and_get_output
    run_tesseract(**kwargs)
    ~~~~~~~~~~~~~^^^^^^^^^^
  File "C:\Users\Laptop\AppData\Local\Programs\Python\Python314\Lib\site-packages\pytesseract\pytesseract.py", line 280, in run_tesseract
    raise TesseractNotFoundError()
pytesseract.pytesseract.TesseractNotFoundError: tesseract is not installed or it's not in your PATH. See README file for more information.
2026-02-21 20:53:51,674 [ERROR] [STATE] Errore durante update(): tesseract is not installed or it's not in your PATH. See README file for more information.
Traceback (most recent call last):
  File "C:\Users\Laptop\AppData\Local\Programs\Python\Python314\Lib\site-packages\pytesseract\pytesseract.py", line 275, in run_tesseract
    proc = subprocess.Popen(cmd_args, **subprocess_args())
  File "C:\Users\Laptop\AppData\Local\Programs\Python\Python314\Lib\subprocess.py", line 1038, in __init__
    self._execute_child(args, executable, preexec_fn, close_fds,
    ~~~~~~~~~~~~~~~~~~~^^^^^^^^^^^^^^^^^^^^^^^^^^^^^^^^^^^^^^^^^
                        pass_fds, cwd, env,
                        ^^^^^^^^^^^^^^^^^^^
    ...<5 lines>...
                        gid, gids, uid, umask,
                        ^^^^^^^^^^^^^^^^^^^^^^
                        start_new_session, process_group)
                        ^^^^^^^^^^^^^^^^^^^^^^^^^^^^^^^^^
  File "C:\Users\Laptop\AppData\Local\Programs\Python\Python314\Lib\subprocess.py", line 1552, in _execute_child
    hp, ht, pid, tid = _winapi.CreateProcess(executable, args,
                       ~~~~~~~~~~~~~~~~~~~~~^^^^^^^^^^^^^^^^^^
                             # no special security
                             ^^^^^^^^^^^^^^^^^^^^^
    ...<4 lines>...
                             cwd,
                             ^^^^
                             startupinfo)
                             ^^^^^^^^^^^^
FileNotFoundError: [WinError 2] Impossibile trovare il file specificato

During handling of the above exception, another exception occurred:

Traceback (most recent call last):
  File "C:\Users\Laptop\OneDrive\Desktop\bot cookie clicker\game_state.py", line 70, in update
    self._update_cookies()
    ~~~~~~~~~~~~~~~~~~~~^^
  File "C:\Users\Laptop\OneDrive\Desktop\bot cookie clicker\game_state.py", line 88, in _update_cookies
    val = self.screen_reader.read_cookie_count()
  File "C:\Users\Laptop\OneDrive\Desktop\bot cookie clicker\screen_reader.py", line 304, in read_cookie_count
    text = self._ocr(img)
  File "C:\Users\Laptop\OneDrive\Desktop\bot cookie clicker\screen_reader.py", line 237, in _ocr
    text = pytesseract.image_to_string(
        img,
        config=f"--psm 7 {config_str}".strip()
    )
  File "C:\Users\Laptop\AppData\Local\Programs\Python\Python314\Lib\site-packages\pytesseract\pytesseract.py", line 486, in image_to_string
    return {
           ~
    ...<2 lines>...
        Output.STRING: lambda: run_and_get_output(*args),
        ~~~~~~~~~~~~~~~~~~~~~~~~~~~~~~~~~~~~~~~~~~~~~~~~~
    }[output_type]()
    ~~~~~~~~~~~~~~^^
  File "C:\Users\Laptop\AppData\Local\Programs\Python\Python314\Lib\site-packages\pytesseract\pytesseract.py", line 489, in <lambda>
    Output.STRING: lambda: run_and_get_output(*args),
                           ~~~~~~~~~~~~~~~~~~^^^^^^^
  File "C:\Users\Laptop\AppData\Local\Programs\Python\Python314\Lib\site-packages\pytesseract\pytesseract.py", line 352, in run_and_get_output
    run_tesseract(**kwargs)
    ~~~~~~~~~~~~~^^^^^^^^^^
  File "C:\Users\Laptop\AppData\Local\Programs\Python\Python314\Lib\site-packages\pytesseract\pytesseract.py", line 280, in run_tesseract
    raise TesseractNotFoundError()
pytesseract.pytesseract.TesseractNotFoundError: tesseract is not installed or it's not in your PATH. See README file for more information.
2026-02-21 20:53:53,787 [ERROR] [STATE] Errore durante update(): tesseract is not installed or it's not in your PATH. See README file for more information.
Traceback (most recent call last):
  File "C:\Users\Laptop\AppData\Local\Programs\Python\Python314\Lib\site-packages\pytesseract\pytesseract.py", line 275, in run_tesseract
    proc = subprocess.Popen(cmd_args, **subprocess_args())
  File "C:\Users\Laptop\AppData\Local\Programs\Python\Python314\Lib\subprocess.py", line 1038, in __init__
    self._execute_child(args, executable, preexec_fn, close_fds,
    ~~~~~~~~~~~~~~~~~~~^^^^^^^^^^^^^^^^^^^^^^^^^^^^^^^^^^^^^^^^^
                        pass_fds, cwd, env,
                        ^^^^^^^^^^^^^^^^^^^
    ...<5 lines>...
                        gid, gids, uid, umask,
                        ^^^^^^^^^^^^^^^^^^^^^^
                        start_new_session, process_group)
                        ^^^^^^^^^^^^^^^^^^^^^^^^^^^^^^^^^
  File "C:\Users\Laptop\AppData\Local\Programs\Python\Python314\Lib\subprocess.py", line 1552, in _execute_child
    hp, ht, pid, tid = _winapi.CreateProcess(executable, args,
                       ~~~~~~~~~~~~~~~~~~~~~^^^^^^^^^^^^^^^^^^
                             # no special security
                             ^^^^^^^^^^^^^^^^^^^^^
    ...<4 lines>...
                             cwd,
                             ^^^^
                             startupinfo)
                             ^^^^^^^^^^^^
FileNotFoundError: [WinError 2] Impossibile trovare il file specificato

During handling of the above exception, another exception occurred:

Traceback (most recent call last):
  File "C:\Users\Laptop\OneDrive\Desktop\bot cookie clicker\game_state.py", line 70, in update
    self._update_cookies()
    ~~~~~~~~~~~~~~~~~~~~^^
  File "C:\Users\Laptop\OneDrive\Desktop\bot cookie clicker\game_state.py", line 88, in _update_cookies
    val = self.screen_reader.read_cookie_count()
  File "C:\Users\Laptop\OneDrive\Desktop\bot cookie clicker\screen_reader.py", line 304, in read_cookie_count
    text = self._ocr(img)
  File "C:\Users\Laptop\OneDrive\Desktop\bot cookie clicker\screen_reader.py", line 237, in _ocr
    text = pytesseract.image_to_string(
        img,
        config=f"--psm 7 {config_str}".strip()
    )
  File "C:\Users\Laptop\AppData\Local\Programs\Python\Python314\Lib\site-packages\pytesseract\pytesseract.py", line 486, in image_to_string
    return {
           ~
    ...<2 lines>...
        Output.STRING: lambda: run_and_get_output(*args),
        ~~~~~~~~~~~~~~~~~~~~~~~~~~~~~~~~~~~~~~~~~~~~~~~~~
    }[output_type]()
    ~~~~~~~~~~~~~~^^
  File "C:\Users\Laptop\AppData\Local\Programs\Python\Python314\Lib\site-packages\pytesseract\pytesseract.py", line 489, in <lambda>
    Output.STRING: lambda: run_and_get_output(*args),
                           ~~~~~~~~~~~~~~~~~~^^^^^^^
  File "C:\Users\Laptop\AppData\Local\Programs\Python\Python314\Lib\site-packages\pytesseract\pytesseract.py", line 352, in run_and_get_output
    run_tesseract(**kwargs)
    ~~~~~~~~~~~~~^^^^^^^^^^
  File "C:\Users\Laptop\AppData\Local\Programs\Python\Python314\Lib\site-packages\pytesseract\pytesseract.py", line 280, in run_tesseract
    raise TesseractNotFoundError()
pytesseract.pytesseract.TesseractNotFoundError: tesseract is not installed or it's not in your PATH. See README file for more information.
2026-02-21 20:53:55,974 [ERROR] [STATE] Errore durante update(): tesseract is not installed or it's not in your PATH. See README file for more information.
Traceback (most recent call last):
  File "C:\Users\Laptop\AppData\Local\Programs\Python\Python314\Lib\site-packages\pytesseract\pytesseract.py", line 275, in run_tesseract
    proc = subprocess.Popen(cmd_args, **subprocess_args())
  File "C:\Users\Laptop\AppData\Local\Programs\Python\Python314\Lib\subprocess.py", line 1038, in __init__
    self._execute_child(args, executable, preexec_fn, close_fds,
    ~~~~~~~~~~~~~~~~~~~^^^^^^^^^^^^^^^^^^^^^^^^^^^^^^^^^^^^^^^^^
                        pass_fds, cwd, env,
                        ^^^^^^^^^^^^^^^^^^^
    ...<5 lines>...
                        gid, gids, uid, umask,
                        ^^^^^^^^^^^^^^^^^^^^^^
                        start_new_session, process_group)
                        ^^^^^^^^^^^^^^^^^^^^^^^^^^^^^^^^^
  File "C:\Users\Laptop\AppData\Local\Programs\Python\Python314\Lib\subprocess.py", line 1552, in _execute_child
    hp, ht, pid, tid = _winapi.CreateProcess(executable, args,
                       ~~~~~~~~~~~~~~~~~~~~~^^^^^^^^^^^^^^^^^^
                             # no special security
                             ^^^^^^^^^^^^^^^^^^^^^
    ...<4 lines>...
                             cwd,
                             ^^^^
                             startupinfo)
                             ^^^^^^^^^^^^
FileNotFoundError: [WinError 2] Impossibile trovare il file specificato

During handling of the above exception, another exception occurred:

Traceback (most recent call last):
  File "C:\Users\Laptop\OneDrive\Desktop\bot cookie clicker\game_state.py", line 70, in update
    self._update_cookies()
    ~~~~~~~~~~~~~~~~~~~~^^
  File "C:\Users\Laptop\OneDrive\Desktop\bot cookie clicker\game_state.py", line 88, in _update_cookies
    val = self.screen_reader.read_cookie_count()
  File "C:\Users\Laptop\OneDrive\Desktop\bot cookie clicker\screen_reader.py", line 304, in read_cookie_count
    text = self._ocr(img)
  File "C:\Users\Laptop\OneDrive\Desktop\bot cookie clicker\screen_reader.py", line 237, in _ocr
    text = pytesseract.image_to_string(
        img,
        config=f"--psm 7 {config_str}".strip()
    )
  File "C:\Users\Laptop\AppData\Local\Programs\Python\Python314\Lib\site-packages\pytesseract\pytesseract.py", line 486, in image_to_string
    return {
           ~
    ...<2 lines>...
        Output.STRING: lambda: run_and_get_output(*args),
        ~~~~~~~~~~~~~~~~~~~~~~~~~~~~~~~~~~~~~~~~~~~~~~~~~
    }[output_type]()
    ~~~~~~~~~~~~~~^^
  File "C:\Users\Laptop\AppData\Local\Programs\Python\Python314\Lib\site-packages\pytesseract\pytesseract.py", line 489, in <lambda>
    Output.STRING: lambda: run_and_get_output(*args),
                           ~~~~~~~~~~~~~~~~~~^^^^^^^
  File "C:\Users\Laptop\AppData\Local\Programs\Python\Python314\Lib\site-packages\pytesseract\pytesseract.py", line 352, in run_and_get_output
    run_tesseract(**kwargs)
    ~~~~~~~~~~~~~^^^^^^^^^^
  File "C:\Users\Laptop\AppData\Local\Programs\Python\Python314\Lib\site-packages\pytesseract\pytesseract.py", line 280, in run_tesseract
    raise TesseractNotFoundError()
pytesseract.pytesseract.TesseractNotFoundError: tesseract is not installed or it's not in your PATH. See README file for more information.
2026-02-21 20:53:58,080 [ERROR] [STATE] Errore durante update(): tesseract is not installed or it's not in your PATH. See README file for more information.
Traceback (most recent call last):
  File "C:\Users\Laptop\AppData\Local\Programs\Python\Python314\Lib\site-packages\pytesseract\pytesseract.py", line 275, in run_tesseract
    proc = subprocess.Popen(cmd_args, **subprocess_args())
  File "C:\Users\Laptop\AppData\Local\Programs\Python\Python314\Lib\subprocess.py", line 1038, in __init__
    self._execute_child(args, executable, preexec_fn, close_fds,
    ~~~~~~~~~~~~~~~~~~~^^^^^^^^^^^^^^^^^^^^^^^^^^^^^^^^^^^^^^^^^
                        pass_fds, cwd, env,
                        ^^^^^^^^^^^^^^^^^^^
    ...<5 lines>...
                        gid, gids, uid, umask,
                        ^^^^^^^^^^^^^^^^^^^^^^
                        start_new_session, process_group)
                        ^^^^^^^^^^^^^^^^^^^^^^^^^^^^^^^^^
  File "C:\Users\Laptop\AppData\Local\Programs\Python\Python314\Lib\subprocess.py", line 1552, in _execute_child
    hp, ht, pid, tid = _winapi.CreateProcess(executable, args,
                       ~~~~~~~~~~~~~~~~~~~~~^^^^^^^^^^^^^^^^^^
                             # no special security
                             ^^^^^^^^^^^^^^^^^^^^^
    ...<4 lines>...
                             cwd,
                             ^^^^
                             startupinfo)
                             ^^^^^^^^^^^^
FileNotFoundError: [WinError 2] Impossibile trovare il file specificato

During handling of the above exception, another exception occurred:

Traceback (most recent call last):
  File "C:\Users\Laptop\OneDrive\Desktop\bot cookie clicker\game_state.py", line 70, in update
    self._update_cookies()
    ~~~~~~~~~~~~~~~~~~~~^^
  File "C:\Users\Laptop\OneDrive\Desktop\bot cookie clicker\game_state.py", line 88, in _update_cookies
    val = self.screen_reader.read_cookie_count()
  File "C:\Users\Laptop\OneDrive\Desktop\bot cookie clicker\screen_reader.py", line 304, in read_cookie_count
    text = self._ocr(img)
  File "C:\Users\Laptop\OneDrive\Desktop\bot cookie clicker\screen_reader.py", line 237, in _ocr
    text = pytesseract.image_to_string(
        img,
        config=f"--psm 7 {config_str}".strip()
    )
  File "C:\Users\Laptop\AppData\Local\Programs\Python\Python314\Lib\site-packages\pytesseract\pytesseract.py", line 486, in image_to_string
    return {
           ~
    ...<2 lines>...
        Output.STRING: lambda: run_and_get_output(*args),
        ~~~~~~~~~~~~~~~~~~~~~~~~~~~~~~~~~~~~~~~~~~~~~~~~~
    }[output_type]()
    ~~~~~~~~~~~~~~^^
  File "C:\Users\Laptop\AppData\Local\Programs\Python\Python314\Lib\site-packages\pytesseract\pytesseract.py", line 489, in <lambda>
    Output.STRING: lambda: run_and_get_output(*args),
                           ~~~~~~~~~~~~~~~~~~^^^^^^^
  File "C:\Users\Laptop\AppData\Local\Programs\Python\Python314\Lib\site-packages\pytesseract\pytesseract.py", line 352, in run_and_get_output
    run_tesseract(**kwargs)
    ~~~~~~~~~~~~~^^^^^^^^^^
  File "C:\Users\Laptop\AppData\Local\Programs\Python\Python314\Lib\site-packages\pytesseract\pytesseract.py", line 280, in run_tesseract
    raise TesseractNotFoundError()
pytesseract.pytesseract.TesseractNotFoundError: tesseract is not installed or it's not in your PATH. See README file for more information.
2026-02-21 20:54:00,175 [ERROR] [STATE] Errore durante update(): tesseract is not installed or it's not in your PATH. See README file for more information.
Traceback (most recent call last):
  File "C:\Users\Laptop\AppData\Local\Programs\Python\Python314\Lib\site-packages\pytesseract\pytesseract.py", line 275, in run_tesseract
    proc = subprocess.Popen(cmd_args, **subprocess_args())
  File "C:\Users\Laptop\AppData\Local\Programs\Python\Python314\Lib\subprocess.py", line 1038, in __init__
    self._execute_child(args, executable, preexec_fn, close_fds,
    ~~~~~~~~~~~~~~~~~~~^^^^^^^^^^^^^^^^^^^^^^^^^^^^^^^^^^^^^^^^^
                        pass_fds, cwd, env,
                        ^^^^^^^^^^^^^^^^^^^
    ...<5 lines>...
                        gid, gids, uid, umask,
                        ^^^^^^^^^^^^^^^^^^^^^^
                        start_new_session, process_group)
                        ^^^^^^^^^^^^^^^^^^^^^^^^^^^^^^^^^
  File "C:\Users\Laptop\AppData\Local\Programs\Python\Python314\Lib\subprocess.py", line 1552, in _execute_child
    hp, ht, pid, tid = _winapi.CreateProcess(executable, args,
                       ~~~~~~~~~~~~~~~~~~~~~^^^^^^^^^^^^^^^^^^
                             # no special security
                             ^^^^^^^^^^^^^^^^^^^^^
    ...<4 lines>...
                             cwd,
                             ^^^^
                             startupinfo)
                             ^^^^^^^^^^^^
FileNotFoundError: [WinError 2] Impossibile trovare il file specificato

During handling of the above exception, another exception occurred:

Traceback (most recent call last):
  File "C:\Users\Laptop\OneDrive\Desktop\bot cookie clicker\game_state.py", line 70, in update
    self._update_cookies()
    ~~~~~~~~~~~~~~~~~~~~^^
  File "C:\Users\Laptop\OneDrive\Desktop\bot cookie clicker\game_state.py", line 88, in _update_cookies
    val = self.screen_reader.read_cookie_count()
  File "C:\Users\Laptop\OneDrive\Desktop\bot cookie clicker\screen_reader.py", line 304, in read_cookie_count
    text = self._ocr(img)
  File "C:\Users\Laptop\OneDrive\Desktop\bot cookie clicker\screen_reader.py", line 237, in _ocr
    text = pytesseract.image_to_string(
        img,
        config=f"--psm 7 {config_str}".strip()
    )
  File "C:\Users\Laptop\AppData\Local\Programs\Python\Python314\Lib\site-packages\pytesseract\pytesseract.py", line 486, in image_to_string
    return {
           ~
    ...<2 lines>...
        Output.STRING: lambda: run_and_get_output(*args),
        ~~~~~~~~~~~~~~~~~~~~~~~~~~~~~~~~~~~~~~~~~~~~~~~~~
    }[output_type]()
    ~~~~~~~~~~~~~~^^
  File "C:\Users\Laptop\AppData\Local\Programs\Python\Python314\Lib\site-packages\pytesseract\pytesseract.py", line 489, in <lambda>
    Output.STRING: lambda: run_and_get_output(*args),
                           ~~~~~~~~~~~~~~~~~~^^^^^^^
  File "C:\Users\Laptop\AppData\Local\Programs\Python\Python314\Lib\site-packages\pytesseract\pytesseract.py", line 352, in run_and_get_output
    run_tesseract(**kwargs)
    ~~~~~~~~~~~~~^^^^^^^^^^
  File "C:\Users\Laptop\AppData\Local\Programs\Python\Python314\Lib\site-packages\pytesseract\pytesseract.py", line 280, in run_tesseract
    raise TesseractNotFoundError()
pytesseract.pytesseract.TesseractNotFoundError: tesseract is not installed or it's not in your PATH. See README file for more information.
2026-02-21 20:54:02,284 [ERROR] [STATE] Errore durante update(): tesseract is not installed or it's not in your PATH. See README file for more information.
Traceback (most recent call last):
  File "C:\Users\Laptop\AppData\Local\Programs\Python\Python314\Lib\site-packages\pytesseract\pytesseract.py", line 275, in run_tesseract
    proc = subprocess.Popen(cmd_args, **subprocess_args())
  File "C:\Users\Laptop\AppData\Local\Programs\Python\Python314\Lib\subprocess.py", line 1038, in __init__
    self._execute_child(args, executable, preexec_fn, close_fds,
    ~~~~~~~~~~~~~~~~~~~^^^^^^^^^^^^^^^^^^^^^^^^^^^^^^^^^^^^^^^^^
                        pass_fds, cwd, env,
                        ^^^^^^^^^^^^^^^^^^^
    ...<5 lines>...
                        gid, gids, uid, umask,
                        ^^^^^^^^^^^^^^^^^^^^^^
                        start_new_session, process_group)
                        ^^^^^^^^^^^^^^^^^^^^^^^^^^^^^^^^^
  File "C:\Users\Laptop\AppData\Local\Programs\Python\Python314\Lib\subprocess.py", line 1552, in _execute_child
    hp, ht, pid, tid = _winapi.CreateProcess(executable, args,
                       ~~~~~~~~~~~~~~~~~~~~~^^^^^^^^^^^^^^^^^^
                             # no special security
                             ^^^^^^^^^^^^^^^^^^^^^
    ...<4 lines>...
                             cwd,
                             ^^^^
                             startupinfo)
                             ^^^^^^^^^^^^
FileNotFoundError: [WinError 2] Impossibile trovare il file specificato

During handling of the above exception, another exception occurred:

Traceback (most recent call last):
  File "C:\Users\Laptop\OneDrive\Desktop\bot cookie clicker\game_state.py", line 70, in update
    self._update_cookies()
    ~~~~~~~~~~~~~~~~~~~~^^
  File "C:\Users\Laptop\OneDrive\Desktop\bot cookie clicker\game_state.py", line 88, in _update_cookies
    val = self.screen_reader.read_cookie_count()
  File "C:\Users\Laptop\OneDrive\Desktop\bot cookie clicker\screen_reader.py", line 304, in read_cookie_count
    text = self._ocr(img)
  File "C:\Users\Laptop\OneDrive\Desktop\bot cookie clicker\screen_reader.py", line 237, in _ocr
    text = pytesseract.image_to_string(
        img,
        config=f"--psm 7 {config_str}".strip()
    )
  File "C:\Users\Laptop\AppData\Local\Programs\Python\Python314\Lib\site-packages\pytesseract\pytesseract.py", line 486, in image_to_string
    return {
           ~
    ...<2 lines>...
        Output.STRING: lambda: run_and_get_output(*args),
        ~~~~~~~~~~~~~~~~~~~~~~~~~~~~~~~~~~~~~~~~~~~~~~~~~
    }[output_type]()
    ~~~~~~~~~~~~~~^^
  File "C:\Users\Laptop\AppData\Local\Programs\Python\Python314\Lib\site-packages\pytesseract\pytesseract.py", line 489, in <lambda>
    Output.STRING: lambda: run_and_get_output(*args),
                           ~~~~~~~~~~~~~~~~~~^^^^^^^
  File "C:\Users\Laptop\AppData\Local\Programs\Python\Python314\Lib\site-packages\pytesseract\pytesseract.py", line 352, in run_and_get_output
    run_tesseract(**kwargs)
    ~~~~~~~~~~~~~^^^^^^^^^^
  File "C:\Users\Laptop\AppData\Local\Programs\Python\Python314\Lib\site-packages\pytesseract\pytesseract.py", line 280, in run_tesseract
    raise TesseractNotFoundError()
pytesseract.pytesseract.TesseractNotFoundError: tesseract is not installed or it's not in your PATH. See README file for more information.
2026-02-21 20:54:04,351 [ERROR] [STATE] Errore durante update(): tesseract is not installed or it's not in your PATH. See README file for more information.
Traceback (most recent call last):
  File "C:\Users\Laptop\AppData\Local\Programs\Python\Python314\Lib\site-packages\pytesseract\pytesseract.py", line 275, in run_tesseract
    proc = subprocess.Popen(cmd_args, **subprocess_args())
  File "C:\Users\Laptop\AppData\Local\Programs\Python\Python314\Lib\subprocess.py", line 1038, in __init__
    self._execute_child(args, executable, preexec_fn, close_fds,
    ~~~~~~~~~~~~~~~~~~~^^^^^^^^^^^^^^^^^^^^^^^^^^^^^^^^^^^^^^^^^
                        pass_fds, cwd, env,
                        ^^^^^^^^^^^^^^^^^^^
    ...<5 lines>...
                        gid, gids, uid, umask,
                        ^^^^^^^^^^^^^^^^^^^^^^
                        start_new_session, process_group)
                        ^^^^^^^^^^^^^^^^^^^^^^^^^^^^^^^^^
  File "C:\Users\Laptop\AppData\Local\Programs\Python\Python314\Lib\subprocess.py", line 1552, in _execute_child
    hp, ht, pid, tid = _winapi.CreateProcess(executable, args,
                       ~~~~~~~~~~~~~~~~~~~~~^^^^^^^^^^^^^^^^^^
                             # no special security
                             ^^^^^^^^^^^^^^^^^^^^^
    ...<4 lines>...
                             cwd,
                             ^^^^
                             startupinfo)
                             ^^^^^^^^^^^^
FileNotFoundError: [WinError 2] Impossibile trovare il file specificato

During handling of the above exception, another exception occurred:

Traceback (most recent call last):
  File "C:\Users\Laptop\OneDrive\Desktop\bot cookie clicker\game_state.py", line 70, in update
    self._update_cookies()
    ~~~~~~~~~~~~~~~~~~~~^^
  File "C:\Users\Laptop\OneDrive\Desktop\bot cookie clicker\game_state.py", line 88, in _update_cookies
    val = self.screen_reader.read_cookie_count()
  File "C:\Users\Laptop\OneDrive\Desktop\bot cookie clicker\screen_reader.py", line 304, in read_cookie_count
    text = self._ocr(img)
  File "C:\Users\Laptop\OneDrive\Desktop\bot cookie clicker\screen_reader.py", line 237, in _ocr
    text = pytesseract.image_to_string(
        img,
        config=f"--psm 7 {config_str}".strip()
    )
  File "C:\Users\Laptop\AppData\Local\Programs\Python\Python314\Lib\site-packages\pytesseract\pytesseract.py", line 486, in image_to_string
    return {
           ~
    ...<2 lines>...
        Output.STRING: lambda: run_and_get_output(*args),
        ~~~~~~~~~~~~~~~~~~~~~~~~~~~~~~~~~~~~~~~~~~~~~~~~~
    }[output_type]()
    ~~~~~~~~~~~~~~^^
  File "C:\Users\Laptop\AppData\Local\Programs\Python\Python314\Lib\site-packages\pytesseract\pytesseract.py", line 489, in <lambda>
    Output.STRING: lambda: run_and_get_output(*args),
                           ~~~~~~~~~~~~~~~~~~^^^^^^^
  File "C:\Users\Laptop\AppData\Local\Programs\Python\Python314\Lib\site-packages\pytesseract\pytesseract.py", line 352, in run_and_get_output
    run_tesseract(**kwargs)
    ~~~~~~~~~~~~~^^^^^^^^^^
  File "C:\Users\Laptop\AppData\Local\Programs\Python\Python314\Lib\site-packages\pytesseract\pytesseract.py", line 280, in run_tesseract
    raise TesseractNotFoundError()
pytesseract.pytesseract.TesseractNotFoundError: tesseract is not installed or it's not in your PATH. See README file for more information.
2026-02-21 20:54:06,436 [ERROR] [STATE] Errore durante update(): tesseract is not installed or it's not in your PATH. See README file for more information.
Traceback (most recent call last):
  File "C:\Users\Laptop\AppData\Local\Programs\Python\Python314\Lib\site-packages\pytesseract\pytesseract.py", line 275, in run_tesseract
    proc = subprocess.Popen(cmd_args, **subprocess_args())
  File "C:\Users\Laptop\AppData\Local\Programs\Python\Python314\Lib\subprocess.py", line 1038, in __init__
    self._execute_child(args, executable, preexec_fn, close_fds,
    ~~~~~~~~~~~~~~~~~~~^^^^^^^^^^^^^^^^^^^^^^^^^^^^^^^^^^^^^^^^^
                        pass_fds, cwd, env,
                        ^^^^^^^^^^^^^^^^^^^
    ...<5 lines>...
                        gid, gids, uid, umask,
                        ^^^^^^^^^^^^^^^^^^^^^^
                        start_new_session, process_group)
                        ^^^^^^^^^^^^^^^^^^^^^^^^^^^^^^^^^
  File "C:\Users\Laptop\AppData\Local\Programs\Python\Python314\Lib\subprocess.py", line 1552, in _execute_child
    hp, ht, pid, tid = _winapi.CreateProcess(executable, args,
                       ~~~~~~~~~~~~~~~~~~~~~^^^^^^^^^^^^^^^^^^
                             # no special security
                             ^^^^^^^^^^^^^^^^^^^^^
    ...<4 lines>...
                             cwd,
                             ^^^^
                             startupinfo)
                             ^^^^^^^^^^^^
FileNotFoundError: [WinError 2] Impossibile trovare il file specificato

During handling of the above exception, another exception occurred:

Traceback (most recent call last):
  File "C:\Users\Laptop\OneDrive\Desktop\bot cookie clicker\game_state.py", line 70, in update
    self._update_cookies()
    ~~~~~~~~~~~~~~~~~~~~^^
  File "C:\Users\Laptop\OneDrive\Desktop\bot cookie clicker\game_state.py", line 88, in _update_cookies
    val = self.screen_reader.read_cookie_count()
  File "C:\Users\Laptop\OneDrive\Desktop\bot cookie clicker\screen_reader.py", line 304, in read_cookie_count
    text = self._ocr(img)
  File "C:\Users\Laptop\OneDrive\Desktop\bot cookie clicker\screen_reader.py", line 237, in _ocr
    text = pytesseract.image_to_string(
        img,
        config=f"--psm 7 {config_str}".strip()
    )
  File "C:\Users\Laptop\AppData\Local\Programs\Python\Python314\Lib\site-packages\pytesseract\pytesseract.py", line 486, in image_to_string
    return {
           ~
    ...<2 lines>...
        Output.STRING: lambda: run_and_get_output(*args),
        ~~~~~~~~~~~~~~~~~~~~~~~~~~~~~~~~~~~~~~~~~~~~~~~~~
    }[output_type]()
    ~~~~~~~~~~~~~~^^
  File "C:\Users\Laptop\AppData\Local\Programs\Python\Python314\Lib\site-packages\pytesseract\pytesseract.py", line 489, in <lambda>
    Output.STRING: lambda: run_and_get_output(*args),
                           ~~~~~~~~~~~~~~~~~~^^^^^^^
  File "C:\Users\Laptop\AppData\Local\Programs\Python\Python314\Lib\site-packages\pytesseract\pytesseract.py", line 352, in run_and_get_output
    run_tesseract(**kwargs)
    ~~~~~~~~~~~~~^^^^^^^^^^
  File "C:\Users\Laptop\AppData\Local\Programs\Python\Python314\Lib\site-packages\pytesseract\pytesseract.py", line 280, in run_tesseract
    raise TesseractNotFoundError()
pytesseract.pytesseract.TesseractNotFoundError: tesseract is not installed or it's not in your PATH. See README file for more information.
